Log file open, 01/27/18 20:06:19
LogWindows: Failed to load 'aqProf.dll' (GetLastError=126)
LogWindows: File 'aqProf.dll' does not exist
LogWindows: Failed to load 'VSPerf140.dll' (GetLastError=126)
LogWindows: File 'VSPerf140.dll' does not exist
LogWindows: Failed to load 'VtuneApi.dll' (GetLastError=126)
LogWindows: File 'VtuneApi.dll' does not exist
LogWindows: Failed to load 'VtuneApi32e.dll' (GetLastError=126)
LogWindows: File 'VtuneApi32e.dll' does not exist
LogInit: Display: Running engine for game: BreakingNews
LogPlatformFile: Not using cached read wrapper
LogInit: Display: RandInit(827511606) SRandInit(827511606).
LogInit: Read version file with build ID '3709383'
LogInit: Overriding engine version to CL 3832480, compatible CL 3709383
LogInit: Registered custom module enumerator with build ID '3709383'
LogTaskGraph: Started task graph with 5 named threads and 14 total threads with 3 sets of task threads.
LogStats: Stats thread started at 0.173694
LogD3D11RHI: Aftermath initialized
LogModuleManager: Display: Found up-to-date module file ../../../Engine/Plugins/Marketplace/BlueManVehiclePhysics/Binaries/Win64/UE4Editor-BlueManVehiclePhysics.dll (API version 3709383).
LogModuleManager: Display: Found up-to-date module file ../../../Engine/Plugins/2D/Paper2D/Binaries/Win64/UE4Editor-Paper2D.dll (API version 3709383).
LogModuleManager: Display: Found up-to-date module file ../../../Engine/Plugins/2D/Paper2D/Binaries/Win64/UE4Editor-Paper2DEditor.dll (API version 3709383).
LogModuleManager: Display: Found up-to-date module file ../../../Engine/Plugins/2D/Paper2D/Binaries/Win64/UE4Editor-PaperSpriteSheetImporter.dll (API version 3709383).
LogModuleManager: Display: Found up-to-date module file ../../../Engine/Plugins/2D/Paper2D/Binaries/Win64/UE4Editor-PaperTiledImporter.dll (API version 3709383).
LogModuleManager: Display: Found up-to-date module file ../../../Engine/Plugins/2D/Paper2D/Binaries/Win64/UE4Editor-SmartSnapping.dll (API version 3709383).
LogModuleManager: Display: Found up-to-date module file ../../../Engine/Plugins/Blendables/LightPropagationVolume/Binaries/Win64/UE4Editor-LightPropagationVolumeRuntime.dll (API version 3709383).
LogModuleManager: Display: Found up-to-date module file ../../../Engine/Plugins/Blendables/LightPropagationVolume/Binaries/Win64/UE4Editor-LightPropagationVolumeEditor.dll (API version 3709383).
LogModuleManager: Display: Found up-to-date module file ../../../Engine/Plugins/Developer/GitSourceControl/Binaries/Win64/UE4Editor-GitSourceControl.dll (API version 3709383).
LogModuleManager: Display: Found up-to-date module file ../../../Engine/Plugins/Developer/PerforceSourceControl/Binaries/Win64/UE4Editor-PerforceSourceControl.dll (API version 3709383).
LogModuleManager: Display: Found up-to-date module file ../../../Engine/Plugins/Developer/SubversionSourceControl/Binaries/Win64/UE4Editor-SubversionSourceControl.dll (API version 3709383).
LogModuleManager: Display: Found up-to-date module file ../../../Engine/Plugins/Developer/UObjectPlugin/Binaries/Win64/UE4Editor-UObjectPlugin.dll (API version 3709383).
LogModuleManager: Display: Found up-to-date module file ../../../Engine/Plugins/Developer/VisualStudioCodeSourceCodeAccess/Binaries/Win64/UE4Editor-VisualStudioCodeSourceCodeAccess.dll (API version 3709383).
LogModuleManager: Display: Found up-to-date module file ../../../Engine/Plugins/Developer/VisualStudioSourceCodeAccess/Binaries/Win64/UE4Editor-VisualStudioSourceCodeAccess.dll (API version 3709383).
LogModuleManager: Display: Found up-to-date module file ../../../Engine/Plugins/Editor/AssetManagerEditor/Binaries/Win64/UE4Editor-AssetManagerEditor.dll (API version 3709383).
LogModuleManager: Display: Found up-to-date module file ../../../Engine/Plugins/Editor/AudioCapture/Binaries/Win64/UE4Editor-AudioCapture.dll (API version 3709383).
LogModuleManager: Display: Found up-to-date module file ../../../Engine/Plugins/Editor/FacialAnimation/Binaries/Win64/UE4Editor-FacialAnimation.dll (API version 3709383).
LogModuleManager: Display: Found up-to-date module file ../../../Engine/Plugins/Editor/FacialAnimation/Binaries/Win64/UE4Editor-FacialAnimationEditor.dll (API version 3709383).
LogModuleManager: Display: Found up-to-date module file ../../../Engine/Plugins/Editor/GameplayTagsEditor/Binaries/Win64/UE4Editor-GameplayTagsEditor.dll (API version 3709383).
LogModuleManager: Display: Found up-to-date module file ../../../Engine/Plugins/Editor/MobileLauncherProfileWizard/Binaries/Win64/UE4Editor-MobileLauncherProfileWizard.dll (API version 3709383).
LogModuleManager: Display: Found up-to-date module file ../../../Engine/Plugins/Editor/PluginBrowser/Binaries/Win64/UE4Editor-PluginBrowser.dll (API version 3709383).
LogModuleManager: Display: Found up-to-date module file ../../../Engine/Plugins/Editor/SpeedTreeImporter/Binaries/Win64/UE4Editor-SpeedTreeImporter.dll (API version 3709383).
LogModuleManager: Display: Found up-to-date module file ../../../Engine/Plugins/Experimental/AlembicImporter/Binaries/Win64/UE4Editor-AlembicImporter.dll (API version 3709383).
LogModuleManager: Display: Found up-to-date module file ../../../Engine/Plugins/Experimental/AlembicImporter/Binaries/Win64/UE4Editor-AlembicLibrary.dll (API version 3709383).
LogModuleManager: Display: Found up-to-date module file ../../../Engine/Plugins/Experimental/CharacterAI/Binaries/Win64/UE4Editor-CharacterAI.dll (API version 3709383).
LogModuleManager: Display: Found up-to-date module file ../../../Engine/Plugins/Experimental/HTML5Networking/Binaries/Win64/UE4Editor-HTML5Networking.dll (API version 3709383).
LogModuleManager: Display: Found up-to-date module file ../../../Engine/Plugins/Media/AndroidMedia/Binaries/Win64/UE4Editor-AndroidMediaEditor.dll (API version 3709383).
LogModuleManager: Display: Found up-to-date module file ../../../Engine/Plugins/Media/AndroidMedia/Binaries/Win64/UE4Editor-AndroidMediaFactory.dll (API version 3709383).
LogModuleManager: Display: Found up-to-date module file ../../../Engine/Plugins/Media/AvfMedia/Binaries/Win64/UE4Editor-AvfMediaEditor.dll (API version 3709383).
LogModuleManager: Display: Found up-to-date module file ../../../Engine/Plugins/Media/AvfMedia/Binaries/Win64/UE4Editor-AvfMediaFactory.dll (API version 3709383).
LogModuleManager: Display: Found up-to-date module file ../../../Engine/Plugins/Media/AvfMedia/Binaries/Win64/UE4Editor-AvfMediaFactory.dll (API version 3709383).
LogModuleManager: Display: Found up-to-date module file ../../../Engine/Plugins/Media/ImgMedia/Binaries/Win64/UE4Editor-ImgMedia.dll (API version 3709383).
LogModuleManager: Display: Found up-to-date module file ../../../Engine/Plugins/Media/ImgMedia/Binaries/Win64/UE4Editor-ImgMediaEditor.dll (API version 3709383).
LogModuleManager: Display: Found up-to-date module file ../../../Engine/Plugins/Media/ImgMedia/Binaries/Win64/UE4Editor-ImgMediaFactory.dll (API version 3709383).
LogModuleManager: Display: Found up-to-date module file ../../../Engine/Plugins/Media/ImgMedia/Binaries/Win64/UE4Editor-ImgMediaFactory.dll (API version 3709383).
LogModuleManager: Display: Found up-to-date module file ../../../Engine/Plugins/Media/ImgMedia/Binaries/Win64/UE4Editor-OpenExrWrapper.dll (API version 3709383).
LogModuleManager: Display: Found up-to-date module file ../../../Engine/Plugins/Media/MediaCompositing/Binaries/Win64/UE4Editor-MediaCompositing.dll (API version 3709383).
LogModuleManager: Display: Found up-to-date module file ../../../Engine/Plugins/Media/MediaCompositing/Binaries/Win64/UE4Editor-MediaCompositingEditor.dll (API version 3709383).
LogModuleManager: Display: Found up-to-date module file ../../../Engine/Plugins/Media/MediaPlayerEditor/Binaries/Win64/UE4Editor-MediaPlayerEditor.dll (API version 3709383).
LogModuleManager: Display: Found up-to-date module file ../../../Engine/Plugins/Media/WmfMedia/Binaries/Win64/UE4Editor-WmfMedia.dll (API version 3709383).
LogModuleManager: Display: Found up-to-date module file ../../../Engine/Plugins/Media/WmfMedia/Binaries/Win64/UE4Editor-WmfMediaEditor.dll (API version 3709383).
LogModuleManager: Display: Found up-to-date module file ../../../Engine/Plugins/Media/WmfMedia/Binaries/Win64/UE4Editor-WmfMediaFactory.dll (API version 3709383).
LogModuleManager: Display: Found up-to-date module file ../../../Engine/Plugins/Media/WmfMedia/Binaries/Win64/UE4Editor-WmfMediaFactory.dll (API version 3709383).
LogModuleManager: Display: Found up-to-date module file ../../../Engine/Plugins/Messaging/TcpMessaging/Binaries/Win64/UE4Editor-TcpMessaging.dll (API version 3709383).
LogModuleManager: Display: Found up-to-date module file ../../../Engine/Plugins/Messaging/UdpMessaging/Binaries/Win64/UE4Editor-UdpMessaging.dll (API version 3709383).
LogModuleManager: Display: Found up-to-date module file ../../../Engine/Plugins/MovieScene/ActorSequence/Binaries/Win64/UE4Editor-ActorSequence.dll (API version 3709383).
LogModuleManager: Display: Found up-to-date module file ../../../Engine/Plugins/MovieScene/LevelSequenceEditor/Binaries/Win64/UE4Editor-LevelSequenceEditor.dll (API version 3709383).
LogModuleManager: Display: Found up-to-date module file ../../../Engine/Plugins/MovieScene/MatineeToLevelSequence/Binaries/Win64/UE4Editor-MatineeToLevelSequence.dll (API version 3709383).
LogModuleManager: Display: Found up-to-date module file ../../../Engine/Plugins/Online/OnlineSubsystem/Binaries/Win64/UE4Editor-OnlineSubsystem.dll (API version 3709383).
LogModuleManager: Display: Found up-to-date module file ../../../Engine/Plugins/Runtime/AndroidPermission/Binaries/Win64/UE4Editor-AndroidPermission.dll (API version 3709383).
LogModuleManager: Display: Found up-to-date module file ../../../Engine/Plugins/Online/OnlineSubsystemNull/Binaries/Win64/UE4Editor-OnlineSubsystemNull.dll (API version 3709383).
LogModuleManager: Display: Found up-to-date module file ../../../Engine/Plugins/Online/OnlineSubsystemUtils/Binaries/Win64/UE4Editor-OnlineSubsystemUtils.dll (API version 3709383).
LogModuleManager: Display: Found up-to-date module file ../../../Engine/Plugins/Online/OnlineSubsystemUtils/Binaries/Win64/UE4Editor-OnlineBlueprintSupport.dll (API version 3709383).
LogModuleManager: Display: Found up-to-date module file ../../../Engine/Plugins/Runtime/AndroidDeviceProfileSelector/Binaries/Win64/UE4Editor-AndroidDeviceProfileSelector.dll (API version 3709383).
LogModuleManager: Display: Found up-to-date module file ../../../Engine/Plugins/Runtime/AppleARKit/Binaries/Win64/UE4Editor-AppleARKit.dll (API version 3709383).
LogModuleManager: Display: Found up-to-date module file ../../../Engine/Plugins/Runtime/ArchVisCharacter/Binaries/Win64/UE4Editor-ArchVisCharacter.dll (API version 3709383).
LogModuleManager: Display: Found up-to-date module file ../../../Engine/Plugins/Runtime/CableComponent/Binaries/Win64/UE4Editor-CableComponent.dll (API version 3709383).
LogModuleManager: Display: Found up-to-date module file ../../../Engine/Plugins/Runtime/CustomMeshComponent/Binaries/Win64/UE4Editor-CustomMeshComponent.dll (API version 3709383).
LogModuleManager: Display: Found up-to-date module file ../../../Engine/Plugins/Runtime/ExampleDeviceProfileSelector/Binaries/Win64/UE4Editor-ExampleDeviceProfileSelector.dll (API version 3709383).
LogModuleManager: Display: Found up-to-date module file ../../../Engine/Plugins/Runtime/ImmediatePhysics/Binaries/Win64/UE4Editor-ImmediatePhysics.dll (API version 3709383).
LogModuleManager: Display: Found up-to-date module file ../../../Engine/Plugins/Runtime/ImmediatePhysics/Binaries/Win64/UE4Editor-ImmediatePhysicsEditor.dll (API version 3709383).
LogModuleManager: Display: Found up-to-date module file ../../../Engine/Plugins/Runtime/LocationServicesBPLibrary/Binaries/Win64/UE4Editor-LocationServicesBPLibrary.dll (API version 3709383).
LogModuleManager: Display: Found up-to-date module file ../../../Engine/Plugins/Runtime/MobilePatchingUtils/Binaries/Win64/UE4Editor-MobilePatchingUtils.dll (API version 3709383).
LogModuleManager: Display: Found up-to-date module file ../../../Engine/Plugins/Runtime/PhysXVehicles/Binaries/Win64/UE4Editor-PhysXVehicles.dll (API version 3709383).
LogModuleManager: Display: Found up-to-date module file ../../../Engine/Plugins/Runtime/PhysXVehicles/Binaries/Win64/UE4Editor-PhysXVehiclesEditor.dll (API version 3709383).
LogModuleManager: Display: Found up-to-date module file ../../../Engine/Plugins/Runtime/ProceduralMeshComponent/Binaries/Win64/UE4Editor-ProceduralMeshComponent.dll (API version 3709383).
LogModuleManager: Display: Found up-to-date module file ../../../Engine/Plugins/Runtime/ProceduralMeshComponent/Binaries/Win64/UE4Editor-ProceduralMeshComponentEditor.dll (API version 3709383).
LogModuleManager: Display: Found up-to-date module file ../../../Engine/Plugins/Runtime/RuntimePhysXCooking/Binaries/Win64/UE4Editor-RuntimePhysXCooking.dll (API version 3709383).
LogModuleManager: Display: Found up-to-date module file ../../../Engine/Plugins/Runtime/WindowsMoviePlayer/Binaries/Win64/UE4Editor-WindowsMoviePlayer.dll (API version 3709383).
LogPluginManager: Mounting plugin Paper2D
LogPluginManager: Mounting plugin LightPropagationVolume
LogPluginManager: Mounting plugin CodeLiteSourceCodeAccess
LogPluginManager: Mounting plugin GitSourceControl
LogPluginManager: Mounting plugin KDevelopSourceCodeAccess
LogPluginManager: Mounting plugin NullSourceCodeAccess
LogPluginManager: Mounting plugin PerforceSourceControl
LogPluginManager: Mounting plugin SubversionSourceControl
LogPluginManager: Mounting plugin UObjectPlugin
LogPluginManager: Mounting plugin VisualStudioCodeSourceCodeAccess
LogPluginManager: Mounting plugin VisualStudioSourceCodeAccess
LogPluginManager: Mounting plugin XCodeSourceCodeAccess
LogPluginManager: Mounting plugin AssetManagerEditor
LogPluginManager: Mounting plugin AudioCapture
LogPluginManager: Mounting plugin FacialAnimation
LogPluginManager: Mounting plugin GameplayTagsEditor
LogPluginManager: Mounting plugin MobileLauncherProfileWizard
LogPluginManager: Mounting plugin PluginBrowser
LogPluginManager: Mounting plugin SpeedTreeImporter
LogPluginManager: Mounting plugin AlembicImporter
LogPluginManager: Mounting plugin CharacterAI
LogPluginManager: Mounting plugin HTML5Networking
LogPluginManager: Mounting plugin BlueManVehiclePhysics
LogPluginManager: Mounting plugin AndroidMedia
LogPluginManager: Mounting plugin AvfMedia
LogPluginManager: Mounting plugin ImgMedia
LogPluginManager: Mounting plugin MediaCompositing
LogPluginManager: Mounting plugin MediaPlayerEditor
LogPluginManager: Mounting plugin WmfMedia
LogPluginManager: Mounting plugin TcpMessaging
LogPluginManager: Mounting plugin UdpMessaging
LogPluginManager: Mounting plugin ActorSequence
LogPluginManager: Mounting plugin LevelSequenceEditor
LogPluginManager: Mounting plugin MatineeToLevelSequence
LogPluginManager: Mounting plugin OnlineSubsystemGooglePlay
LogPluginManager: Mounting plugin OnlineSubsystemIOS
LogPluginManager: Mounting plugin OnlineSubsystem
LogPluginManager: Mounting plugin OnlineSubsystemNull
LogPluginManager: Mounting plugin OnlineSubsystemUtils
LogPluginManager: Mounting plugin AndroidDeviceProfileSelector
LogPluginManager: Mounting plugin AndroidMoviePlayer
LogPluginManager: Mounting plugin AndroidPermission
LogPluginManager: Mounting plugin AppleARKit
LogPluginManager: Mounting plugin AppleMoviePlayer
LogPluginManager: Mounting plugin ArchVisCharacter
LogPluginManager: Mounting plugin CableComponent
LogPluginManager: Mounting plugin CustomMeshComponent
LogPluginManager: Mounting plugin ExampleDeviceProfileSelector
LogPluginManager: Mounting plugin GoogleCloudMessaging
LogPluginManager: Mounting plugin ImmediatePhysics
LogPluginManager: Mounting plugin IOSDeviceProfileSelector
LogPluginManager: Mounting plugin LinuxDeviceProfileSelector
LogPluginManager: Mounting plugin LocationServicesBPLibrary
LogPluginManager: Mounting plugin MobilePatchingUtils
LogPluginManager: Mounting plugin PhysXVehicles
LogPluginManager: Mounting plugin ProceduralMeshComponent
LogPluginManager: Mounting plugin RuntimePhysXCooking
LogPluginManager: Mounting plugin WindowsMoviePlayer
LogInit: Using libcurl 7.47.1
LogInit:  - built for x86_64-pc-win32
LogInit:  - supports SSL with OpenSSL/1.0.2g
LogInit:  - supports HTTP deflate (compression) using libz 1.2.8
LogInit:  - other features:
LogInit:      CURL_VERSION_SSL
LogInit:      CURL_VERSION_LIBZ
LogInit:      CURL_VERSION_IPV6
LogInit:      CURL_VERSION_ASYNCHDNS
LogInit:      CURL_VERSION_LARGEFILE
LogInit:      CURL_VERSION_IDN
LogInit:  CurlRequestOptions (configurable via config and command line):
LogInit:  - bVerifyPeer = false  - Libcurl will NOT verify peer certificate
LogInit:  - bUseHttpProxy = false  - Libcurl will NOT use HTTP proxy
LogInit:  - bDontReuseConnections = false  - Libcurl will reuse connections
LogInit:  - CertBundlePath = nullptr  - Libcurl will use whatever was configured at build time.
LogInit: Build: ++UE4+Release-4.18-CL-3832480
LogInit: Engine Version: 4.18.3-3832480+++UE4+Release-4.18
LogInit: Compatible Engine Version: 4.18.0-3709383+++UE4+Release-4.18
LogInit: Net CL: 3709383
LogDevObjectVersion: Number of dev versions registered: 16
LogDevObjectVersion:   Dev-Blueprints (B0D832E4-1F89-4F0D-ACCF-7EB736FD4AA2): 10
LogDevObjectVersion:   Dev-Build (E1C64328-A22C-4D53-A36C-8E866417BD8C): 0
LogDevObjectVersion:   Dev-Core (375EC13C-06E4-48FB-B500-84F0262A717E): 2
LogDevObjectVersion:   Dev-Editor (E4B068ED-F494-42E9-A231-DA0B2E46BB41): 20
LogDevObjectVersion:   Dev-Framework (CFFC743F-43B0-4480-9391-14DF171D2073): 30
LogDevObjectVersion:   Dev-Mobile (B02B49B5-BB20-44E9-A304-32B752E40360): 0
LogDevObjectVersion:   Dev-Networking (A4E4105C-59A1-49B5-A7C5-40C4547EDFEE): 0
LogDevObjectVersion:   Dev-Online (39C831C9-5AE6-47DC-9A44-9C173E1C8E7C): 0
LogDevObjectVersion:   Dev-Physics (78F01B33-EBEA-4F98-B9B4-84EACCB95AA2): 0
LogDevObjectVersion:   Dev-Platform (6631380F-2D4D-43E0-8009-CF276956A95A): 0
LogDevObjectVersion:   Dev-Rendering (12F88B9F-8875-4AFC-A67C-D90C383ABD29): 20
LogDevObjectVersion:   Dev-Sequencer (7B5AE74C-D270-4C10-A958-57980B212A5A): 4
LogDevObjectVersion:   Dev-VR (D7296918-1DD6-4BDD-9DE2-64A83CC13884): 0
LogDevObjectVersion:   Dev-LoadTimes (C2A15278-BFE7-4AFE-6C17-90FF531DF755): 1
LogDevObjectVersion:   Private-Geometry (6EACA3D4-40EC-4CC1-B786-8BED09428FC5): 1
LogDevObjectVersion:   Dev-AnimPhys (29E575DD-E0A3-4627-9D10-D276232CDCEA): 12
LogInit: Compiled (64-bit): Jan 12 2018 02:04:55
LogInit: Compiled with Visual C++: 19.00.24215.01
LogInit: Build Configuration: Development
LogInit: Branch Name: ++UE4+Release-4.18
LogInit: Command line: -EpicPortal
LogInit: Base directory: C:/Program Files/Epic Games/UE_4.18/Engine/Binaries/Win64/
LogInit: Installed Engine Build: 1
LogInit: Presizing for max 8388607 objects, including 0 objects not considered by GC, pre-allocating 0 bytes for permanent pool.
LogInit: Object subsystem initialized
[2018.01.27-20.06.21:114][  0]LogInit: Selected Device Profile: [Windows]
[2018.01.27-20.06.21:114][  0]LogInit: Applying CVar settings loaded from the selected device profile: [Windows]
[2018.01.27-20.06.21:127][  0]LogInit: Computer: DESKTOP-5KF05JH
[2018.01.27-20.06.21:127][  0]LogInit: User: UKGC
[2018.01.27-20.06.21:127][  0]LogInit: CPU Page size=4096, Cores=4
[2018.01.27-20.06.21:127][  0]LogInit: High frequency timer resolution =2.929689 MHz
[2018.01.27-20.06.21:127][  0]LogMemory: Memory total: Physical=15.9GB (16GB approx)
[2018.01.27-20.06.21:127][  0]LogMemory: Platform Memory Stats for Windows
[2018.01.27-20.06.21:127][  0]LogMemory: Process Physical Memory: 271.85 MB used, 271.85 MB peak
[2018.01.27-20.06.21:127][  0]LogMemory: Process Virtual Memory: 271.48 MB used, 271.48 MB peak
[2018.01.27-20.06.21:127][  0]LogMemory: Physical Memory: 8201.22 MB used,  8126.18 MB free, 16327.40 MB total
[2018.01.27-20.06.21:127][  0]LogMemory: Virtual Memory: 641.89 MB used,  8126.18 MB free, 134217728.00 MB total
[2018.01.27-20.06.21:312][  0]LogInit: Using OS detected language (en-GB).
[2018.01.27-20.06.21:312][  0]LogInit: Using OS detected locale (en-GB).
[2018.01.27-20.06.21:315][  0]LogTextLocalizationManager: No specific localization for 'en-GB' exists, so the 'en' localization will be used.
[2018.01.27-20.06.21:724][  0]LogInit: Setting process to per monitor DPI aware
[2018.01.27-20.06.21:949][  0]LogD3D11RHI: D3D11 adapters:
[2018.01.27-20.06.21:992][  0]LogD3D11RHI:    0. 'NVIDIA GeForce GTX 1060 6GB' (Feature Level 11_0)
[2018.01.27-20.06.21:992][  0]LogD3D11RHI:       6061/0/8163 MB DedicatedVideo/DedicatedSystem/SharedSystem, Outputs:1, VendorId:0x10de
[2018.01.27-20.06.21:993][  0]LogD3D11RHI:    1. 'Microsoft Basic Render Driver' (Feature Level 11_0)
[2018.01.27-20.06.21:993][  0]LogD3D11RHI:       0/0/8163 MB DedicatedVideo/DedicatedSystem/SharedSystem, Outputs:0, VendorId:0x1414
[2018.01.27-20.06.21:993][  0]LogD3D11RHI: Chosen D3D11 Adapter: 0
[2018.01.27-20.06.22:001][  0]LogD3D11RHI: Creating new Direct3DDevice
[2018.01.27-20.06.22:001][  0]LogD3D11RHI:     GPU DeviceId: 0x1c03 (for the marketing name, search the web for "GPU Device Id")
[2018.01.27-20.06.22:001][  0]LogWindows: EnumDisplayDevices:
[2018.01.27-20.06.22:001][  0]LogWindows:    0. 'NVIDIA GeForce GTX 1060 6GB' (P:1 D:1)
[2018.01.27-20.06.22:001][  0]LogWindows:    1. 'NVIDIA GeForce GTX 1060 6GB' (P:0 D:0)
[2018.01.27-20.06.22:001][  0]LogWindows:    2. 'NVIDIA GeForce GTX 1060 6GB' (P:0 D:0)
[2018.01.27-20.06.22:001][  0]LogWindows:    3. 'NVIDIA GeForce GTX 1060 6GB' (P:0 D:0)
[2018.01.27-20.06.22:001][  0]LogWindows: DebugString: FoundDriverCount:4 
[2018.01.27-20.06.22:001][  0]LogD3D11RHI:     Adapter Name: NVIDIA GeForce GTX 1060 6GB
[2018.01.27-20.06.22:001][  0]LogD3D11RHI:   Driver Version: 388.13 (internal:23.21.13.8813, unified:388.13)
[2018.01.27-20.06.22:001][  0]LogD3D11RHI:      Driver Date: 10-27-2017
[2018.01.27-20.06.22:001][  0]LogRHI: Texture pool is 4242 MB (70% of 6061 MB)
[2018.01.27-20.06.22:029][  0]LogD3D11RHI: Async texture creation enabled
[2018.01.27-20.06.22:039][  0]LogD3D11RHI: GPU Timing Frequency: 1000.000000 (Debug: 2 1)
[2018.01.27-20.06.22:087][  0]LogShaderCompilers: Guid format shader working directory is -23 characters bigger than the processId version (../../../../../../Users/UKGC/Documents/Unreal Projects/BreakingNews/Intermediate/Shaders/WorkingDirectory/24860/).
[2018.01.27-20.06.22:087][  0]LogShaderCompilers: Cleaned the shader compiler working directory 'C:/Users/UKGC/AppData/Local/Temp/UnrealShaderWorkingDir/C272699F4E9EC711238B9FADD882E066/'.
[2018.01.27-20.06.22:087][  0]LogShaderCompilers: Display: Using Local Shader Compiler.
[2018.01.27-20.06.23:072][  0]LogTemp: Display: Loaded TP AllDesktopTargetPlatform
[2018.01.27-20.06.23:136][  0]LogTemp: Display: Loaded TP MacClientTargetPlatform
[2018.01.27-20.06.23:204][  0]LogTemp: Display: Loaded TP MacNoEditorTargetPlatform
[2018.01.27-20.06.23:263][  0]LogTemp: Display: Loaded TP MacServerTargetPlatform
[2018.01.27-20.06.23:325][  0]LogTemp: Display: Loaded TP MacTargetPlatform
[2018.01.27-20.06.23:389][  0]LogTemp: Display: Loaded TP WindowsClientTargetPlatform
[2018.01.27-20.06.23:451][  0]LogTemp: Display: Loaded TP WindowsNoEditorTargetPlatform
[2018.01.27-20.06.23:511][  0]LogTemp: Display: Loaded TP WindowsServerTargetPlatform
[2018.01.27-20.06.23:564][  0]LogTemp: Display: Loaded TP WindowsTargetPlatform
[2018.01.27-20.06.23:624][  0]LogTemp: Display: Loaded TP Android_ASTCTargetPlatform
[2018.01.27-20.06.23:683][  0]LogTemp: Display: Loaded TP Android_ATCTargetPlatform
[2018.01.27-20.06.23:742][  0]LogTemp: Display: Loaded TP Android_DXTTargetPlatform
[2018.01.27-20.06.23:802][  0]LogTemp: Display: Loaded TP Android_ETC1TargetPlatform
[2018.01.27-20.06.23:861][  0]LogTemp: Display: Loaded TP Android_ETC2TargetPlatform
[2018.01.27-20.06.23:982][  0]LogTemp: Display: Loaded TP Android_MultiTargetPlatform
[2018.01.27-20.06.23:982][  0]LogTemp: Display: Loaded TP Android_PVRTCTargetPlatform
[2018.01.27-20.06.24:041][  0]LogTemp: Display: Loaded TP AndroidTargetPlatform
[2018.01.27-20.06.24:091][  0]LogTemp: Display: Loaded TP HTML5TargetPlatform
[2018.01.27-20.06.24:195][  0]LogTemp: Display: Loaded TP IOSTargetPlatform
[2018.01.27-20.06.24:227][  0]LogTemp: Display: Loaded TP TVOSTargetPlatform
[2018.01.27-20.06.24:282][  0]LogTemp: Display: Loaded TP LinuxClientTargetPlatform
[2018.01.27-20.06.24:335][  0]LogTemp: Display: Loaded TP LinuxNoEditorTargetPlatform
[2018.01.27-20.06.24:392][  0]LogTemp: Display: Loaded TP LinuxServerTargetPlatform
[2018.01.27-20.06.24:447][  0]LogTemp: Display: Loaded TP LinuxTargetPlatform
[2018.01.27-20.06.24:448][  0]LogTargetPlatformManager: Display: Building Assets For Windows
[2018.01.27-20.06.24:987][  0]LogDerivedDataCache: Display: Max Cache Size: 512 MB
[2018.01.27-20.06.25:067][  0]LogDerivedDataCache: Loaded boot cache 0.08s 80MB C:/Users/UKGC/AppData/Local/UnrealEngine/4.18/DerivedDataCache/Boot.ddc.
[2018.01.27-20.06.25:067][  0]LogDerivedDataCache: Display: Loaded Boot cache: C:/Users/UKGC/AppData/Local/UnrealEngine/4.18/DerivedDataCache/Boot.ddc
[2018.01.27-20.06.25:067][  0]LogDerivedDataCache: FDerivedDataBackendGraph:  Pak pak cache file ../../../../../../Users/UKGC/Documents/Unreal Projects/BreakingNews/DerivedDataCache/DDC.ddp not found, will not use a pak cache.
[2018.01.27-20.06.25:067][  0]LogDerivedDataCache: Unable to find inner node Pak for hierarchical cache Hierarchy.
[2018.01.27-20.06.25:067][  0]LogDerivedDataCache: FDerivedDataBackendGraph:  CompressedPak pak cache file ../../../../../../Users/UKGC/Documents/Unreal Projects/BreakingNews/DerivedDataCache/Compressed.ddp not found, will not use a pak cache.
[2018.01.27-20.06.25:067][  0]LogDerivedDataCache: Unable to find inner node CompressedPak for hierarchical cache Hierarchy.
[2018.01.27-20.06.25:083][  0]LogDerivedDataCache: Display: Pak cache opened for reading ../../../Engine/DerivedDataCache/Compressed.ddp.
[2018.01.27-20.06.25:094][  0]LogDerivedDataCache: Using Local data cache path C:/Users/UKGC/AppData/Local/UnrealEngine/Common/DerivedDataCache: Writable
[2018.01.27-20.06.25:105][  0]LogMaterial: Verifying Global Shaders for PCD3D_SM5
[2018.01.27-20.06.25:105][  0]LogSlate: Using Freetype 2.6.0
[2018.01.27-20.06.25:105][  0]LogSlate: SlateFontCache - WITH_FREETYPE: 1, WITH_HARFBUZZ: 1
[2018.01.27-20.06.25:106][  0]LogSlate: SlateFontCache - WITH_FREETYPE: 1, WITH_HARFBUZZ: 1
[2018.01.27-20.06.25:469][  0]LogInit: Selected Device Profile: [Windows]
[2018.01.27-20.06.25:835][  0]LogSimplygon: Simplygon DLL not present - disabling.
[2018.01.27-20.06.25:882][  0]LogMeshReduction: Using SimplygonSwarm for distributed automatic mesh merging
[2018.01.27-20.06.25:882][  0]LogMeshReduction: Using QuadricMeshReduction for automatic static mesh reduction
[2018.01.27-20.06.25:882][  0]LogMeshReduction: No automatic skeletal mesh reduction module available
[2018.01.27-20.06.25:882][  0]LogMeshReduction: No automatic mesh merging module available
[2018.01.27-20.06.25:882][  0]LogMeshMerging: No automatic mesh merging module available
[2018.01.27-20.06.25:910][  0]LogNetVersion: BreakingNews , NetCL: 3709383, EngineNetVer: 2, GameNetVer: 0 (Checksum: 2726771752)
[2018.01.27-20.06.26:088][  0]LogAssetRegistry: FAssetRegistry took 0.0258 seconds to start up
[2018.01.27-20.06.26:544][  0]LogPackageLocalizationCache: Processed 5 localized package path(s) for 2 prioritized culture(s) in 0.044315 seconds
[2018.01.27-20.06.26:549][  0]LogUObjectArray: 35459 objects as part of root set at end of initial load.
[2018.01.27-20.06.26:549][  0]LogUObjectAllocator: 7283816 out of 0 bytes used by permanent object pool.
[2018.01.27-20.06.26:549][  0]LogUObjectArray: CloseDisregardForGC: 0/0 objects in disregard for GC pool
[2018.01.27-20.06.26:610][  0]LogInit: WinSock: version 1.1 (2.2), MaxSocks=32767, MaxUdp=65467
[2018.01.27-20.06.29:612][  0]LogTcpMessaging: Initializing TcpMessaging bridge
[2018.01.27-20.06.29:658][  0]LogUdpMessaging: Initializing bridge on interface 0.0.0.0:0 to multicast group 230.0.0.1:6666.
[2018.01.27-20.06.30:341][  0]LogMaterial: Uniform references updated for custom material expression Custom.
[2018.01.27-20.06.30:811][  0]SourceControl: Source control is disabled
[2018.01.27-20.06.30:812][  0]SourceControl: Source control is disabled
[2018.01.27-20.06.30:871][  0]SourceControl: Source control is disabled
[2018.01.27-20.06.30:930][  0]SourceControl: Source control is disabled
[2018.01.27-20.06.31:841][  0]LogAndroidPermission: UAndroidPermissionCallbackProxy::GetInstance
[2018.01.27-20.06.32:340][  0]LogEngine: Initializing Engine...
[2018.01.27-20.06.32:594][  0]LogStats: UGameplayTagsManager::ConstructGameplayTagTree: Construct from data asset -  0.000 s
[2018.01.27-20.06.32:595][  0]LogStats: UGameplayTagsManager::ConstructGameplayTagTree: GameplayTagTreeChangedEvent.Broadcast -  0.000 s
[2018.01.27-20.06.32:738][  0]LogAIModule: Creating AISystem for world Untitled
[2018.01.27-20.06.32:746][  0]LogInit: XAudio2 using 'Speakers (Realtek High Definition Audio)' : 2 channels at 48 kHz using 32 bits per sample (channel mask 0x3)
[2018.01.27-20.06.32:762][  0]LogInit: FAudioDevice initialized.
[2018.01.27-20.06.32:904][  0]LogDerivedDataCache: Saved boot cache 0.14s 80MB C:/Users/UKGC/AppData/Local/UnrealEngine/4.18/DerivedDataCache/Boot.ddc.
[2018.01.27-20.06.32:915][  0]LogInit: Texture streaming: Enabled
[2018.01.27-20.06.33:032][  0]LogEngineSessionManager: EngineSessionManager initialized
[2018.01.27-20.06.33:032][  0]LogEngineSessionManager: EngineSessionManager sent abnormal shutdown report. Type=Crashed, SessionId={B142EF01-4226-77C5-BE45-D5940C3ECA4A}
[2018.01.27-20.06.33:184][  0]LogInit: Transaction tracking system initialized
[2018.01.27-20.06.33:557][  0]BlueprintLog: New page: Editor Load
[2018.01.27-20.06.34:583][  0]LocalizationService: Localization service is disabled
[2018.01.27-20.06.35:430][  0]LogConsoleResponse: Display: 
[2018.01.27-20.06.35:600][  0]LogCook: Display: Max memory allowance for cook 16384mb min free memory 0mb
[2018.01.27-20.06.35:601][  0]LogCook: Display: Mobile HDR setting 1
[2018.01.27-20.06.35:601][  0]LogGameplayTags: Display: UGameplayTagsManager::DoneAddingNativeTags. DelegateIsBound: 0
[2018.01.27-20.06.35:866][  0]LogFileCache: Scanning file cache for directory 'C:/Users/UKGC/Documents/Unreal Projects/BreakingNews/Content/' took 0.01s
[2018.01.27-20.06.36:959][  0]SourceControl: Source control is disabled
[2018.01.27-20.06.36:959][  0]Cmd: MAP LOAD FILE="../../../Engine/Content/Maps/Templates/Template_Default.umap" TEMPLATE=1 SHOWPROGRESS=1 FEATURELEVEL=3
[2018.01.27-20.06.36:959][  0]LightingResults: New page: Lighting Build
[2018.01.27-20.06.37:008][  0]MapCheck: New page: Map Check
[2018.01.27-20.06.37:008][  0]LightingResults: New page: Lighting Build
[2018.01.27-20.06.37:251][  0]LogAIModule: Creating AISystem for world Untitled_1
[2018.01.27-20.06.37:258][  0]LogEditorServer: Finished looking for orphan Actors (0.000 secs)
[2018.01.27-20.06.37:268][  0]Cmd: MAP CHECKDEP NOCLEARLOG
[2018.01.27-20.06.37:314][  0]MapCheck: Map check complete: 0 Error(s), 0 Warning(s), took 46.089ms to complete.
[2018.01.27-20.06.37:315][  0]LogFileHelpers: Loading map 'Template_Default' took 0.356
[2018.01.27-20.06.37:461][  0]LogCollectionManager: Loaded 0 collections in 0.002020 seconds
[2018.01.27-20.06.37:543][  0]LogFileCache: Scanning file cache for directory 'C:/Users/UKGC/Documents/Unreal Projects/BreakingNews/Saved/Collections/' took 0.01s
[2018.01.27-20.06.37:544][  0]LogFileCache: Scanning file cache for directory 'C:/Users/UKGC/Documents/Unreal Projects/BreakingNews/Content/Developers/UKGC/Collections/' took 0.01s
[2018.01.27-20.06.37:544][  0]LogFileCache: Scanning file cache for directory 'C:/Users/UKGC/Documents/Unreal Projects/BreakingNews/Content/Collections/' took 0.01s
[2018.01.27-20.06.37:544][  0]LogCollectionManager: Rebuilt the GUID cache for 0 collections in 0.000000 seconds
[2018.01.27-20.06.37:552][  0]LogContentBrowser: Native class hierarchy populated in 0.0084 seconds. Added 2362 classes and 513 folders.
[2018.01.27-20.06.37:622][  0]LogContentBrowser: Native class hierarchy updated for 'WidgetCarousel' in 0.0002 seconds. Added 0 classes and 0 folders.
[2018.01.27-20.06.37:661][  0]LogContentBrowser: Native class hierarchy updated for 'AddContentDialog' in 0.0002 seconds. Added 0 classes and 0 folders.
[2018.01.27-20.06.37:708][  0]LogContentBrowser: Native class hierarchy updated for 'SceneOutliner' in 0.0002 seconds. Added 1 classes and 2 folders.
[2018.01.27-20.06.37:774][  0]LogDirectoryWatcher: Warning: Failed to begin reading directory changes for ../../../../../../Users/UKGC/Documents/Unreal Projects/BreakingNews/Plugins/. Error: The system cannot find the file specified. (0x00000002)
[2018.01.27-20.06.37:783][  0]LogSlate: Took 0.000181 seconds to synchronously load lazily loaded font '../../../Engine/Content/Slate/Fonts/Roboto-Regular.ttf' (155K)
[2018.01.27-20.06.37:785][  0]LogSlate: Took 0.000164 seconds to synchronously load lazily loaded font '../../../Engine/Content/Slate/Fonts/Roboto-Bold.ttf' (160K)
[2018.01.27-20.06.37:790][  0]LogSlate: Took 0.000168 seconds to synchronously load lazily loaded font '../../../Engine/Content/Editor/Slate/Fonts/FontAwesome.ttf' (139K)
[2018.01.27-20.06.37:886][  0]LogRenderer: Reallocating scene render targets to support 1204x604 Format 10 NumSamples 1 (Frame:1).
[2018.01.27-20.06.38:045][  0]LogContentBrowser: Native class hierarchy updated for 'HierarchicalLODOutliner' in 0.0002 seconds. Added 1 classes and 2 folders.
[2018.01.27-20.06.38:045][  0]LogLoad: (Engine Initialization) Total time: 19.15 seconds
[2018.01.27-20.06.38:045][  0]LogLoad: (Engine Initialization) Total Blueprint compile time: 0.00 seconds
[2018.01.27-20.06.38:045][  0]LogExternalProfiler: No external profilers were discovered.  External profiling features will not be available.
[2018.01.27-20.06.38:056][  0]LogWindowsTextInputMethodSystem: Display: IME system now deactivated.
[2018.01.27-20.06.38:072][  0]LogAssetRegistry: Asset discovery search completed in 12.0049 seconds
[2018.01.27-20.06.38:073][  0]LogCollectionManager: Rebuilt the object cache for 0 collections in 0.000000 seconds (found 0 objects)
[2018.01.27-20.06.38:073][  0]LogCollectionManager: Fixed up redirectors for 0 collections in 0.000044 seconds (updated 0 objects)
[2018.01.27-20.06.38:076][  0]LogContentStreaming: Texture pool size now 1000 MB
[2018.01.27-20.06.38:124][  0]LogSlate: Took 0.000144 seconds to synchronously load lazily loaded font '../../../Engine/Content/Slate/Fonts/Roboto-Light.ttf' (159K)
[2018.01.27-20.06.39:073][ 93]LogSlate: Took 0.000154 seconds to synchronously load lazily loaded font '../../../Engine/Content/Slate/Fonts/Roboto-Light.ttf' (159K)
[2018.01.27-20.06.39:983][200]LogDirectoryWatcher: A directory notification for '../../../Engine/Plugins/' was aborted.
[2018.01.27-20.06.41:672][400]LogSlate: Took 0.000116 seconds to synchronously load lazily loaded font '../../../Engine/Content/Slate/Fonts/Roboto-Light.ttf' (159K)
[2018.01.27-20.06.41:963][400]LogContentBrowser: Native class hierarchy updated for 'BlueprintGraph' in 0.0006 seconds. Added 116 classes and 0 folders.
[2018.01.27-20.06.42:873][400]LogSlate: Took 0.000187 seconds to synchronously load lazily loaded font '../../../Engine/Content/Editor/Slate/Fonts/Roboto-BoldCondensed.ttf' (158K)
[2018.01.27-20.06.46:443][789]LogRenderer: Reallocating scene render targets to support 1204x712 Format 10 NumSamples 1 (Frame:1).
[2018.01.27-20.06.46:923][843]Cmd: OBJ SAVEPACKAGE PACKAGE="/Game/BP_PlayerPawn" FILE="../../../../../../Users/UKGC/Documents/Unreal Projects/BreakingNews/Content/BP_PlayerPawn.uasset" SILENT=true
[2018.01.27-20.06.46:940][843]LogSavePackage: Save=13.27ms
[2018.01.27-20.06.46:940][843]LogSavePackage: Moving '../../../../../../Users/UKGC/Documents/Unreal Projects/BreakingNews/Saved/BP_PlayerPawn4F6159F84A158F9CDA5625B00FD4DBBB.tmp' to '../../../../../../Users/UKGC/Documents/Unreal Projects/BreakingNews/Content/BP_PlayerPawn.uasset'
[2018.01.27-20.06.46:941][843]LogSavePackage: Display: Finished SavePackage ../../../../../../Users/UKGC/Documents/Unreal Projects/BreakingNews/Content/BP_PlayerPawn.uasset
[2018.01.27-20.06.56:591][590]LogActorComponent: UnregisterComponent: (/Engine/Transient.EditorFloorComp) Not registered. Aborting.
[2018.01.27-20.06.58:788][844]LogAIModule: Creating AISystem for world TestLevel
[2018.01.27-20.07.49:676][878]LogTextFormatter: Warning: Failed to parse argument "ExistingAsset" as a number (using "0" as a fallback). Please check your format string for errors: "{ExistingAsset} already exists. Do you want to replace it?".
[2018.01.27-20.07.50:570][878]LogWindows: Windows GetLastError: The operation completed successfully. (0)
[2018.01.27-20.07.51:674][878]LogWindows: Error: === Critical error: ===
[2018.01.27-20.07.51:674][878]LogWindows: Error: 
[2018.01.27-20.07.51:674][878]LogWindows: Error: Fatal error: [File:D:\Build\++UE4+Release-4.18+Compile\Sync\Engine\Source\Runtime\CoreUObject\Private\UObject\Obj.cpp] [Line: 198] 
[2018.01.27-20.07.51:674][878]LogWindows: Error: Renaming an object (Package /Temp/Untitled_1_BuiltData) on top of an existing object (Package /Game/Maps/TestLevel_BuiltData) is not allowed
[2018.01.27-20.07.51:674][878]LogWindows: Error: 
[2018.01.27-20.07.51:674][878]LogWindows: Error: 
[2018.01.27-20.07.51:674][878]LogWindows: Error: [Callstack] 0x000000002CA59D98 KERNELBASE.dll!UnknownFunction []
[2018.01.27-20.07.51:674][878]LogWindows: Error: [Callstack] 0x0000000008D576D4 UE4Editor-ApplicationCore.dll!UnknownFunction []
[2018.01.27-20.07.51:674][878]LogWindows: Error: [Callstack] 0x00000000F58F330B UE4Editor-Core.dll!UnknownFunction []
[2018.01.27-20.07.51:674][878]LogWindows: Error: [Callstack] 0x00000000F58847F9 UE4Editor-Core.dll!UnknownFunction []
[2018.01.27-20.07.51:674][878]LogWindows: Error: [Callstack] 0x00000000EF49EE09 UE4Editor-CoreUObject.dll!UnknownFunction []
[2018.01.27-20.07.51:674][878]LogWindows: Error: [Callstack] 0x00000000DC0C0B93 UE4Editor-Engine.dll!UnknownFunction []
[2018.01.27-20.07.51:674][878]LogWindows: Error: [Callstack] 0x00000000E07FBA14 UE4Editor-UnrealEd.dll!UnknownFunction []
[2018.01.27-20.07.51:674][878]LogWindows: Error: [Callstack] 0x00000000E07FA998 UE4Editor-UnrealEd.dll!UnknownFunction []
[2018.01.27-20.07.51:674][878]LogWindows: Error: [Callstack] 0x00000000E07F8E80 UE4Editor-UnrealEd.dll!UnknownFunction []
[2018.01.27-20.07.51:674][878]LogWindows: Error: [Callstack] 0x00000000E07FA68F UE4Editor-UnrealEd.dll!UnknownFunction []
[2018.01.27-20.07.51:674][878]LogWindows: Error: [Callstack] 0x00000000E07F9AF7 UE4Editor-UnrealEd.dll!UnknownFunction []
[2018.01.27-20.07.51:674][878]LogWindows: Error: [Callstack] 0x00000000E3678CA7 UE4Editor-LevelEditor.dll!UnknownFunction []
[2018.01.27-20.07.51:674][878]LogWindows: Error: [Callstack] 0x00000000EE617BBF UE4Editor-Slate.dll!UnknownFunction []
[2018.01.27-20.07.51:674][878]LogWindows: Error: [Callstack] 0x00000000EE71D3A2 UE4Editor-Slate.dll!UnknownFunction []
[2018.01.27-20.07.51:674][878]LogWindows: Error: [Callstack] 0x00000000EE6776D2 UE4Editor-Slate.dll!UnknownFunction []
[2018.01.27-20.07.51:674][878]LogWindows: Error: [Callstack] 0x00000000EE678C29 UE4Editor-Slate.dll!UnknownFunction []
[2018.01.27-20.07.51:674][878]LogWindows: Error: [Callstack] 0x00000000EE6F8C25 UE4Editor-Slate.dll!UnknownFunction []
[2018.01.27-20.07.51:674][878]LogWindows: Error: [Callstack] 0x00000000EE7B2B27 UE4Editor-Slate.dll!UnknownFunction []
[2018.01.27-20.07.51:674][878]LogWindows: Error: [Callstack] 0x00000000EE7DEA04 UE4Editor-Slate.dll!UnknownFunction []
[2018.01.27-20.07.51:674][878]LogWindows: Error: [Callstack] 0x00000000EE5F5EFC UE4Editor-Slate.dll!UnknownFunction []
[2018.01.27-20.07.51:674][878]LogWindows: Error: [Callstack] 0x00000000EE5C8095 UE4Editor-Slate.dll!UnknownFunction []
[2018.01.27-20.07.51:674][878]LogWindows: Error: [Callstack] 0x00000000EE6628A7 UE4Editor-Slate.dll!UnknownFunction []
[2018.01.27-20.07.51:674][878]LogWindows: Error: [Callstack] 0x00000000EE64B092 UE4Editor-Slate.dll!UnknownFunction []
[2018.01.27-20.07.51:674][878]LogWindows: Error: [Callstack] 0x00000000EE63D902 UE4Editor-Slate.dll!UnknownFunction []
[2018.01.27-20.07.51:674][878]LogWindows: Error: [Callstack] 0x0000000008D4E54B UE4Editor-ApplicationCore.dll!UnknownFunction []
[2018.01.27-20.07.51:674][878]LogWindows: Error: [Callstack] 0x0000000008D41A48 UE4Editor-ApplicationCore.dll!UnknownFunction []
[2018.01.27-20.07.51:674][878]LogWindows: Error: [Callstack] 0x0000000008D503EC UE4Editor-ApplicationCore.dll!UnknownFunction []
[2018.01.27-20.07.51:674][878]LogWindows: Error: [Callstack] 0x0000000008D3D5A9 UE4Editor-ApplicationCore.dll!UnknownFunction []
[2018.01.27-20.07.51:674][878]LogWindows: Error: [Callstack] 0x000000002EF0BC50 USER32.dll!UnknownFunction []
[2018.01.27-20.07.51:674][878]LogWindows: Error: [Callstack] 0x000000002EF0B5CF USER32.dll!UnknownFunction []
[2018.01.27-20.07.51:674][878]LogWindows: Error: [Callstack] 0x0000000008D51516 UE4Editor-ApplicationCore.dll!UnknownFunction []
[2018.01.27-20.07.51:674][878]LogWindows: Error: [Callstack] 0x0000000028A550C8 UE4Editor.exe!UnknownFunction []
[2018.01.27-20.07.51:674][878]LogWindows: Error: [Callstack] 0x0000000028A65430 UE4Editor.exe!UnknownFunction []
[2018.01.27-20.07.51:674][878]LogWindows: Error: [Callstack] 0x0000000028A654AA UE4Editor.exe!UnknownFunction []
[2018.01.27-20.07.51:675][878]LogWindows: Error: [Callstack] 0x0000000028A72379 UE4Editor.exe!UnknownFunction []
[2018.01.27-20.07.51:675][878]LogWindows: Error: [Callstack] 0x0000000028A73D57 UE4Editor.exe!UnknownFunction []
[2018.01.27-20.07.51:675][878]LogWindows: Error: [Callstack] 0x000000002EB62774 KERNEL32.DLL!UnknownFunction []
[2018.01.27-20.07.51:675][878]LogWindows: Error: [Callstack] 0x000000002F9C0D51 ntdll.dll!UnknownFunction []
[2018.01.27-20.07.51:675][878]LogWindows: Error: [Callstack] 0x000000002F9C0D51 ntdll.dll!UnknownFunction []
[2018.01.27-20.07.51:675][878]LogWindows: Error: 
[2018.01.27-20.07.51:689][878]LogExit: Executing StaticShutdownAfterError
[2018.01.27-20.07.51:692][878]LogWindows: FPlatformMisc::RequestExit(1)
[2018.01.27-20.07.51:692][878]Log file closed, 01/27/18 20:07:51
