Log file open, 01/27/18 20:07:54
LogWindows: Failed to load 'aqProf.dll' (GetLastError=126)
LogWindows: File 'aqProf.dll' does not exist
LogWindows: Failed to load 'VSPerf140.dll' (GetLastError=126)
LogWindows: File 'VSPerf140.dll' does not exist
LogWindows: Failed to load 'VtuneApi.dll' (GetLastError=126)
LogWindows: File 'VtuneApi.dll' does not exist
LogWindows: Failed to load 'VtuneApi32e.dll' (GetLastError=126)
LogWindows: File 'VtuneApi32e.dll' does not exist
LogInit: Display: Running engine for game: BreakingNews
LogPlatformFile: Not using cached read wrapper
LogInit: Display: RandInit(1103815143) SRandInit(1103815143).
LogInit: Read version file with build ID '3709383'
LogInit: Overriding engine version to CL 3832480, compatible CL 3709383
LogInit: Registered custom module enumerator with build ID '3709383'
LogTaskGraph: Started task graph with 5 named threads and 14 total threads with 3 sets of task threads.
LogStats: Stats thread started at 0.184561
LogD3D11RHI: Aftermath initialized
LogModuleManager: Display: Found up-to-date module file ../../../Engine/Plugins/Marketplace/BlueManVehiclePhysics/Binaries/Win64/UE4Editor-BlueManVehiclePhysics.dll (API version 3709383).
LogModuleManager: Display: Found up-to-date module file ../../../Engine/Plugins/2D/Paper2D/Binaries/Win64/UE4Editor-Paper2D.dll (API version 3709383).
LogModuleManager: Display: Found up-to-date module file ../../../Engine/Plugins/2D/Paper2D/Binaries/Win64/UE4Editor-Paper2DEditor.dll (API version 3709383).
LogModuleManager: Display: Found up-to-date module file ../../../Engine/Plugins/2D/Paper2D/Binaries/Win64/UE4Editor-PaperSpriteSheetImporter.dll (API version 3709383).
LogModuleManager: Display: Found up-to-date module file ../../../Engine/Plugins/2D/Paper2D/Binaries/Win64/UE4Editor-PaperTiledImporter.dll (API version 3709383).
LogModuleManager: Display: Found up-to-date module file ../../../Engine/Plugins/2D/Paper2D/Binaries/Win64/UE4Editor-SmartSnapping.dll (API version 3709383).
LogModuleManager: Display: Found up-to-date module file ../../../Engine/Plugins/Blendables/LightPropagationVolume/Binaries/Win64/UE4Editor-LightPropagationVolumeRuntime.dll (API version 3709383).
LogModuleManager: Display: Found up-to-date module file ../../../Engine/Plugins/Blendables/LightPropagationVolume/Binaries/Win64/UE4Editor-LightPropagationVolumeEditor.dll (API version 3709383).
LogModuleManager: Display: Found up-to-date module file ../../../Engine/Plugins/Developer/GitSourceControl/Binaries/Win64/UE4Editor-GitSourceControl.dll (API version 3709383).
LogModuleManager: Display: Found up-to-date module file ../../../Engine/Plugins/Developer/PerforceSourceControl/Binaries/Win64/UE4Editor-PerforceSourceControl.dll (API version 3709383).
LogModuleManager: Display: Found up-to-date module file ../../../Engine/Plugins/Developer/SubversionSourceControl/Binaries/Win64/UE4Editor-SubversionSourceControl.dll (API version 3709383).
LogModuleManager: Display: Found up-to-date module file ../../../Engine/Plugins/Developer/UObjectPlugin/Binaries/Win64/UE4Editor-UObjectPlugin.dll (API version 3709383).
LogModuleManager: Display: Found up-to-date module file ../../../Engine/Plugins/Developer/VisualStudioCodeSourceCodeAccess/Binaries/Win64/UE4Editor-VisualStudioCodeSourceCodeAccess.dll (API version 3709383).
LogModuleManager: Display: Found up-to-date module file ../../../Engine/Plugins/Developer/VisualStudioSourceCodeAccess/Binaries/Win64/UE4Editor-VisualStudioSourceCodeAccess.dll (API version 3709383).
LogModuleManager: Display: Found up-to-date module file ../../../Engine/Plugins/Editor/AssetManagerEditor/Binaries/Win64/UE4Editor-AssetManagerEditor.dll (API version 3709383).
LogModuleManager: Display: Found up-to-date module file ../../../Engine/Plugins/Editor/AudioCapture/Binaries/Win64/UE4Editor-AudioCapture.dll (API version 3709383).
LogModuleManager: Display: Found up-to-date module file ../../../Engine/Plugins/Editor/FacialAnimation/Binaries/Win64/UE4Editor-FacialAnimation.dll (API version 3709383).
LogModuleManager: Display: Found up-to-date module file ../../../Engine/Plugins/Editor/FacialAnimation/Binaries/Win64/UE4Editor-FacialAnimationEditor.dll (API version 3709383).
LogModuleManager: Display: Found up-to-date module file ../../../Engine/Plugins/Editor/GameplayTagsEditor/Binaries/Win64/UE4Editor-GameplayTagsEditor.dll (API version 3709383).
LogModuleManager: Display: Found up-to-date module file ../../../Engine/Plugins/Editor/MobileLauncherProfileWizard/Binaries/Win64/UE4Editor-MobileLauncherProfileWizard.dll (API version 3709383).
LogModuleManager: Display: Found up-to-date module file ../../../Engine/Plugins/Editor/PluginBrowser/Binaries/Win64/UE4Editor-PluginBrowser.dll (API version 3709383).
LogModuleManager: Display: Found up-to-date module file ../../../Engine/Plugins/Editor/SpeedTreeImporter/Binaries/Win64/UE4Editor-SpeedTreeImporter.dll (API version 3709383).
LogModuleManager: Display: Found up-to-date module file ../../../Engine/Plugins/Experimental/AlembicImporter/Binaries/Win64/UE4Editor-AlembicImporter.dll (API version 3709383).
LogModuleManager: Display: Found up-to-date module file ../../../Engine/Plugins/Experimental/AlembicImporter/Binaries/Win64/UE4Editor-AlembicLibrary.dll (API version 3709383).
LogModuleManager: Display: Found up-to-date module file ../../../Engine/Plugins/Experimental/CharacterAI/Binaries/Win64/UE4Editor-CharacterAI.dll (API version 3709383).
LogModuleManager: Display: Found up-to-date module file ../../../Engine/Plugins/Experimental/HTML5Networking/Binaries/Win64/UE4Editor-HTML5Networking.dll (API version 3709383).
LogModuleManager: Display: Found up-to-date module file ../../../Engine/Plugins/Media/AndroidMedia/Binaries/Win64/UE4Editor-AndroidMediaEditor.dll (API version 3709383).
LogModuleManager: Display: Found up-to-date module file ../../../Engine/Plugins/Media/AndroidMedia/Binaries/Win64/UE4Editor-AndroidMediaFactory.dll (API version 3709383).
LogModuleManager: Display: Found up-to-date module file ../../../Engine/Plugins/Media/AvfMedia/Binaries/Win64/UE4Editor-AvfMediaEditor.dll (API version 3709383).
LogModuleManager: Display: Found up-to-date module file ../../../Engine/Plugins/Media/AvfMedia/Binaries/Win64/UE4Editor-AvfMediaFactory.dll (API version 3709383).
LogModuleManager: Display: Found up-to-date module file ../../../Engine/Plugins/Media/AvfMedia/Binaries/Win64/UE4Editor-AvfMediaFactory.dll (API version 3709383).
LogModuleManager: Display: Found up-to-date module file ../../../Engine/Plugins/Media/ImgMedia/Binaries/Win64/UE4Editor-ImgMedia.dll (API version 3709383).
LogModuleManager: Display: Found up-to-date module file ../../../Engine/Plugins/Media/ImgMedia/Binaries/Win64/UE4Editor-ImgMediaEditor.dll (API version 3709383).
LogModuleManager: Display: Found up-to-date module file ../../../Engine/Plugins/Media/ImgMedia/Binaries/Win64/UE4Editor-ImgMediaFactory.dll (API version 3709383).
LogModuleManager: Display: Found up-to-date module file ../../../Engine/Plugins/Media/ImgMedia/Binaries/Win64/UE4Editor-ImgMediaFactory.dll (API version 3709383).
LogModuleManager: Display: Found up-to-date module file ../../../Engine/Plugins/Media/ImgMedia/Binaries/Win64/UE4Editor-OpenExrWrapper.dll (API version 3709383).
LogModuleManager: Display: Found up-to-date module file ../../../Engine/Plugins/Media/MediaCompositing/Binaries/Win64/UE4Editor-MediaCompositing.dll (API version 3709383).
LogModuleManager: Display: Found up-to-date module file ../../../Engine/Plugins/Media/MediaCompositing/Binaries/Win64/UE4Editor-MediaCompositingEditor.dll (API version 3709383).
LogModuleManager: Display: Found up-to-date module file ../../../Engine/Plugins/Media/MediaPlayerEditor/Binaries/Win64/UE4Editor-MediaPlayerEditor.dll (API version 3709383).
LogModuleManager: Display: Found up-to-date module file ../../../Engine/Plugins/Media/WmfMedia/Binaries/Win64/UE4Editor-WmfMedia.dll (API version 3709383).
LogModuleManager: Display: Found up-to-date module file ../../../Engine/Plugins/Media/WmfMedia/Binaries/Win64/UE4Editor-WmfMediaEditor.dll (API version 3709383).
LogModuleManager: Display: Found up-to-date module file ../../../Engine/Plugins/Media/WmfMedia/Binaries/Win64/UE4Editor-WmfMediaFactory.dll (API version 3709383).
LogModuleManager: Display: Found up-to-date module file ../../../Engine/Plugins/Media/WmfMedia/Binaries/Win64/UE4Editor-WmfMediaFactory.dll (API version 3709383).
LogModuleManager: Display: Found up-to-date module file ../../../Engine/Plugins/Messaging/TcpMessaging/Binaries/Win64/UE4Editor-TcpMessaging.dll (API version 3709383).
LogModuleManager: Display: Found up-to-date module file ../../../Engine/Plugins/Messaging/UdpMessaging/Binaries/Win64/UE4Editor-UdpMessaging.dll (API version 3709383).
LogModuleManager: Display: Found up-to-date module file ../../../Engine/Plugins/MovieScene/ActorSequence/Binaries/Win64/UE4Editor-ActorSequence.dll (API version 3709383).
LogModuleManager: Display: Found up-to-date module file ../../../Engine/Plugins/MovieScene/LevelSequenceEditor/Binaries/Win64/UE4Editor-LevelSequenceEditor.dll (API version 3709383).
LogModuleManager: Display: Found up-to-date module file ../../../Engine/Plugins/MovieScene/MatineeToLevelSequence/Binaries/Win64/UE4Editor-MatineeToLevelSequence.dll (API version 3709383).
LogModuleManager: Display: Found up-to-date module file ../../../Engine/Plugins/Online/OnlineSubsystem/Binaries/Win64/UE4Editor-OnlineSubsystem.dll (API version 3709383).
LogModuleManager: Display: Found up-to-date module file ../../../Engine/Plugins/Runtime/AndroidPermission/Binaries/Win64/UE4Editor-AndroidPermission.dll (API version 3709383).
LogModuleManager: Display: Found up-to-date module file ../../../Engine/Plugins/Online/OnlineSubsystemNull/Binaries/Win64/UE4Editor-OnlineSubsystemNull.dll (API version 3709383).
LogModuleManager: Display: Found up-to-date module file ../../../Engine/Plugins/Online/OnlineSubsystemUtils/Binaries/Win64/UE4Editor-OnlineSubsystemUtils.dll (API version 3709383).
LogModuleManager: Display: Found up-to-date module file ../../../Engine/Plugins/Online/OnlineSubsystemUtils/Binaries/Win64/UE4Editor-OnlineBlueprintSupport.dll (API version 3709383).
LogModuleManager: Display: Found up-to-date module file ../../../Engine/Plugins/Runtime/AndroidDeviceProfileSelector/Binaries/Win64/UE4Editor-AndroidDeviceProfileSelector.dll (API version 3709383).
LogModuleManager: Display: Found up-to-date module file ../../../Engine/Plugins/Runtime/AppleARKit/Binaries/Win64/UE4Editor-AppleARKit.dll (API version 3709383).
LogModuleManager: Display: Found up-to-date module file ../../../Engine/Plugins/Runtime/ArchVisCharacter/Binaries/Win64/UE4Editor-ArchVisCharacter.dll (API version 3709383).
LogModuleManager: Display: Found up-to-date module file ../../../Engine/Plugins/Runtime/CableComponent/Binaries/Win64/UE4Editor-CableComponent.dll (API version 3709383).
LogModuleManager: Display: Found up-to-date module file ../../../Engine/Plugins/Runtime/CustomMeshComponent/Binaries/Win64/UE4Editor-CustomMeshComponent.dll (API version 3709383).
LogModuleManager: Display: Found up-to-date module file ../../../Engine/Plugins/Runtime/ExampleDeviceProfileSelector/Binaries/Win64/UE4Editor-ExampleDeviceProfileSelector.dll (API version 3709383).
LogModuleManager: Display: Found up-to-date module file ../../../Engine/Plugins/Runtime/ImmediatePhysics/Binaries/Win64/UE4Editor-ImmediatePhysics.dll (API version 3709383).
LogModuleManager: Display: Found up-to-date module file ../../../Engine/Plugins/Runtime/ImmediatePhysics/Binaries/Win64/UE4Editor-ImmediatePhysicsEditor.dll (API version 3709383).
LogModuleManager: Display: Found up-to-date module file ../../../Engine/Plugins/Runtime/LocationServicesBPLibrary/Binaries/Win64/UE4Editor-LocationServicesBPLibrary.dll (API version 3709383).
LogModuleManager: Display: Found up-to-date module file ../../../Engine/Plugins/Runtime/MobilePatchingUtils/Binaries/Win64/UE4Editor-MobilePatchingUtils.dll (API version 3709383).
LogModuleManager: Display: Found up-to-date module file ../../../Engine/Plugins/Runtime/PhysXVehicles/Binaries/Win64/UE4Editor-PhysXVehicles.dll (API version 3709383).
LogModuleManager: Display: Found up-to-date module file ../../../Engine/Plugins/Runtime/PhysXVehicles/Binaries/Win64/UE4Editor-PhysXVehiclesEditor.dll (API version 3709383).
LogModuleManager: Display: Found up-to-date module file ../../../Engine/Plugins/Runtime/ProceduralMeshComponent/Binaries/Win64/UE4Editor-ProceduralMeshComponent.dll (API version 3709383).
LogModuleManager: Display: Found up-to-date module file ../../../Engine/Plugins/Runtime/ProceduralMeshComponent/Binaries/Win64/UE4Editor-ProceduralMeshComponentEditor.dll (API version 3709383).
LogModuleManager: Display: Found up-to-date module file ../../../Engine/Plugins/Runtime/RuntimePhysXCooking/Binaries/Win64/UE4Editor-RuntimePhysXCooking.dll (API version 3709383).
LogModuleManager: Display: Found up-to-date module file ../../../Engine/Plugins/Runtime/WindowsMoviePlayer/Binaries/Win64/UE4Editor-WindowsMoviePlayer.dll (API version 3709383).
LogPluginManager: Mounting plugin Paper2D
LogPluginManager: Mounting plugin LightPropagationVolume
LogPluginManager: Mounting plugin CodeLiteSourceCodeAccess
LogPluginManager: Mounting plugin GitSourceControl
LogPluginManager: Mounting plugin KDevelopSourceCodeAccess
LogPluginManager: Mounting plugin NullSourceCodeAccess
LogPluginManager: Mounting plugin PerforceSourceControl
LogPluginManager: Mounting plugin SubversionSourceControl
LogPluginManager: Mounting plugin UObjectPlugin
LogPluginManager: Mounting plugin VisualStudioCodeSourceCodeAccess
LogPluginManager: Mounting plugin VisualStudioSourceCodeAccess
LogPluginManager: Mounting plugin XCodeSourceCodeAccess
LogPluginManager: Mounting plugin AssetManagerEditor
LogPluginManager: Mounting plugin AudioCapture
LogPluginManager: Mounting plugin FacialAnimation
LogPluginManager: Mounting plugin GameplayTagsEditor
LogPluginManager: Mounting plugin MobileLauncherProfileWizard
LogPluginManager: Mounting plugin PluginBrowser
LogPluginManager: Mounting plugin SpeedTreeImporter
LogPluginManager: Mounting plugin AlembicImporter
LogPluginManager: Mounting plugin CharacterAI
LogPluginManager: Mounting plugin HTML5Networking
LogPluginManager: Mounting plugin BlueManVehiclePhysics
LogPluginManager: Mounting plugin AndroidMedia
LogPluginManager: Mounting plugin AvfMedia
LogPluginManager: Mounting plugin ImgMedia
LogPluginManager: Mounting plugin MediaCompositing
LogPluginManager: Mounting plugin MediaPlayerEditor
LogPluginManager: Mounting plugin WmfMedia
LogPluginManager: Mounting plugin TcpMessaging
LogPluginManager: Mounting plugin UdpMessaging
LogPluginManager: Mounting plugin ActorSequence
LogPluginManager: Mounting plugin LevelSequenceEditor
LogPluginManager: Mounting plugin MatineeToLevelSequence
LogPluginManager: Mounting plugin OnlineSubsystemGooglePlay
LogPluginManager: Mounting plugin OnlineSubsystemIOS
LogPluginManager: Mounting plugin OnlineSubsystem
LogPluginManager: Mounting plugin OnlineSubsystemNull
LogPluginManager: Mounting plugin OnlineSubsystemUtils
LogPluginManager: Mounting plugin AndroidDeviceProfileSelector
LogPluginManager: Mounting plugin AndroidMoviePlayer
LogPluginManager: Mounting plugin AndroidPermission
LogPluginManager: Mounting plugin AppleARKit
LogPluginManager: Mounting plugin AppleMoviePlayer
LogPluginManager: Mounting plugin ArchVisCharacter
LogPluginManager: Mounting plugin CableComponent
LogPluginManager: Mounting plugin CustomMeshComponent
LogPluginManager: Mounting plugin ExampleDeviceProfileSelector
LogPluginManager: Mounting plugin GoogleCloudMessaging
LogPluginManager: Mounting plugin ImmediatePhysics
LogPluginManager: Mounting plugin IOSDeviceProfileSelector
LogPluginManager: Mounting plugin LinuxDeviceProfileSelector
LogPluginManager: Mounting plugin LocationServicesBPLibrary
LogPluginManager: Mounting plugin MobilePatchingUtils
LogPluginManager: Mounting plugin PhysXVehicles
LogPluginManager: Mounting plugin ProceduralMeshComponent
LogPluginManager: Mounting plugin RuntimePhysXCooking
LogPluginManager: Mounting plugin WindowsMoviePlayer
LogInit: Using libcurl 7.47.1
LogInit:  - built for x86_64-pc-win32
LogInit:  - supports SSL with OpenSSL/1.0.2g
LogInit:  - supports HTTP deflate (compression) using libz 1.2.8
LogInit:  - other features:
LogInit:      CURL_VERSION_SSL
LogInit:      CURL_VERSION_LIBZ
LogInit:      CURL_VERSION_IPV6
LogInit:      CURL_VERSION_ASYNCHDNS
LogInit:      CURL_VERSION_LARGEFILE
LogInit:      CURL_VERSION_IDN
LogInit:  CurlRequestOptions (configurable via config and command line):
LogInit:  - bVerifyPeer = false  - Libcurl will NOT verify peer certificate
LogInit:  - bUseHttpProxy = false  - Libcurl will NOT use HTTP proxy
LogInit:  - bDontReuseConnections = false  - Libcurl will reuse connections
LogInit:  - CertBundlePath = nullptr  - Libcurl will use whatever was configured at build time.
LogInit: Build: ++UE4+Release-4.18-CL-3832480
LogInit: Engine Version: 4.18.3-3832480+++UE4+Release-4.18
LogInit: Compatible Engine Version: 4.18.0-3709383+++UE4+Release-4.18
LogInit: Net CL: 3709383
LogDevObjectVersion: Number of dev versions registered: 16
LogDevObjectVersion:   Dev-Blueprints (B0D832E4-1F89-4F0D-ACCF-7EB736FD4AA2): 10
LogDevObjectVersion:   Dev-Build (E1C64328-A22C-4D53-A36C-8E866417BD8C): 0
LogDevObjectVersion:   Dev-Core (375EC13C-06E4-48FB-B500-84F0262A717E): 2
LogDevObjectVersion:   Dev-Editor (E4B068ED-F494-42E9-A231-DA0B2E46BB41): 20
LogDevObjectVersion:   Dev-Framework (CFFC743F-43B0-4480-9391-14DF171D2073): 30
LogDevObjectVersion:   Dev-Mobile (B02B49B5-BB20-44E9-A304-32B752E40360): 0
LogDevObjectVersion:   Dev-Networking (A4E4105C-59A1-49B5-A7C5-40C4547EDFEE): 0
LogDevObjectVersion:   Dev-Online (39C831C9-5AE6-47DC-9A44-9C173E1C8E7C): 0
LogDevObjectVersion:   Dev-Physics (78F01B33-EBEA-4F98-B9B4-84EACCB95AA2): 0
LogDevObjectVersion:   Dev-Platform (6631380F-2D4D-43E0-8009-CF276956A95A): 0
LogDevObjectVersion:   Dev-Rendering (12F88B9F-8875-4AFC-A67C-D90C383ABD29): 20
LogDevObjectVersion:   Dev-Sequencer (7B5AE74C-D270-4C10-A958-57980B212A5A): 4
LogDevObjectVersion:   Dev-VR (D7296918-1DD6-4BDD-9DE2-64A83CC13884): 0
LogDevObjectVersion:   Dev-LoadTimes (C2A15278-BFE7-4AFE-6C17-90FF531DF755): 1
LogDevObjectVersion:   Private-Geometry (6EACA3D4-40EC-4CC1-B786-8BED09428FC5): 1
LogDevObjectVersion:   Dev-AnimPhys (29E575DD-E0A3-4627-9D10-D276232CDCEA): 12
LogInit: Compiled (64-bit): Jan 12 2018 02:04:55
LogInit: Compiled with Visual C++: 19.00.24215.01
LogInit: Build Configuration: Development
LogInit: Branch Name: ++UE4+Release-4.18
LogInit: Command line: -EpicPortal
LogInit: Base directory: C:/Program Files/Epic Games/UE_4.18/Engine/Binaries/Win64/
LogInit: Installed Engine Build: 1
LogInit: Presizing for max 8388607 objects, including 0 objects not considered by GC, pre-allocating 0 bytes for permanent pool.
LogInit: Object subsystem initialized
[2018.01.27-20.07.55:909][  0]LogInit: Selected Device Profile: [Windows]
[2018.01.27-20.07.55:909][  0]LogInit: Applying CVar settings loaded from the selected device profile: [Windows]
[2018.01.27-20.07.55:922][  0]LogInit: Computer: DESKTOP-5KF05JH
[2018.01.27-20.07.55:922][  0]LogInit: User: UKGC
[2018.01.27-20.07.55:922][  0]LogInit: CPU Page size=4096, Cores=4
[2018.01.27-20.07.55:922][  0]LogInit: High frequency timer resolution =2.929689 MHz
[2018.01.27-20.07.55:922][  0]LogMemory: Memory total: Physical=15.9GB (16GB approx)
[2018.01.27-20.07.55:922][  0]LogMemory: Platform Memory Stats for Windows
[2018.01.27-20.07.55:922][  0]LogMemory: Process Physical Memory: 271.63 MB used, 271.63 MB peak
[2018.01.27-20.07.55:922][  0]LogMemory: Process Virtual Memory: 271.21 MB used, 271.21 MB peak
[2018.01.27-20.07.55:922][  0]LogMemory: Physical Memory: 7971.68 MB used,  8355.72 MB free, 16327.40 MB total
[2018.01.27-20.07.55:922][  0]LogMemory: Virtual Memory: 641.89 MB used,  8355.72 MB free, 134217728.00 MB total
[2018.01.27-20.07.56:109][  0]LogInit: Using OS detected language (en-GB).
[2018.01.27-20.07.56:109][  0]LogInit: Using OS detected locale (en-GB).
[2018.01.27-20.07.56:112][  0]LogTextLocalizationManager: No specific localization for 'en-GB' exists, so the 'en' localization will be used.
[2018.01.27-20.07.56:648][  0]LogInit: Setting process to per monitor DPI aware
[2018.01.27-20.07.56:978][  0]LogD3D11RHI: D3D11 adapters:
[2018.01.27-20.07.57:033][  0]LogD3D11RHI:    0. 'NVIDIA GeForce GTX 1060 6GB' (Feature Level 11_0)
[2018.01.27-20.07.57:033][  0]LogD3D11RHI:       6061/0/8163 MB DedicatedVideo/DedicatedSystem/SharedSystem, Outputs:1, VendorId:0x10de
[2018.01.27-20.07.57:034][  0]LogD3D11RHI:    1. 'Microsoft Basic Render Driver' (Feature Level 11_0)
[2018.01.27-20.07.57:034][  0]LogD3D11RHI:       0/0/8163 MB DedicatedVideo/DedicatedSystem/SharedSystem, Outputs:0, VendorId:0x1414
[2018.01.27-20.07.57:034][  0]LogD3D11RHI: Chosen D3D11 Adapter: 0
[2018.01.27-20.07.57:041][  0]LogD3D11RHI: Creating new Direct3DDevice
[2018.01.27-20.07.57:042][  0]LogD3D11RHI:     GPU DeviceId: 0x1c03 (for the marketing name, search the web for "GPU Device Id")
[2018.01.27-20.07.57:042][  0]LogWindows: EnumDisplayDevices:
[2018.01.27-20.07.57:042][  0]LogWindows:    0. 'NVIDIA GeForce GTX 1060 6GB' (P:1 D:1)
[2018.01.27-20.07.57:042][  0]LogWindows:    1. 'NVIDIA GeForce GTX 1060 6GB' (P:0 D:0)
[2018.01.27-20.07.57:042][  0]LogWindows:    2. 'NVIDIA GeForce GTX 1060 6GB' (P:0 D:0)
[2018.01.27-20.07.57:042][  0]LogWindows:    3. 'NVIDIA GeForce GTX 1060 6GB' (P:0 D:0)
[2018.01.27-20.07.57:042][  0]LogWindows: DebugString: FoundDriverCount:4 
[2018.01.27-20.07.57:042][  0]LogD3D11RHI:     Adapter Name: NVIDIA GeForce GTX 1060 6GB
[2018.01.27-20.07.57:042][  0]LogD3D11RHI:   Driver Version: 388.13 (internal:23.21.13.8813, unified:388.13)
[2018.01.27-20.07.57:042][  0]LogD3D11RHI:      Driver Date: 10-27-2017
[2018.01.27-20.07.57:042][  0]LogRHI: Texture pool is 4242 MB (70% of 6061 MB)
[2018.01.27-20.07.57:074][  0]LogD3D11RHI: Async texture creation enabled
[2018.01.27-20.07.57:087][  0]LogD3D11RHI: GPU Timing Frequency: 1000.000000 (Debug: 2 1)
[2018.01.27-20.07.57:138][  0]LogShaderCompilers: Guid format shader working directory is -23 characters bigger than the processId version (../../../../../../Users/UKGC/Documents/Unreal Projects/BreakingNews/Intermediate/Shaders/WorkingDirectory/12380/).
[2018.01.27-20.07.57:138][  0]LogShaderCompilers: Cleaned the shader compiler working directory 'C:/Users/UKGC/AppData/Local/Temp/UnrealShaderWorkingDir/0008C3F446E4C0E96713C9979EC21D0B/'.
[2018.01.27-20.07.57:138][  0]LogShaderCompilers: Display: Using Local Shader Compiler.
[2018.01.27-20.07.58:337][  0]LogTemp: Display: Loaded TP AllDesktopTargetPlatform
[2018.01.27-20.07.58:405][  0]LogTemp: Display: Loaded TP MacClientTargetPlatform
[2018.01.27-20.07.58:480][  0]LogTemp: Display: Loaded TP MacNoEditorTargetPlatform
[2018.01.27-20.07.58:554][  0]LogTemp: Display: Loaded TP MacServerTargetPlatform
[2018.01.27-20.07.58:631][  0]LogTemp: Display: Loaded TP MacTargetPlatform
[2018.01.27-20.07.58:717][  0]LogTemp: Display: Loaded TP WindowsClientTargetPlatform
[2018.01.27-20.07.58:801][  0]LogTemp: Display: Loaded TP WindowsNoEditorTargetPlatform
[2018.01.27-20.07.58:889][  0]LogTemp: Display: Loaded TP WindowsServerTargetPlatform
[2018.01.27-20.07.58:961][  0]LogTemp: Display: Loaded TP WindowsTargetPlatform
[2018.01.27-20.07.59:042][  0]LogTemp: Display: Loaded TP Android_ASTCTargetPlatform
[2018.01.27-20.07.59:119][  0]LogTemp: Display: Loaded TP Android_ATCTargetPlatform
[2018.01.27-20.07.59:189][  0]LogTemp: Display: Loaded TP Android_DXTTargetPlatform
[2018.01.27-20.07.59:264][  0]LogTemp: Display: Loaded TP Android_ETC1TargetPlatform
[2018.01.27-20.07.59:345][  0]LogTemp: Display: Loaded TP Android_ETC2TargetPlatform
[2018.01.27-20.07.59:493][  0]LogTemp: Display: Loaded TP Android_MultiTargetPlatform
[2018.01.27-20.07.59:493][  0]LogTemp: Display: Loaded TP Android_PVRTCTargetPlatform
[2018.01.27-20.07.59:563][  0]LogTemp: Display: Loaded TP AndroidTargetPlatform
[2018.01.27-20.07.59:630][  0]LogTemp: Display: Loaded TP HTML5TargetPlatform
[2018.01.27-20.07.59:762][  0]LogTemp: Display: Loaded TP IOSTargetPlatform
[2018.01.27-20.07.59:793][  0]LogTemp: Display: Loaded TP TVOSTargetPlatform
[2018.01.27-20.07.59:869][  0]LogTemp: Display: Loaded TP LinuxClientTargetPlatform
[2018.01.27-20.07.59:942][  0]LogTemp: Display: Loaded TP LinuxNoEditorTargetPlatform
[2018.01.27-20.08.00:024][  0]LogTemp: Display: Loaded TP LinuxServerTargetPlatform
[2018.01.27-20.08.00:096][  0]LogTemp: Display: Loaded TP LinuxTargetPlatform
[2018.01.27-20.08.00:097][  0]LogTargetPlatformManager: Display: Building Assets For Windows
[2018.01.27-20.08.00:826][  0]LogDerivedDataCache: Display: Max Cache Size: 512 MB
[2018.01.27-20.08.00:924][  0]LogDerivedDataCache: Loaded boot cache 0.10s 80MB C:/Users/UKGC/AppData/Local/UnrealEngine/4.18/DerivedDataCache/Boot.ddc.
[2018.01.27-20.08.00:924][  0]LogDerivedDataCache: Display: Loaded Boot cache: C:/Users/UKGC/AppData/Local/UnrealEngine/4.18/DerivedDataCache/Boot.ddc
[2018.01.27-20.08.00:924][  0]LogDerivedDataCache: FDerivedDataBackendGraph:  Pak pak cache file ../../../../../../Users/UKGC/Documents/Unreal Projects/BreakingNews/DerivedDataCache/DDC.ddp not found, will not use a pak cache.
[2018.01.27-20.08.00:924][  0]LogDerivedDataCache: Unable to find inner node Pak for hierarchical cache Hierarchy.
[2018.01.27-20.08.00:925][  0]LogDerivedDataCache: FDerivedDataBackendGraph:  CompressedPak pak cache file ../../../../../../Users/UKGC/Documents/Unreal Projects/BreakingNews/DerivedDataCache/Compressed.ddp not found, will not use a pak cache.
[2018.01.27-20.08.00:925][  0]LogDerivedDataCache: Unable to find inner node CompressedPak for hierarchical cache Hierarchy.
[2018.01.27-20.08.00:943][  0]LogDerivedDataCache: Display: Pak cache opened for reading ../../../Engine/DerivedDataCache/Compressed.ddp.
[2018.01.27-20.08.00:955][  0]LogDerivedDataCache: Using Local data cache path C:/Users/UKGC/AppData/Local/UnrealEngine/Common/DerivedDataCache: Writable
[2018.01.27-20.08.00:965][  0]LogMaterial: Verifying Global Shaders for PCD3D_SM5
[2018.01.27-20.08.00:965][  0]LogSlate: Using Freetype 2.6.0
[2018.01.27-20.08.00:966][  0]LogSlate: SlateFontCache - WITH_FREETYPE: 1, WITH_HARFBUZZ: 1
[2018.01.27-20.08.00:966][  0]LogSlate: SlateFontCache - WITH_FREETYPE: 1, WITH_HARFBUZZ: 1
[2018.01.27-20.08.01:430][  0]LogInit: Selected Device Profile: [Windows]
[2018.01.27-20.08.01:896][  0]LogSimplygon: Simplygon DLL not present - disabling.
[2018.01.27-20.08.01:968][  0]LogMeshReduction: Using SimplygonSwarm for distributed automatic mesh merging
[2018.01.27-20.08.01:968][  0]LogMeshReduction: Using QuadricMeshReduction for automatic static mesh reduction
[2018.01.27-20.08.01:968][  0]LogMeshReduction: No automatic skeletal mesh reduction module available
[2018.01.27-20.08.01:968][  0]LogMeshReduction: No automatic mesh merging module available
[2018.01.27-20.08.01:968][  0]LogMeshMerging: No automatic mesh merging module available
[2018.01.27-20.08.02:003][  0]LogNetVersion: BreakingNews , NetCL: 3709383, EngineNetVer: 2, GameNetVer: 0 (Checksum: 2726771752)
[2018.01.27-20.08.02:183][  0]LogAssetRegistry: FAssetRegistry took 0.0276 seconds to start up
[2018.01.27-20.08.02:660][  0]LogPackageLocalizationCache: Processed 5 localized package path(s) for 2 prioritized culture(s) in 0.049344 seconds
[2018.01.27-20.08.02:666][  0]LogUObjectArray: 35459 objects as part of root set at end of initial load.
[2018.01.27-20.08.02:666][  0]LogUObjectAllocator: 7283808 out of 0 bytes used by permanent object pool.
[2018.01.27-20.08.02:666][  0]LogUObjectArray: CloseDisregardForGC: 0/0 objects in disregard for GC pool
[2018.01.27-20.08.02:734][  0]LogInit: WinSock: version 1.1 (2.2), MaxSocks=32767, MaxUdp=65467
[2018.01.27-20.08.05:908][  0]LogTcpMessaging: Initializing TcpMessaging bridge
[2018.01.27-20.08.05:950][  0]LogUdpMessaging: Initializing bridge on interface 0.0.0.0:0 to multicast group 230.0.0.1:6666.
[2018.01.27-20.08.06:693][  0]LogMaterial: Uniform references updated for custom material expression Custom.
[2018.01.27-20.08.07:183][  0]SourceControl: Source control is disabled
[2018.01.27-20.08.07:183][  0]SourceControl: Source control is disabled
[2018.01.27-20.08.07:244][  0]SourceControl: Source control is disabled
[2018.01.27-20.08.07:310][  0]SourceControl: Source control is disabled
[2018.01.27-20.08.08:283][  0]LogAndroidPermission: UAndroidPermissionCallbackProxy::GetInstance
[2018.01.27-20.08.08:852][  0]LogEngine: Initializing Engine...
[2018.01.27-20.08.09:059][  0]LogStats: UGameplayTagsManager::ConstructGameplayTagTree: Construct from data asset -  0.000 s
[2018.01.27-20.08.09:059][  0]LogStats: UGameplayTagsManager::ConstructGameplayTagTree: GameplayTagTreeChangedEvent.Broadcast -  0.000 s
[2018.01.27-20.08.09:232][  0]LogAIModule: Creating AISystem for world Untitled
[2018.01.27-20.08.09:243][  0]LogInit: XAudio2 using 'Speakers (Realtek High Definition Audio)' : 2 channels at 48 kHz using 32 bits per sample (channel mask 0x3)
[2018.01.27-20.08.09:260][  0]LogInit: FAudioDevice initialized.
[2018.01.27-20.08.09:480][  0]LogDerivedDataCache: Saved boot cache 0.22s 78MB C:/Users/UKGC/AppData/Local/UnrealEngine/4.18/DerivedDataCache/Boot.ddc.
[2018.01.27-20.08.09:487][  0]LogInit: Texture streaming: Enabled
[2018.01.27-20.08.09:606][  0]LogEngineSessionManager: EngineSessionManager initialized
[2018.01.27-20.08.09:606][  0]LogEngineSessionManager: EngineSessionManager sent abnormal shutdown report. Type=Crashed, SessionId={0DDC4F77-47C2-670F-A4A9-75B61C7D5B57}
[2018.01.27-20.08.09:770][  0]LogInit: Transaction tracking system initialized
[2018.01.27-20.08.10:165][  0]BlueprintLog: New page: Editor Load
[2018.01.27-20.08.11:304][  0]LocalizationService: Localization service is disabled
[2018.01.27-20.08.12:291][  0]LogConsoleResponse: Display: 
[2018.01.27-20.08.12:472][  0]LogCook: Display: Max memory allowance for cook 16384mb min free memory 0mb
[2018.01.27-20.08.12:472][  0]LogCook: Display: Mobile HDR setting 1
[2018.01.27-20.08.12:472][  0]LogGameplayTags: Display: UGameplayTagsManager::DoneAddingNativeTags. DelegateIsBound: 0
[2018.01.27-20.08.13:291][  0]LogFileCache: Scanning file cache for directory 'C:/Users/UKGC/Documents/Unreal Projects/BreakingNews/Content/' took 0.01s
[2018.01.27-20.08.13:976][  0]SourceControl: Source control is disabled
[2018.01.27-20.08.13:976][  0]Cmd: MAP LOAD FILE="../../../Engine/Content/Maps/Templates/Template_Default.umap" TEMPLATE=1 SHOWPROGRESS=1 FEATURELEVEL=3
[2018.01.27-20.08.13:977][  0]LightingResults: New page: Lighting Build
[2018.01.27-20.08.14:027][  0]MapCheck: New page: Map Check
[2018.01.27-20.08.14:027][  0]LightingResults: New page: Lighting Build
[2018.01.27-20.08.14:269][  0]LogAIModule: Creating AISystem for world Untitled_1
[2018.01.27-20.08.14:274][  0]LogEditorServer: Finished looking for orphan Actors (0.000 secs)
[2018.01.27-20.08.14:286][  0]Cmd: MAP CHECKDEP NOCLEARLOG
[2018.01.27-20.08.14:335][  0]MapCheck: Map check complete: 0 Error(s), 0 Warning(s), took 48.824ms to complete.
[2018.01.27-20.08.14:335][  0]LogFileHelpers: Loading map 'Template_Default' took 0.359
[2018.01.27-20.08.14:484][  0]LogCollectionManager: Loaded 0 collections in 0.002426 seconds
[2018.01.27-20.08.14:574][  0]LogFileCache: Scanning file cache for directory 'C:/Users/UKGC/Documents/Unreal Projects/BreakingNews/Saved/Collections/' took 0.01s
[2018.01.27-20.08.14:574][  0]LogFileCache: Scanning file cache for directory 'C:/Users/UKGC/Documents/Unreal Projects/BreakingNews/Content/Developers/UKGC/Collections/' took 0.01s
[2018.01.27-20.08.14:574][  0]LogFileCache: Scanning file cache for directory 'C:/Users/UKGC/Documents/Unreal Projects/BreakingNews/Content/Collections/' took 0.01s
[2018.01.27-20.08.14:574][  0]LogCollectionManager: Rebuilt the GUID cache for 0 collections in 0.000000 seconds
[2018.01.27-20.08.14:583][  0]LogContentBrowser: Native class hierarchy populated in 0.0088 seconds. Added 2362 classes and 513 folders.
[2018.01.27-20.08.14:669][  0]LogContentBrowser: Native class hierarchy updated for 'WidgetCarousel' in 0.0002 seconds. Added 0 classes and 0 folders.
[2018.01.27-20.08.14:706][  0]LogContentBrowser: Native class hierarchy updated for 'AddContentDialog' in 0.0002 seconds. Added 0 classes and 0 folders.
[2018.01.27-20.08.14:760][  0]LogContentBrowser: Native class hierarchy updated for 'SceneOutliner' in 0.0002 seconds. Added 1 classes and 2 folders.
[2018.01.27-20.08.14:832][  0]LogDirectoryWatcher: Warning: Failed to begin reading directory changes for ../../../../../../Users/UKGC/Documents/Unreal Projects/BreakingNews/Plugins/. Error: The system cannot find the file specified. (0x00000002)
[2018.01.27-20.08.14:837][  0]LogSlate: Took 0.000170 seconds to synchronously load lazily loaded font '../../../Engine/Content/Slate/Fonts/Roboto-Regular.ttf' (155K)
[2018.01.27-20.08.14:839][  0]LogSlate: Took 0.000170 seconds to synchronously load lazily loaded font '../../../Engine/Content/Slate/Fonts/Roboto-Bold.ttf' (160K)
[2018.01.27-20.08.14:844][  0]LogSlate: Took 0.000147 seconds to synchronously load lazily loaded font '../../../Engine/Content/Editor/Slate/Fonts/FontAwesome.ttf' (139K)
[2018.01.27-20.08.14:943][  0]LogRenderer: Reallocating scene render targets to support 1204x604 Format 10 NumSamples 1 (Frame:1).
[2018.01.27-20.08.15:111][  0]LogContentBrowser: Native class hierarchy updated for 'HierarchicalLODOutliner' in 0.0003 seconds. Added 1 classes and 2 folders.
[2018.01.27-20.08.15:112][  0]LogLoad: (Engine Initialization) Total time: 21.91 seconds
[2018.01.27-20.08.15:112][  0]LogLoad: (Engine Initialization) Total Blueprint compile time: 0.00 seconds
[2018.01.27-20.08.15:112][  0]LogExternalProfiler: No external profilers were discovered.  External profiling features will not be available.
[2018.01.27-20.08.15:470][  0]LogContentStreaming: Texture pool size now 1000 MB
[2018.01.27-20.08.15:792][  1]LogAssetRegistry: Asset discovery search completed in 13.6297 seconds
[2018.01.27-20.08.15:794][  1]LogCollectionManager: Rebuilt the object cache for 0 collections in 0.000000 seconds (found 0 objects)
[2018.01.27-20.08.15:794][  1]LogCollectionManager: Fixed up redirectors for 0 collections in 0.000061 seconds (updated 0 objects)
[2018.01.27-20.08.18:398][156]LogDirectoryWatcher: A directory notification for '../../../Engine/Plugins/' was aborted.
[2018.01.27-20.08.19:524][289]LogSlate: Took 0.000214 seconds to synchronously load lazily loaded font '../../../Engine/Content/Slate/Fonts/Roboto-Light.ttf' (159K)
[2018.01.27-20.08.21:788][560]LogSlate: Took 0.000119 seconds to synchronously load lazily loaded font '../../../Engine/Content/Slate/Fonts/Roboto-Light.ttf' (159K)
[2018.01.27-20.08.21:808][560]LogAIModule: Creating AISystem for world TestLevel
[2018.01.27-20.08.21:829][560]Cmd: MAP LOAD FILE="../../../../../../Users/UKGC/Documents/Unreal Projects/BreakingNews/Content/Maps/TestLevel.umap" TEMPLATE=0 SHOWPROGRESS=1 FEATURELEVEL=3
[2018.01.27-20.08.21:829][560]LightingResults: New page: Lighting Build
[2018.01.27-20.08.21:830][560]LoadErrors: New page: Loading map: TestLevel.umap
[2018.01.27-20.08.21:830][560]MapCheck: New page: Map Check
[2018.01.27-20.08.21:830][560]LightingResults: New page: Lighting Build
[2018.01.27-20.08.21:900][560]LogEditorServer: Finished looking for orphan Actors (0.000 secs)
[2018.01.27-20.08.21:934][560]Cmd: MAP CHECKDEP NOCLEARLOG
[2018.01.27-20.08.21:986][560]MapCheck: Map check complete: 0 Error(s), 0 Warning(s), took 51.917ms to complete.
[2018.01.27-20.08.21:986][560]LogFileHelpers: Loading map 'TestLevel' took 0.158
[2018.01.27-20.08.26:663][893]LogTemp: Executing iPhonePackager certificates Engine -bundlename com.YourCompany.BreakingNews
[2018.01.27-20.08.26:663][893]LogTemp: CWD: C:\Program Files\Epic Games\UE_4.18\Engine\Binaries\DotNET\IOS
[2018.01.27-20.08.26:663][893]LogTemp: Initial Dir: C:\Program Files\Epic Games\UE_4.18
[2018.01.27-20.08.26:663][893]LogTemp: Env CWD: C:\Program Files\Epic Games\UE_4.18\Engine\Binaries\DotNET\IOS
[2018.01.27-20.08.26:663][893]LogTemp: BranchPath = DESKTOP-5KF05JH/C/Program Files/Epic Games/UE_4.18/Engine/Binaries --- GameBranchPath = DESKTOP-5KF05JH/C/Program Files/Epic Games/UE_4.18/Engine/Binaries
[2018.01.27-20.08.26:663][893]LogSlate: Only BGRA pngs, bmps or icos are supported in by External Image Picker
[2018.01.27-20.08.26:790][894]LogTemp: IPP ERROR: Could not find provision directory 'C:\Users\UKGC\AppData\Local/Apple Computer/MobileDevice/Provisioning Profiles/'.
[2018.01.27-20.08.33:333][670]LogSlate: Took 0.000154 seconds to synchronously load lazily loaded font '../../../Engine/Content/Slate/Fonts/Roboto-Light.ttf' (159K)
[2018.01.27-20.08.39:446][391]Cmd: OBJ SAVEPACKAGE PACKAGE="/Game/Maps/TestLevel" FILE="../../../../../../Users/UKGC/Documents/Unreal Projects/BreakingNews/Content/Maps/TestLevel.umap" SILENT=true AUTOSAVING=false KEEPDIRTY=false
[2018.01.27-20.08.39:488][391]LogSavePackage: Save=29.52ms
[2018.01.27-20.08.39:488][391]LogSavePackage: Moving '../../../../../../Users/UKGC/Documents/Unreal Projects/BreakingNews/Saved/TestLevel4230051C4FBE11C31258F5943A5BCF52.tmp' to '../../../../../../Users/UKGC/Documents/Unreal Projects/BreakingNews/Content/Maps/TestLevel.umap'
[2018.01.27-20.08.39:489][391]LogSavePackage: Display: Finished SavePackage ../../../../../../Users/UKGC/Documents/Unreal Projects/BreakingNews/Content/Maps/TestLevel.umap
[2018.01.27-20.08.39:517][391]Cmd: OBJ SAVEPACKAGE PACKAGE="/Game/Maps/TestLevel_BuiltData" FILE="../../../../../../Users/UKGC/Documents/Unreal Projects/BreakingNews/Content/Maps/TestLevel_BuiltData.uasset" SILENT=true
[2018.01.27-20.08.39:532][391]LogSavePackage: Save=13.11ms
[2018.01.27-20.08.39:533][391]LogSavePackage: Moving '../../../../../../Users/UKGC/Documents/Unreal Projects/BreakingNews/Saved/TestLevel_BuiltData4841F1C34BF72A17FD85CD9A781862A6.tmp' to '../../../../../../Users/UKGC/Documents/Unreal Projects/BreakingNews/Content/Maps/TestLevel_BuiltData.uasset'
[2018.01.27-20.08.39:534][391]LogSavePackage: Display: Finished SavePackage ../../../../../../Users/UKGC/Documents/Unreal Projects/BreakingNews/Content/Maps/TestLevel_BuiltData.uasset
[2018.01.27-20.08.40:048][452]LogTemp: Repeating last play command: Selected Viewport
[2018.01.27-20.08.40:130][452]LogPlayLevel: PlayLevel: No blueprints needed recompiling
[2018.01.27-20.08.40:130][452]PIE: New page: PIE session: TestLevel (27 Jan 2018 20:08:40)
[2018.01.27-20.08.40:130][452]LogPlayLevel: Creating play world package: /Game/Maps/UEDPIE_0_TestLevel
[2018.01.27-20.08.40:134][452]LogPlayLevel: PIE: StaticDuplicateObject took: (0.004233s)
[2018.01.27-20.08.40:135][452]LogAIModule: Creating AISystem for world TestLevel
[2018.01.27-20.08.40:135][452]LogPlayLevel: PIE: World Init took: (0.000548s)
[2018.01.27-20.08.40:135][452]LogPlayLevel: PIE: Created PIE world by copying editor world from /Game/Maps/TestLevel.TestLevel to /Game/Maps/UEDPIE_0_TestLevel.TestLevel (0.005008s)
[2018.01.27-20.08.40:150][452]LogInit: XAudio2 using 'Speakers (Realtek High Definition Audio)' : 2 channels at 48 kHz using 32 bits per sample (channel mask 0x3)
[2018.01.27-20.08.40:160][452]LogInit: FAudioDevice initialized.
[2018.01.27-20.08.40:200][452]LogLoad: Game class is 'GM_Chase_C'
[2018.01.27-20.08.40:202][452]LogWorld: Bringing World /Game/Maps/UEDPIE_0_TestLevel.TestLevel up for play (max tick rate 0) at 2018.01.27-20.08.40
[2018.01.27-20.08.40:202][452]LogWorld: Bringing up level for play took: 0.000582
[2018.01.27-20.08.40:253][452]LogContentBrowser: Native class hierarchy updated for 'MovieSceneCapture' in 0.0003 seconds. Added 11 classes and 0 folders.
[2018.01.27-20.08.40:254][452]PIE: Play in editor start time for /Game/Maps/UEDPIE_0_TestLevel -0.206
[2018.01.27-20.08.53:315][994]LogMetaData: Removing '/Game/Player/BP_PlayerPawn.BP_PlayerPawn_C' ref from Metadata '/Game/BP_PlayerPawn.PackageMetaData'
[2018.01.27-20.08.53:315][994]LogMetaData: Removing '/Game/Player/BP_PlayerPawn.BP_PlayerPawn:UserConstructionScript.K2Node_FunctionEntry_0' ref from Metadata '/Game/BP_PlayerPawn.PackageMetaData'
[2018.01.27-20.08.53:315][994]LogMetaData: Removing '/Game/Player/BP_PlayerPawn.BP_PlayerPawn:EventGraph.K2Node_Event_0' ref from Metadata '/Game/BP_PlayerPawn.PackageMetaData'
[2018.01.27-20.08.53:315][994]LogMetaData: Removing '/Game/Player/BP_PlayerPawn.BP_PlayerPawn:EventGraph.K2Node_Event_1' ref from Metadata '/Game/BP_PlayerPawn.PackageMetaData'
[2018.01.27-20.08.53:315][994]LogMetaData: Removing '/Game/Player/BP_PlayerPawn.BP_PlayerPawn:EventGraph.K2Node_Event_2' ref from Metadata '/Game/BP_PlayerPawn.PackageMetaData'
[2018.01.27-20.08.53:315][994]LogMetaData: Removing '/Game/Player/BP_PlayerPawn.SKEL_BP_PlayerPawn_C:ReceiveBeginPlay' ref from Metadata '/Game/BP_PlayerPawn.PackageMetaData'
[2018.01.27-20.08.53:315][994]LogMetaData: Removing '/Game/Player/BP_PlayerPawn.SKEL_BP_PlayerPawn_C:ReceiveActorBeginOverlap' ref from Metadata '/Game/BP_PlayerPawn.PackageMetaData'
[2018.01.27-20.08.53:315][994]LogMetaData: Removing '/Game/Player/BP_PlayerPawn.SKEL_BP_PlayerPawn_C:ReceiveTick' ref from Metadata '/Game/BP_PlayerPawn.PackageMetaData'
[2018.01.27-20.08.53:315][994]LogMetaData: Removing '/Game/Player/BP_PlayerPawn.SKEL_BP_PlayerPawn_C:DefaultSceneRoot' ref from Metadata '/Game/BP_PlayerPawn.PackageMetaData'
[2018.01.27-20.08.53:315][994]LogMetaData: Removing '/Game/Player/BP_PlayerPawn.SKEL_BP_PlayerPawn_C:LandVehicle_Drag' ref from Metadata '/Game/BP_PlayerPawn.PackageMetaData'
[2018.01.27-20.08.53:315][994]LogMetaData: Removing '/Game/Player/BP_PlayerPawn.SKEL_BP_PlayerPawn_C:LandVehicle_Engine' ref from Metadata '/Game/BP_PlayerPawn.PackageMetaData'
[2018.01.27-20.08.53:315][994]LogMetaData: Removing '/Game/Player/BP_PlayerPawn.SKEL_BP_PlayerPawn_C:WheelManager_' ref from Metadata '/Game/BP_PlayerPawn.PackageMetaData'
[2018.01.27-20.08.53:315][994]LogMetaData: Removing '/Game/Player/BP_PlayerPawn.SKEL_BP_PlayerPawn_C:StaticMesh' ref from Metadata '/Game/BP_PlayerPawn.PackageMetaData'
[2018.01.27-20.08.53:315][994]LogMetaData: Removing '/Game/Player/BP_PlayerPawn.SKEL_BP_PlayerPawn_C:UserConstructionScript' ref from Metadata '/Game/BP_PlayerPawn.PackageMetaData'
[2018.01.27-20.08.53:315][994]LogMetaData: Removing '/Game/Player/BP_PlayerPawn.SKEL_BP_PlayerPawn_C' ref from Metadata '/Game/BP_PlayerPawn.PackageMetaData'
[2018.01.27-20.08.53:315][994]LogMetaData: Removing '/Game/Player/BP_PlayerPawn.BP_PlayerPawn_C:DefaultSceneRoot' ref from Metadata '/Game/BP_PlayerPawn.PackageMetaData'
[2018.01.27-20.08.53:315][994]LogMetaData: Removing '/Game/Player/BP_PlayerPawn.BP_PlayerPawn_C:LandVehicle_Drag' ref from Metadata '/Game/BP_PlayerPawn.PackageMetaData'
[2018.01.27-20.08.53:315][994]LogMetaData: Removing '/Game/Player/BP_PlayerPawn.BP_PlayerPawn_C:LandVehicle_Engine' ref from Metadata '/Game/BP_PlayerPawn.PackageMetaData'
[2018.01.27-20.08.53:315][994]LogMetaData: Removing '/Game/Player/BP_PlayerPawn.BP_PlayerPawn_C:WheelManager_' ref from Metadata '/Game/BP_PlayerPawn.PackageMetaData'
[2018.01.27-20.08.53:315][994]LogMetaData: Removing '/Game/Player/BP_PlayerPawn.BP_PlayerPawn_C:StaticMesh' ref from Metadata '/Game/BP_PlayerPawn.PackageMetaData'
[2018.01.27-20.08.53:315][994]LogMetaData: Removing '/Game/Player/BP_PlayerPawn.BP_PlayerPawn_C:UserConstructionScript' ref from Metadata '/Game/BP_PlayerPawn.PackageMetaData'
[2018.01.27-20.08.53:328][994]Cmd: OBJ SAVEPACKAGE PACKAGE="/Game/Player/BP_PlayerPawn" FILE="../../../../../../Users/UKGC/Documents/Unreal Projects/BreakingNews/Content/Player/BP_PlayerPawn.uasset" SILENT=true
[2018.01.27-20.08.53:345][994]LogSavePackage: Save=14.78ms
[2018.01.27-20.08.53:345][994]LogSavePackage: Moving '../../../../../../Users/UKGC/Documents/Unreal Projects/BreakingNews/Saved/BP_PlayerPawn53DA09B245DA74CB527ADDA0B94CB69D.tmp' to '../../../../../../Users/UKGC/Documents/Unreal Projects/BreakingNews/Content/Player/BP_PlayerPawn.uasset'
[2018.01.27-20.08.53:348][994]LogSavePackage: Display: Finished SavePackage ../../../../../../Users/UKGC/Documents/Unreal Projects/BreakingNews/Content/Player/BP_PlayerPawn.uasset
[2018.01.27-20.08.56:496][327]LogContentBrowser: Native class hierarchy updated for 'BlueprintGraph' in 0.0005 seconds. Added 116 classes and 0 folders.
[2018.01.27-20.08.57:078][327]LogSlate: Took 0.000141 seconds to synchronously load lazily loaded font '../../../Engine/Content/Slate/Fonts/Roboto-Regular.ttf' (155K)
[2018.01.27-20.08.57:129][327]LogSlate: Took 0.000166 seconds to synchronously load lazily loaded font '../../../Engine/Content/Editor/Slate/Fonts/Roboto-BoldCondensed.ttf' (158K)
[2018.01.27-20.08.58:360][452]LogRenderer: Reallocating scene render targets to support 1204x712 Format 10 NumSamples 1 (Frame:1).
[2018.01.27-20.09.00:938][733]LogSlate: Took 0.000153 seconds to synchronously load lazily loaded font '../../../Engine/Content/Editor/Slate/Fonts/Roboto-Italic.ttf' (157K)
[2018.01.27-20.09.08:668][560]LogSlate: Only BGRA pngs, bmps or icos are supported in by External Image Picker
[2018.01.27-20.09.08:733][564]LogTemp: Executing iPhonePackager certificates Engine -bundlename com.YourCompany.BreakingNews
[2018.01.27-20.09.08:733][564]LogTemp: CWD: C:\Program Files\Epic Games\UE_4.18\Engine\Binaries\DotNET\IOS
[2018.01.27-20.09.08:733][564]LogTemp: Initial Dir: C:\Program Files\Epic Games\UE_4.18
[2018.01.27-20.09.08:733][564]LogTemp: Env CWD: C:\Program Files\Epic Games\UE_4.18\Engine\Binaries\DotNET\IOS
[2018.01.27-20.09.08:742][565]LogTemp: BranchPath = DESKTOP-5KF05JH/C/Program Files/Epic Games/UE_4.18/Engine/Binaries --- GameBranchPath = DESKTOP-5KF05JH/C/Program Files/Epic Games/UE_4.18/Engine/Binaries
[2018.01.27-20.09.08:747][566]LogTemp: IPP ERROR: Could not find provision directory 'C:\Users\UKGC\AppData\Local/Apple Computer/MobileDevice/Provisioning Profiles/'.
[2018.01.27-20.09.22:832][243]Cmd: OBJ SAVEPACKAGE PACKAGE="/Game/Maps/TestLevel" FILE="../../../../../../Users/UKGC/Documents/Unreal Projects/BreakingNews/Content/Maps/TestLevel.umap" SILENT=true AUTOSAVING=false KEEPDIRTY=false
[2018.01.27-20.09.22:882][243]LogSavePackage: Save=29.03ms
[2018.01.27-20.09.22:882][243]LogSavePackage: Moving '../../../../../../Users/UKGC/Documents/Unreal Projects/BreakingNews/Saved/TestLevelCA0866824EC6E6A3B18F32BC5B32EA73.tmp' to '../../../../../../Users/UKGC/Documents/Unreal Projects/BreakingNews/Content/Maps/TestLevel.umap'
[2018.01.27-20.09.22:884][243]LogSavePackage: Display: Finished SavePackage ../../../../../../Users/UKGC/Documents/Unreal Projects/BreakingNews/Content/Maps/TestLevel.umap
[2018.01.27-20.09.22:911][243]Cmd: OBJ SAVEPACKAGE PACKAGE="/Game/Maps/TestLevel_BuiltData" FILE="../../../../../../Users/UKGC/Documents/Unreal Projects/BreakingNews/Content/Maps/TestLevel_BuiltData.uasset" SILENT=true
[2018.01.27-20.09.22:924][243]LogSavePackage: Save=11.32ms
[2018.01.27-20.09.22:924][243]LogSavePackage: Moving '../../../../../../Users/UKGC/Documents/Unreal Projects/BreakingNews/Saved/TestLevel_BuiltData66AB2EDD441E02F6ADCE438B06FDE5CA.tmp' to '../../../../../../Users/UKGC/Documents/Unreal Projects/BreakingNews/Content/Maps/TestLevel_BuiltData.uasset'
[2018.01.27-20.09.22:926][243]LogSavePackage: Display: Finished SavePackage ../../../../../../Users/UKGC/Documents/Unreal Projects/BreakingNews/Content/Maps/TestLevel_BuiltData.uasset
[2018.01.27-20.10.26:958][ 86]Cmd: OBJ SAVEPACKAGE PACKAGE="/Game/Maps/TestLevel" FILE="../../../../../../Users/UKGC/Documents/Unreal Projects/BreakingNews/Content/Maps/TestLevel.umap" SILENT=true AUTOSAVING=false KEEPDIRTY=false
[2018.01.27-20.10.27:014][ 86]LogSavePackage: Save=29.66ms
[2018.01.27-20.10.27:014][ 86]LogSavePackage: Moving '../../../../../../Users/UKGC/Documents/Unreal Projects/BreakingNews/Saved/TestLevel624CC1E54E6461B7DF86C9BC9E54DB0D.tmp' to '../../../../../../Users/UKGC/Documents/Unreal Projects/BreakingNews/Content/Maps/TestLevel.umap'
[2018.01.27-20.10.27:015][ 86]LogSavePackage: Display: Finished SavePackage ../../../../../../Users/UKGC/Documents/Unreal Projects/BreakingNews/Content/Maps/TestLevel.umap
[2018.01.27-20.10.27:056][ 86]Cmd: OBJ SAVEPACKAGE PACKAGE="/Game/Maps/TestLevel_BuiltData" FILE="../../../../../../Users/UKGC/Documents/Unreal Projects/BreakingNews/Content/Maps/TestLevel_BuiltData.uasset" SILENT=true
[2018.01.27-20.10.27:075][ 86]LogSavePackage: Save=11.40ms
[2018.01.27-20.10.27:075][ 86]LogSavePackage: Moving '../../../../../../Users/UKGC/Documents/Unreal Projects/BreakingNews/Saved/TestLevel_BuiltData51AFEDF5484361E2663077A1DC6BF3B8.tmp' to '../../../../../../Users/UKGC/Documents/Unreal Projects/BreakingNews/Content/Maps/TestLevel_BuiltData.uasset'
[2018.01.27-20.10.27:077][ 86]LogSavePackage: Display: Finished SavePackage ../../../../../../Users/UKGC/Documents/Unreal Projects/BreakingNews/Content/Maps/TestLevel_BuiltData.uasset
[2018.01.27-20.10.28:092][191]LogWindowsTextInputMethodSystem: Display: IME system now deactivated.
[2018.01.27-20.10.28:276][192]Cmd: QUIT_EDITOR
[2018.01.27-20.10.28:416][192]LogExit: Preparing to exit.
[2018.01.27-20.10.29:008][192]LogDirectoryWatcher: A directory notification for 'C:/Users/UKGC/Documents/Unreal Projects/BreakingNews/Content/' was aborted.
[2018.01.27-20.10.29:037][192]LogExit: Editor shut down
[2018.01.27-20.10.29:042][192]LogExit: Transaction tracking system shut down
[2018.01.27-20.10.29:198][192]LogDirectoryWatcher: A directory notification for '../../../Engine/Content/' was aborted.
[2018.01.27-20.10.29:198][192]LogDirectoryWatcher: A directory notification for '../../../../../../Users/UKGC/Documents/Unreal Projects/BreakingNews/Content/' was aborted.
[2018.01.27-20.10.29:198][192]LogDirectoryWatcher: A directory notification for '../../../Engine/Plugins/2D/Paper2D/Content/' was aborted.
[2018.01.27-20.10.29:198][192]LogDirectoryWatcher: A directory notification for '../../../Engine/Plugins/Media/MediaCompositing/Content/' was aborted.
[2018.01.27-20.10.29:198][192]LogDirectoryWatcher: A directory notification for '../../../Engine/Plugins/Runtime/AppleARKit/Content/' was aborted.
[2018.01.27-20.10.29:269][192]LogExit: Object subsystem successfully closed.
[2018.01.27-20.10.29:290][192]LogD3D11RHI: Shutdown
[2018.01.27-20.10.29:290][192]LogD3D11RHI: CleanupD3DDevice
[2018.01.27-20.10.29:292][192]LogD3D11RHI: ~FD3D11DynamicRHI
[2018.01.27-20.10.29:308][192]LogModuleManager: Shutting down and abandoning module BlueprintGraph (548)
[2018.01.27-20.10.29:308][192]LogModuleManager: Shutting down and abandoning module MovieSceneCapture (546)
[2018.01.27-20.10.29:308][192]LogModuleManager: Shutting down and abandoning module ExternalImagePicker (544)
[2018.01.27-20.10.29:308][192]LogModuleManager: Shutting down and abandoning module HierarchicalLODOutliner (542)
[2018.01.27-20.10.29:308][192]LogModuleManager: Shutting down and abandoning module SceneOutliner (540)
[2018.01.27-20.10.29:308][192]LogModuleManager: Shutting down and abandoning module AddContentDialog (538)
[2018.01.27-20.10.29:308][192]LogDirectoryWatcher: A directory notification for 'C:/Program Files/Epic Games/UE_4.18/FeaturePacks/' was aborted.
[2018.01.27-20.10.29:310][192]LogModuleManager: Shutting down and abandoning module WidgetCarousel (537)
[2018.01.27-20.10.29:310][192]LogModuleManager: Shutting down and abandoning module EditorWidgets (534)
[2018.01.27-20.10.29:310][192]LogModuleManager: Shutting down and abandoning module CollectionManager (532)
[2018.01.27-20.10.29:310][192]LogDirectoryWatcher: A directory notification for 'C:/Users/UKGC/Documents/Unreal Projects/BreakingNews/Content/Collections/' was aborted.
[2018.01.27-20.10.29:310][192]LogDirectoryWatcher: A directory notification for 'C:/Users/UKGC/Documents/Unreal Projects/BreakingNews/Content/Developers/UKGC/Collections/' was aborted.
[2018.01.27-20.10.29:311][192]LogDirectoryWatcher: A directory notification for 'C:/Users/UKGC/Documents/Unreal Projects/BreakingNews/Saved/Collections/' was aborted.
[2018.01.27-20.10.29:311][192]LogModuleManager: Shutting down and abandoning module HierarchicalLODUtilities (530)
[2018.01.27-20.10.29:311][192]LogModuleManager: Shutting down and abandoning module StatsViewer (528)
[2018.01.27-20.10.29:311][192]LogModuleManager: Shutting down and abandoning module FoliageEdit (526)
[2018.01.27-20.10.29:311][192]LogModuleManager: Shutting down and abandoning module LandscapeEditor (524)
[2018.01.27-20.10.29:311][192]LogModuleManager: Shutting down and abandoning module MeshPaintMode (522)
[2018.01.27-20.10.29:311][192]LogModuleManager: Shutting down and abandoning module SceneDepthPickerMode (520)
[2018.01.27-20.10.29:311][192]LogModuleManager: Shutting down and abandoning module ActorPickerMode (518)
[2018.01.27-20.10.29:311][192]LogModuleManager: Shutting down and abandoning module GeometryMode (516)
[2018.01.27-20.10.29:311][192]LogModuleManager: Shutting down and abandoning module TextureAlignMode (514)
[2018.01.27-20.10.29:311][192]LogModuleManager: Shutting down and abandoning module BspMode (512)
[2018.01.27-20.10.29:311][192]LogModuleManager: Shutting down and abandoning module PIEPreviewDeviceProfileSelector (510)
[2018.01.27-20.10.29:311][192]LogModuleManager: Shutting down and abandoning module HardwareSurvey (508)
[2018.01.27-20.10.29:311][192]LogModuleManager: Shutting down and abandoning module SequenceRecorderSections (506)
[2018.01.27-20.10.29:311][192]LogModuleManager: Shutting down and abandoning module AutomationWorker (504)
[2018.01.27-20.10.29:311][192]LogModuleManager: Shutting down and abandoning module MatineeToLevelSequence (502)
[2018.01.27-20.10.29:311][192]LogModuleManager: Shutting down and abandoning module LevelSequenceEditor (500)
[2018.01.27-20.10.29:311][192]LogModuleManager: Shutting down and abandoning module PlacementMode (499)
[2018.01.27-20.10.29:311][192]LogModuleManager: Shutting down and abandoning module WmfMediaFactory (496)
[2018.01.27-20.10.29:311][192]LogModuleManager: Shutting down and abandoning module WmfMediaEditor (494)
[2018.01.27-20.10.29:311][192]LogModuleManager: Shutting down and abandoning module OpenExrWrapper (492)
[2018.01.27-20.10.29:311][192]LogModuleManager: Shutting down and abandoning module ImgMediaFactory (490)
[2018.01.27-20.10.29:311][192]LogModuleManager: Shutting down and abandoning module ImgMediaEditor (488)
[2018.01.27-20.10.29:311][192]LogModuleManager: Shutting down and abandoning module AvfMediaFactory (486)
[2018.01.27-20.10.29:311][192]LogModuleManager: Shutting down and abandoning module AvfMediaEditor (484)
[2018.01.27-20.10.29:311][192]LogModuleManager: Shutting down and abandoning module AndroidMediaFactory (482)
[2018.01.27-20.10.29:311][192]LogModuleManager: Shutting down and abandoning module AndroidMediaEditor (480)
[2018.01.27-20.10.29:311][192]LogModuleManager: Shutting down and abandoning module CharacterAI (478)
[2018.01.27-20.10.29:311][192]LogModuleManager: Shutting down and abandoning module AudioCapture (476)
[2018.01.27-20.10.29:311][192]LogModuleManager: Shutting down and abandoning module SequenceRecorder (475)
[2018.01.27-20.10.29:311][192]LogModuleManager: Shutting down and abandoning module SmartSnapping (472)
[2018.01.27-20.10.29:311][192]LogModuleManager: Shutting down and abandoning module SessionServices (470)
[2018.01.27-20.10.29:311][192]LogModuleManager: Shutting down and abandoning module ViewportSnapping (468)
[2018.01.27-20.10.29:312][192]LogModuleManager: Shutting down and abandoning module ViewportInteraction (466)
[2018.01.27-20.10.29:312][192]LogModuleManager: Shutting down and abandoning module ClothPainter (464)
[2018.01.27-20.10.29:312][192]LogModuleManager: Shutting down and abandoning module SkeletalMeshEditor (463)
[2018.01.27-20.10.29:312][192]LogModuleManager: Shutting down and abandoning module LogVisualizer (460)
[2018.01.27-20.10.29:312][192]LogModuleManager: Shutting down and abandoning module IntroTutorials (458)
[2018.01.27-20.10.29:312][192]LogModuleManager: Shutting down and abandoning module GameProjectGeneration (457)
[2018.01.27-20.10.29:312][192]LogModuleManager: Shutting down and abandoning module IOSPlatformEditor (454)
[2018.01.27-20.10.29:312][192]LogModuleManager: Shutting down and abandoning module HTML5PlatformEditor (452)
[2018.01.27-20.10.29:312][192]LogModuleManager: Shutting down and abandoning module AndroidPlatformEditor (450)
[2018.01.27-20.10.29:312][192]LogModuleManager: Shutting down and abandoning module AndroidDeviceDetection (449)
[2018.01.27-20.10.29:858][192]LogModuleManager: Shutting down and abandoning module WindowsPlatformEditor (446)
[2018.01.27-20.10.29:858][192]LogModuleManager: Shutting down and abandoning module IOSRuntimeSettings (444)
[2018.01.27-20.10.29:858][192]LogModuleManager: Shutting down and abandoning module AndroidRuntimeSettings (442)
[2018.01.27-20.10.29:858][192]LogModuleManager: Shutting down and abandoning module InputBindingEditor (440)
[2018.01.27-20.10.29:858][192]LogModuleManager: Shutting down and abandoning module MergeActors (438)
[2018.01.27-20.10.29:858][192]LogModuleManager: Shutting down and abandoning module SizeMap (436)
[2018.01.27-20.10.29:858][192]LogModuleManager: Shutting down and abandoning module TreeMap (434)
[2018.01.27-20.10.29:858][192]LogModuleManager: Shutting down and abandoning module ReferenceViewer (432)
[2018.01.27-20.10.29:858][192]LogModuleManager: Shutting down and abandoning module LocalizationDashboard (430)
[2018.01.27-20.10.29:858][192]LogModuleManager: Shutting down and abandoning module LocalizationService (429)
[2018.01.27-20.10.29:858][192]LogModuleManager: Shutting down and abandoning module HardwareTargeting (426)
[2018.01.27-20.10.29:858][192]LogModuleManager: Shutting down and abandoning module DeviceProfileEditor (424)
[2018.01.27-20.10.29:858][192]LogModuleManager: Shutting down and abandoning module UndoHistory (422)
[2018.01.27-20.10.29:858][192]LogModuleManager: Shutting down and abandoning module XmlParser (420)
[2018.01.27-20.10.29:858][192]LogModuleManager: Shutting down and abandoning module Blutility (418)
[2018.01.27-20.10.29:858][192]LogModuleManager: Shutting down and abandoning module ProjectSettingsViewer (416)
[2018.01.27-20.10.29:858][192]LogModuleManager: Shutting down and abandoning module ProjectTargetPlatformEditor (415)
[2018.01.27-20.10.29:859][192]LogModuleManager: Shutting down and abandoning module EditorSettingsViewer (412)
[2018.01.27-20.10.29:859][192]LogModuleManager: Shutting down and abandoning module SettingsEditor (410)
[2018.01.27-20.10.29:859][192]LogModuleManager: Shutting down and abandoning module ProjectLauncher (408)
[2018.01.27-20.10.29:859][192]LogModuleManager: Shutting down and abandoning module SessionFrontend (406)
[2018.01.27-20.10.29:859][192]LogModuleManager: Shutting down and abandoning module ProfilerClient (404)
[2018.01.27-20.10.29:859][192]LogModuleManager: Shutting down and abandoning module DeviceManager (402)
[2018.01.27-20.10.29:859][192]LogModuleManager: Shutting down and abandoning module TargetDeviceServices (401)
[2018.01.27-20.10.29:912][192]LogModuleManager: Shutting down and abandoning module AutomationController (398)
[2018.01.27-20.10.29:912][192]LogModuleManager: Shutting down and abandoning module AutomationWindow (396)
[2018.01.27-20.10.29:912][192]LogModuleManager: Shutting down and abandoning module Layers (394)
[2018.01.27-20.10.29:912][192]LogModuleManager: Shutting down and abandoning module ComponentVisualizers (392)
[2018.01.27-20.10.29:912][192]LogModuleManager: Shutting down and abandoning module DetailCustomizations (390)
[2018.01.27-20.10.29:912][192]LogModuleManager: Shutting down and abandoning module PackagesDialog (388)
[2018.01.27-20.10.29:912][192]LogModuleManager: Shutting down and abandoning module Persona (386)
[2018.01.27-20.10.29:912][192]LogModuleManager: Shutting down and abandoning module AdvancedPreviewScene (385)
[2018.01.27-20.10.29:912][192]LogModuleManager: Shutting down and abandoning module AnimGraph (383)
[2018.01.27-20.10.29:912][192]LogModuleManager: Shutting down and abandoning module Kismet (380)
[2018.01.27-20.10.29:918][192]LogModuleManager: Shutting down and abandoning module ClassViewer (378)
[2018.01.27-20.10.29:918][192]LogModuleManager: Shutting down and abandoning module Toolbox (376)
[2018.01.27-20.10.29:918][192]LogModuleManager: Shutting down and abandoning module ModuleUI (374)
[2018.01.27-20.10.29:918][192]LogModuleManager: Shutting down and abandoning module MovieSceneTools (372)
[2018.01.27-20.10.29:918][192]LogModuleManager: Shutting down and abandoning module OutputLog (370)
[2018.01.27-20.10.29:918][192]LogModuleManager: Shutting down and abandoning module GammaUI (368)
[2018.01.27-20.10.29:918][192]LogModuleManager: Shutting down and abandoning module Documentation (366)
[2018.01.27-20.10.29:918][192]LogModuleManager: Shutting down and abandoning module MovieSceneTracks (364)
[2018.01.27-20.10.29:918][192]LogModuleManager: Shutting down and abandoning module MovieScene (362)
[2018.01.27-20.10.29:918][192]LogModuleManager: Shutting down and abandoning module StreamingPauseRendering (360)
[2018.01.27-20.10.29:919][192]LogModuleManager: Shutting down and abandoning module LauncherPlatform (358)
[2018.01.27-20.10.29:919][192]LogModuleManager: Shutting down and abandoning module AnalyticsET (356)
[2018.01.27-20.10.29:919][192]LogModuleManager: Shutting down and abandoning module PortalServices (354)
[2018.01.27-20.10.29:919][192]LogModuleManager: Shutting down and abandoning module PortalRpc (352)
[2018.01.27-20.10.29:919][192]LogModuleManager: Shutting down and abandoning module MessagingRpc (350)
[2018.01.27-20.10.29:919][192]LogModuleManager: Shutting down and abandoning module AIModule (348)
[2018.01.27-20.10.29:919][192]LogModuleManager: Shutting down and abandoning module GameplayDebugger (347)
[2018.01.27-20.10.29:919][192]LogModuleManager: Shutting down and abandoning module AITestSuite (345)
[2018.01.27-20.10.29:919][192]LogModuleManager: Shutting down and abandoning module DesktopPlatform (342)
[2018.01.27-20.10.29:919][192]LogModuleManager: Shutting down and abandoning module ProfilerService (340)
[2018.01.27-20.10.30:142][192]LogModuleManager: Shutting down and abandoning module TaskGraph (338)
[2018.01.27-20.10.30:143][192]LogModuleManager: Shutting down and abandoning module ProceduralMeshComponentEditor (336)
[2018.01.27-20.10.30:143][192]LogModuleManager: Shutting down and abandoning module ProceduralMeshComponent (334)
[2018.01.27-20.10.30:143][192]LogModuleManager: Shutting down and abandoning module MobilePatchingUtils (332)
[2018.01.27-20.10.30:143][192]LogModuleManager: Shutting down and abandoning module CustomMeshComponent (330)
[2018.01.27-20.10.30:143][192]LogModuleManager: Shutting down and abandoning module CableComponent (328)
[2018.01.27-20.10.30:143][192]LogModuleManager: Shutting down and abandoning module ArchVisCharacter (326)
[2018.01.27-20.10.30:143][192]LogModuleManager: Shutting down and abandoning module AndroidPermission (324)
[2018.01.27-20.10.30:143][192]LogModuleManager: Shutting down and abandoning module ActorSequence (320)
[2018.01.27-20.10.30:143][192]LogModuleManager: Shutting down and abandoning module MediaPlayerEditor (318)
[2018.01.27-20.10.30:143][192]LogModuleManager: Shutting down and abandoning module MediaCompositingEditor (316)
[2018.01.27-20.10.30:143][192]LogModuleManager: Shutting down and abandoning module MediaCompositing (314)
[2018.01.27-20.10.30:143][192]LogModuleManager: Shutting down and abandoning module HTML5Networking (312)
[2018.01.27-20.10.30:143][192]LogModuleManager: Shutting down and abandoning module AlembicImporter (310)
[2018.01.27-20.10.30:143][192]LogModuleManager: Shutting down and abandoning module AlembicLibrary (309)
[2018.01.27-20.10.30:143][192]LogModuleManager: Shutting down and abandoning module GeometryCache (308)
[2018.01.27-20.10.30:143][192]LogModuleManager: Shutting down and abandoning module GeometryCacheEd (307)
[2018.01.27-20.10.30:143][192]LogModuleManager: Shutting down and abandoning module SpeedTreeImporter (302)
[2018.01.27-20.10.30:143][192]LogModuleManager: Shutting down and abandoning module PluginBrowser (300)
[2018.01.27-20.10.30:143][192]LogModuleManager: Shutting down and abandoning module MobileLauncherProfileWizard (298)
[2018.01.27-20.10.30:143][192]LogModuleManager: Shutting down and abandoning module VisualStudioSourceCodeAccess (296)
[2018.01.27-20.10.30:143][192]LogModuleManager: Shutting down and abandoning module VisualStudioCodeSourceCodeAccess (294)
[2018.01.27-20.10.30:143][192]LogModuleManager: Shutting down and abandoning module UObjectPlugin (292)
[2018.01.27-20.10.30:143][192]LogModuleManager: Shutting down and abandoning module SubversionSourceControl (290)
[2018.01.27-20.10.30:143][192]LogModuleManager: Shutting down and abandoning module PerforceSourceControl (288)
[2018.01.27-20.10.30:143][192]LogModuleManager: Shutting down and abandoning module GitSourceControl (286)
[2018.01.27-20.10.30:143][192]LogModuleManager: Shutting down and abandoning module SourceControl (285)
[2018.01.27-20.10.30:143][192]LogModuleManager: Shutting down and abandoning module LightPropagationVolumeEditor (282)
[2018.01.27-20.10.30:143][192]LogModuleManager: Shutting down and abandoning module PaperTiledImporter (280)
[2018.01.27-20.10.30:143][192]LogModuleManager: Shutting down and abandoning module PaperSpriteSheetImporter (278)
[2018.01.27-20.10.30:143][192]LogModuleManager: Shutting down and abandoning module Paper2DEditor (276)
[2018.01.27-20.10.30:143][192]LogModuleManager: Shutting down and abandoning module MeshPaint (275)
[2018.01.27-20.10.30:143][192]LogModuleManager: Shutting down and abandoning module LevelEditor (273)
[2018.01.27-20.10.30:144][192]LogModuleManager: Shutting down and abandoning module PixelInspectorModule (272)
[2018.01.27-20.10.30:144][192]LogModuleManager: Shutting down and abandoning module MainFrame (270)
[2018.01.27-20.10.30:144][192]LogModuleManager: Shutting down and abandoning module HotReload (269)
[2018.01.27-20.10.30:145][192]LogModuleManager: Shutting down and abandoning module RuntimePhysXCooking (264)
[2018.01.27-20.10.30:145][192]LogModuleManager: Shutting down and abandoning module PhysXVehiclesEditor (262)
[2018.01.27-20.10.30:145][192]LogModuleManager: Shutting down and abandoning module PhysXVehicles (260)
[2018.01.27-20.10.30:145][192]LogModuleManager: Shutting down and abandoning module LocationServicesBPLibrary (258)
[2018.01.27-20.10.30:145][192]LogModuleManager: Shutting down and abandoning module ImmediatePhysicsEditor (256)
[2018.01.27-20.10.30:145][192]LogModuleManager: Shutting down and abandoning module ImmediatePhysics (254)
[2018.01.27-20.10.30:145][192]LogModuleManager: Shutting down and abandoning module UdpMessaging (252)
[2018.01.27-20.10.30:245][192]LogModuleManager: Shutting down and abandoning module TcpMessaging (250)
[2018.01.27-20.10.30:346][192]LogModuleManager: Shutting down and abandoning module BlueManVehiclePhysics (248)
[2018.01.27-20.10.30:346][192]LogModuleManager: Shutting down and abandoning module GameplayTagsEditor (246)
[2018.01.27-20.10.30:346][192]LogModuleManager: Shutting down and abandoning module FacialAnimationEditor (244)
[2018.01.27-20.10.30:346][192]LogModuleManager: Shutting down and abandoning module FacialAnimation (242)
[2018.01.27-20.10.30:346][192]LogModuleManager: Shutting down and abandoning module AssetManagerEditor (240)
[2018.01.27-20.10.30:347][192]LogModuleManager: Shutting down and abandoning module GraphEditor (239)
[2018.01.27-20.10.30:347][192]LogModuleManager: Shutting down and abandoning module ContentBrowser (237)
[2018.01.27-20.10.30:348][192]LogModuleManager: Shutting down and abandoning module LightPropagationVolumeRuntime (234)
[2018.01.27-20.10.30:348][192]LogModuleManager: Shutting down and abandoning module Paper2D (232)
[2018.01.27-20.10.30:348][192]LogModuleManager: Shutting down and abandoning module WindowsMoviePlayer (230)
[2018.01.27-20.10.30:348][192]LogModuleManager: Shutting down and abandoning module WmfMedia (228)
[2018.01.27-20.10.30:348][192]LogModuleManager: Shutting down and abandoning module ImgMedia (226)
[2018.01.27-20.10.30:348][192]LogModuleManager: Shutting down and abandoning module PacketHandler (224)
[2018.01.27-20.10.30:348][192]LogModuleManager: Shutting down and abandoning module ClothingSystemEditor (222)
[2018.01.27-20.10.30:348][192]LogModuleManager: Shutting down and abandoning module ClothingSystemRuntime (220)
[2018.01.27-20.10.30:348][192]LogModuleManager: Shutting down and abandoning module MediaAssets (218)
[2018.01.27-20.10.30:348][192]LogModuleManager: Shutting down and abandoning module Media (217)
[2018.01.27-20.10.30:355][192]LogModuleManager: Shutting down and abandoning module Overlay (214)
[2018.01.27-20.10.30:355][192]LogModuleManager: Shutting down and abandoning module OverlayEditor (213)
[2018.01.27-20.10.30:355][192]LogModuleManager: Shutting down and abandoning module VREditor (210)
[2018.01.27-20.10.30:355][192]LogModuleManager: Shutting down and abandoning module StringTableEditor (208)
[2018.01.27-20.10.30:355][192]LogModuleManager: Shutting down and abandoning module GameplayTasksEditor (206)
[2018.01.27-20.10.30:355][192]LogModuleManager: Shutting down and abandoning module BehaviorTreeEditor (204)
[2018.01.27-20.10.30:355][192]LogModuleManager: Shutting down and abandoning module FunctionalTesting (202)
[2018.01.27-20.10.30:355][192]LogModuleManager: Shutting down and abandoning module CollisionAnalyzer (200)
[2018.01.27-20.10.30:355][192]LogModuleManager: Shutting down and abandoning module WorkspaceMenuStructure (199)
[2018.01.27-20.10.30:355][192]LogModuleManager: Shutting down and abandoning module UMG (196)
[2018.01.27-20.10.30:355][192]LogModuleManager: Shutting down and abandoning module UMGEditor (195)
[2018.01.27-20.10.30:355][192]LogModuleManager: Shutting down and abandoning module Sequencer (194)
[2018.01.27-20.10.30:355][192]LogModuleManager: Shutting down and abandoning module MessageLog (191)
[2018.01.27-20.10.30:355][192]LogModuleManager: Shutting down and abandoning module SlateReflector (186)
[2018.01.27-20.10.30:355][192]LogModuleManager: Shutting down and abandoning module Slate (184)
[2018.01.27-20.10.30:355][192]LogModuleManager: Shutting down and abandoning module EditorStyle (182)
[2018.01.27-20.10.30:358][192]LogModuleManager: Shutting down and abandoning module MRMesh (180)
[2018.01.27-20.10.30:358][192]LogModuleManager: Shutting down and abandoning module SourceCodeAccess (178)
[2018.01.27-20.10.30:358][192]LogModuleManager: Shutting down and abandoning module HeadMountedDisplay (176)
[2018.01.27-20.10.30:358][192]LogModuleManager: Shutting down and abandoning module XAudio2 (174)
[2018.01.27-20.10.30:358][192]LogModuleManager: Shutting down and abandoning module Networking (172)
[2018.01.27-20.10.30:358][192]LogModuleManager: Shutting down and abandoning module Core (168)
[2018.01.27-20.10.30:358][192]LogModuleManager: Shutting down and abandoning module LevelSequence (164)
[2018.01.27-20.10.30:358][192]LogModuleManager: Shutting down and abandoning module DirectoryWatcher (162)
[2018.01.27-20.10.30:359][192]LogModuleManager: Shutting down and abandoning module KismetCompiler (160)
[2018.01.27-20.10.30:359][192]LogModuleManager: Shutting down and abandoning module MeshUtilities (158)
[2018.01.27-20.10.30:359][192]LogModuleManager: Shutting down and abandoning module MeshMergeUtilities (157)
[2018.01.27-20.10.30:359][192]LogModuleManager: Shutting down and abandoning module MeshReductionInterface (156)
[2018.01.27-20.10.30:359][192]LogModuleManager: Shutting down and abandoning module SimplygonSwarm (155)
[2018.01.27-20.10.30:359][192]LogModuleManager: Shutting down and abandoning module SimplygonMeshReduction (153)
[2018.01.27-20.10.30:359][192]LogModuleManager: Shutting down and abandoning module QuadricMeshReduction (151)
[2018.01.27-20.10.30:359][192]LogModuleManager: Shutting down and abandoning module MaterialBaking (147)
[2018.01.27-20.10.30:359][192]LogModuleManager: Shutting down and abandoning module DerivedDataCache (144)
[2018.01.27-20.10.30:424][192]LogDerivedDataCache: Shutdown
[2018.01.27-20.10.30:424][192]LogModuleManager: Shutting down and abandoning module TargetPlatform (142)
[2018.01.27-20.10.30:424][192]LogModuleManager: Shutting down and abandoning module VulkanShaderFormat (141)
[2018.01.27-20.10.30:424][192]LogModuleManager: Shutting down and abandoning module ShaderFormatVectorVM (139)
[2018.01.27-20.10.30:424][192]LogModuleManager: Shutting down and abandoning module ShaderFormatOpenGL (137)
[2018.01.27-20.10.30:424][192]LogModuleManager: Shutting down and abandoning module ShaderFormatD3D (135)
[2018.01.27-20.10.30:424][192]LogModuleManager: Shutting down and abandoning module MetalShaderFormat (133)
[2018.01.27-20.10.30:424][192]LogModuleManager: Shutting down and abandoning module TextureFormatUncompressed (131)
[2018.01.27-20.10.30:424][192]LogModuleManager: Shutting down and abandoning module TextureFormatPVR (129)
[2018.01.27-20.10.30:424][192]LogModuleManager: Shutting down and abandoning module TextureFormatDXT (127)
[2018.01.27-20.10.30:424][192]LogModuleManager: Shutting down and abandoning module TextureFormatIntelISPCTexComp (125)
[2018.01.27-20.10.30:424][192]LogModuleManager: Shutting down and abandoning module TextureFormatASTC (123)
[2018.01.27-20.10.30:424][192]LogModuleManager: Shutting down and abandoning module ImageWrapper (122)
[2018.01.27-20.10.30:424][192]LogModuleManager: Shutting down and abandoning module TextureFormatAndroid (119)
[2018.01.27-20.10.30:424][192]LogModuleManager: Shutting down and abandoning module AudioFormatOpus (117)
[2018.01.27-20.10.30:424][192]LogModuleManager: Shutting down and abandoning module AudioFormatOgg (115)
[2018.01.27-20.10.30:424][192]LogModuleManager: Shutting down and abandoning module AudioFormatADPCM (113)
[2018.01.27-20.10.30:424][192]LogModuleManager: Shutting down and abandoning module LinuxTargetPlatform (111)
[2018.01.27-20.10.30:424][192]LogModuleManager: Shutting down and abandoning module LinuxServerTargetPlatform (109)
[2018.01.27-20.10.30:424][192]LogModuleManager: Shutting down and abandoning module LinuxNoEditorTargetPlatform (107)
[2018.01.27-20.10.30:424][192]LogModuleManager: Shutting down and abandoning module LinuxClientTargetPlatform (105)
[2018.01.27-20.10.30:424][192]LogModuleManager: Shutting down and abandoning module TVOSTargetPlatform (103)
[2018.01.27-20.10.30:425][192]LogModuleManager: Shutting down and abandoning module Messaging (101)
[2018.01.27-20.10.30:425][192]LogModuleManager: Shutting down and abandoning module IOSTargetPlatform (99)
[2018.01.27-20.10.30:425][192]LogModuleManager: Shutting down and abandoning module HTML5TargetPlatform (97)
[2018.01.27-20.10.30:425][192]LogModuleManager: Shutting down and abandoning module AndroidTargetPlatform (95)
[2018.01.27-20.10.30:425][192]LogModuleManager: Shutting down and abandoning module Android_PVRTCTargetPlatform (93)
[2018.01.27-20.10.30:425][192]LogModuleManager: Shutting down and abandoning module Android_MultiTargetPlatform (91)
[2018.01.27-20.10.30:425][192]LogModuleManager: Shutting down and abandoning module Android_ETC2TargetPlatform (89)
[2018.01.27-20.10.30:425][192]LogModuleManager: Shutting down and abandoning module Android_ETC1TargetPlatform (87)
[2018.01.27-20.10.30:425][192]LogModuleManager: Shutting down and abandoning module Android_DXTTargetPlatform (85)
[2018.01.27-20.10.30:425][192]LogModuleManager: Shutting down and abandoning module Android_ATCTargetPlatform (83)
[2018.01.27-20.10.30:425][192]LogModuleManager: Shutting down and abandoning module Android_ASTCTargetPlatform (81)
[2018.01.27-20.10.30:425][192]LogModuleManager: Shutting down and abandoning module WindowsTargetPlatform (79)
[2018.01.27-20.10.30:425][192]LogModuleManager: Shutting down and abandoning module WindowsServerTargetPlatform (77)
[2018.01.27-20.10.30:425][192]LogModuleManager: Shutting down and abandoning module WindowsNoEditorTargetPlatform (75)
[2018.01.27-20.10.30:425][192]LogModuleManager: Shutting down and abandoning module WindowsClientTargetPlatform (73)
[2018.01.27-20.10.30:425][192]LogModuleManager: Shutting down and abandoning module MacTargetPlatform (71)
[2018.01.27-20.10.30:425][192]LogModuleManager: Shutting down and abandoning module MacServerTargetPlatform (69)
[2018.01.27-20.10.30:425][192]LogModuleManager: Shutting down and abandoning module MacNoEditorTargetPlatform (67)
[2018.01.27-20.10.30:425][192]LogModuleManager: Shutting down and abandoning module MacClientTargetPlatform (65)
[2018.01.27-20.10.30:425][192]LogModuleManager: Shutting down and abandoning module AllDesktopTargetPlatform (63)
[2018.01.27-20.10.30:425][192]LogModuleManager: Shutting down and abandoning module InputCore (60)
[2018.01.27-20.10.30:425][192]LogModuleManager: Shutting down and abandoning module Settings (58)
[2018.01.27-20.10.30:425][192]LogModuleManager: Shutting down and abandoning module PhysXCooking (56)
[2018.01.27-20.10.30:425][192]LogModuleManager: Shutting down and abandoning module ExampleDeviceProfileSelector (54)
[2018.01.27-20.10.30:425][192]LogModuleManager: Shutting down and abandoning module AppleARKit (52)
[2018.01.27-20.10.30:425][192]LogModuleManager: Shutting down and abandoning module AugmentedReality (51)
[2018.01.27-20.10.30:425][192]LogModuleManager: Shutting down and abandoning module OnlineBlueprintSupport (48)
[2018.01.27-20.10.30:425][192]LogModuleManager: Shutting down and abandoning module OnlineSubsystem (44)
[2018.01.27-20.10.30:426][192]LogModuleManager: Shutting down and abandoning module XMPP (43)
[2018.01.27-20.10.30:426][192]LogModuleManager: Shutting down and abandoning module HTTP (41)
[2018.01.27-20.10.30:426][192]LogHttp: Display: Http module shutting down, but needs to wait on 1 outstanding Http requests:
[2018.01.27-20.10.30:426][192]LogHttp: Display: 	verb=[POST] url=[https://datarouter.ol.epicgames.com/datarouter/api/v1/public/data?SessionID=%7BF85E1C2A-4905-44DC-2700-65B122C6EE4B%7D&AppID=UEEditor.Rocket.Release&AppVersion=4.18.3-3832480%2B%2B%2BUE4%2BRelease-4.18&UserID=ed3317834df7a7d491482aa2d8370976%7Ce44fef83a7294e8da2c5b567464e1b2d%7C3ae88ec0-947a-4547-93f5-6d5bcf1f7ace&AppEnvironment=datacollector-binary&UploadType=eteventstream] status=Processing
[2018.01.27-20.10.30:454][192]LogModuleManager: Shutting down and abandoning module SSL (40)
[2018.01.27-20.10.30:456][192]LogModuleManager: Shutting down and abandoning module AnimationModifiers (36)
[2018.01.27-20.10.30:456][192]LogModuleManager: Shutting down and abandoning module PropertyEditor (35)
[2018.01.27-20.10.30:456][192]LogModuleManager: Shutting down and abandoning module AudioEditor (32)
[2018.01.27-20.10.30:456][192]LogModuleManager: Shutting down and abandoning module TextureCompressor (30)
[2018.01.27-20.10.30:456][192]LogModuleManager: Shutting down and abandoning module ShaderCore (28)
[2018.01.27-20.10.30:456][192]LogModuleManager: Shutting down and abandoning module Landscape (26)
[2018.01.27-20.10.30:456][192]LogModuleManager: Shutting down and abandoning module SlateRHIRenderer (24)
[2018.01.27-20.10.30:458][192]LogModuleManager: Shutting down and abandoning module OpenGLDrv (22)
[2018.01.27-20.10.30:458][192]LogModuleManager: Shutting down and abandoning module D3D11RHI (20)
[2018.01.27-20.10.30:458][192]LogModuleManager: Shutting down and abandoning module AnimGraphRuntime (18)
[2018.01.27-20.10.30:458][192]LogModuleManager: Shutting down and abandoning module Renderer (16)
[2018.01.27-20.10.30:458][192]LogModuleManager: Shutting down and abandoning module Engine (14)
[2018.01.27-20.10.30:458][192]LogModuleManager: Shutting down and abandoning module CoreUObject (12)
[2018.01.27-20.10.30:458][192]LogModuleManager: Shutting down and abandoning module NetworkFile (10)
[2018.01.27-20.10.30:458][192]LogModuleManager: Shutting down and abandoning module CookedIterativeFile (8)
[2018.01.27-20.10.30:458][192]LogModuleManager: Shutting down and abandoning module StreamingFile (6)
[2018.01.27-20.10.30:458][192]LogModuleManager: Shutting down and abandoning module SandboxFile (4)
[2018.01.27-20.10.30:458][192]LogModuleManager: Shutting down and abandoning module PakFile (2)
[2018.01.27-20.10.30:461][192]LogExit: Exiting.
[2018.01.27-20.10.30:477][192]Log file closed, 01/27/18 20:10:30
