Log file open, 01/28/18 22:18:37
LogWindows: Failed to load 'aqProf.dll' (GetLastError=126)
LogWindows: File 'aqProf.dll' does not exist
LogWindows: Failed to load 'VSPerf140.dll' (GetLastError=126)
LogWindows: File 'VSPerf140.dll' does not exist
LogWindows: Failed to load 'VtuneApi.dll' (GetLastError=126)
LogWindows: File 'VtuneApi.dll' does not exist
LogWindows: Failed to load 'VtuneApi32e.dll' (GetLastError=126)
LogWindows: File 'VtuneApi32e.dll' does not exist
LogInit: Display: Running engine for game: BreakingNews
LogPlatformFile: Not using cached read wrapper
LogInit: Display: RandInit(-1959433966) SRandInit(-1959433966).
LogInit: Read version file with build ID '3709383'
LogInit: Overriding engine version to CL 3832480, compatible CL 3709383
LogInit: Registered custom module enumerator with build ID '3709383'
LogTaskGraph: Started task graph with 5 named threads and 14 total threads with 3 sets of task threads.
LogStats: Stats thread started at 0.169038
LogD3D11RHI: Aftermath initialized
LogModuleManager: Display: Found up-to-date module file ../../../Engine/Plugins/Marketplace/BlueManVehiclePhysics/Binaries/Win64/UE4Editor-BlueManVehiclePhysics.dll (API version 3709383).
LogModuleManager: Display: Found up-to-date module file ../../../Engine/Plugins/2D/Paper2D/Binaries/Win64/UE4Editor-Paper2D.dll (API version 3709383).
LogModuleManager: Display: Found up-to-date module file ../../../Engine/Plugins/2D/Paper2D/Binaries/Win64/UE4Editor-Paper2DEditor.dll (API version 3709383).
LogModuleManager: Display: Found up-to-date module file ../../../Engine/Plugins/2D/Paper2D/Binaries/Win64/UE4Editor-PaperSpriteSheetImporter.dll (API version 3709383).
LogModuleManager: Display: Found up-to-date module file ../../../Engine/Plugins/2D/Paper2D/Binaries/Win64/UE4Editor-PaperTiledImporter.dll (API version 3709383).
LogModuleManager: Display: Found up-to-date module file ../../../Engine/Plugins/2D/Paper2D/Binaries/Win64/UE4Editor-SmartSnapping.dll (API version 3709383).
LogModuleManager: Display: Found up-to-date module file ../../../Engine/Plugins/Blendables/LightPropagationVolume/Binaries/Win64/UE4Editor-LightPropagationVolumeRuntime.dll (API version 3709383).
LogModuleManager: Display: Found up-to-date module file ../../../Engine/Plugins/Blendables/LightPropagationVolume/Binaries/Win64/UE4Editor-LightPropagationVolumeEditor.dll (API version 3709383).
LogModuleManager: Display: Found up-to-date module file ../../../Engine/Plugins/Developer/GitSourceControl/Binaries/Win64/UE4Editor-GitSourceControl.dll (API version 3709383).
LogModuleManager: Display: Found up-to-date module file ../../../Engine/Plugins/Developer/PerforceSourceControl/Binaries/Win64/UE4Editor-PerforceSourceControl.dll (API version 3709383).
LogModuleManager: Display: Found up-to-date module file ../../../Engine/Plugins/Developer/SubversionSourceControl/Binaries/Win64/UE4Editor-SubversionSourceControl.dll (API version 3709383).
LogModuleManager: Display: Found up-to-date module file ../../../Engine/Plugins/Developer/UObjectPlugin/Binaries/Win64/UE4Editor-UObjectPlugin.dll (API version 3709383).
LogModuleManager: Display: Found up-to-date module file ../../../Engine/Plugins/Developer/VisualStudioCodeSourceCodeAccess/Binaries/Win64/UE4Editor-VisualStudioCodeSourceCodeAccess.dll (API version 3709383).
LogModuleManager: Display: Found up-to-date module file ../../../Engine/Plugins/Developer/VisualStudioSourceCodeAccess/Binaries/Win64/UE4Editor-VisualStudioSourceCodeAccess.dll (API version 3709383).
LogModuleManager: Display: Found up-to-date module file ../../../Engine/Plugins/Editor/AssetManagerEditor/Binaries/Win64/UE4Editor-AssetManagerEditor.dll (API version 3709383).
LogModuleManager: Display: Found up-to-date module file ../../../Engine/Plugins/Editor/AudioCapture/Binaries/Win64/UE4Editor-AudioCapture.dll (API version 3709383).
LogModuleManager: Display: Found up-to-date module file ../../../Engine/Plugins/Editor/FacialAnimation/Binaries/Win64/UE4Editor-FacialAnimation.dll (API version 3709383).
LogModuleManager: Display: Found up-to-date module file ../../../Engine/Plugins/Editor/FacialAnimation/Binaries/Win64/UE4Editor-FacialAnimationEditor.dll (API version 3709383).
LogModuleManager: Display: Found up-to-date module file ../../../Engine/Plugins/Editor/GameplayTagsEditor/Binaries/Win64/UE4Editor-GameplayTagsEditor.dll (API version 3709383).
LogModuleManager: Display: Found up-to-date module file ../../../Engine/Plugins/Editor/MobileLauncherProfileWizard/Binaries/Win64/UE4Editor-MobileLauncherProfileWizard.dll (API version 3709383).
LogModuleManager: Display: Found up-to-date module file ../../../Engine/Plugins/Editor/PluginBrowser/Binaries/Win64/UE4Editor-PluginBrowser.dll (API version 3709383).
LogModuleManager: Display: Found up-to-date module file ../../../Engine/Plugins/Editor/SpeedTreeImporter/Binaries/Win64/UE4Editor-SpeedTreeImporter.dll (API version 3709383).
LogModuleManager: Display: Found up-to-date module file ../../../Engine/Plugins/Experimental/AlembicImporter/Binaries/Win64/UE4Editor-AlembicImporter.dll (API version 3709383).
LogModuleManager: Display: Found up-to-date module file ../../../Engine/Plugins/Experimental/AlembicImporter/Binaries/Win64/UE4Editor-AlembicLibrary.dll (API version 3709383).
LogModuleManager: Display: Found up-to-date module file ../../../Engine/Plugins/Experimental/CharacterAI/Binaries/Win64/UE4Editor-CharacterAI.dll (API version 3709383).
LogModuleManager: Display: Found up-to-date module file ../../../Engine/Plugins/Experimental/HTML5Networking/Binaries/Win64/UE4Editor-HTML5Networking.dll (API version 3709383).
LogModuleManager: Display: Found up-to-date module file ../../../Engine/Plugins/Media/AndroidMedia/Binaries/Win64/UE4Editor-AndroidMediaEditor.dll (API version 3709383).
LogModuleManager: Display: Found up-to-date module file ../../../Engine/Plugins/Media/AndroidMedia/Binaries/Win64/UE4Editor-AndroidMediaFactory.dll (API version 3709383).
LogModuleManager: Display: Found up-to-date module file ../../../Engine/Plugins/Media/AvfMedia/Binaries/Win64/UE4Editor-AvfMediaEditor.dll (API version 3709383).
LogModuleManager: Display: Found up-to-date module file ../../../Engine/Plugins/Media/AvfMedia/Binaries/Win64/UE4Editor-AvfMediaFactory.dll (API version 3709383).
LogModuleManager: Display: Found up-to-date module file ../../../Engine/Plugins/Media/AvfMedia/Binaries/Win64/UE4Editor-AvfMediaFactory.dll (API version 3709383).
LogModuleManager: Display: Found up-to-date module file ../../../Engine/Plugins/Media/ImgMedia/Binaries/Win64/UE4Editor-ImgMedia.dll (API version 3709383).
LogModuleManager: Display: Found up-to-date module file ../../../Engine/Plugins/Media/ImgMedia/Binaries/Win64/UE4Editor-ImgMediaEditor.dll (API version 3709383).
LogModuleManager: Display: Found up-to-date module file ../../../Engine/Plugins/Media/ImgMedia/Binaries/Win64/UE4Editor-ImgMediaFactory.dll (API version 3709383).
LogModuleManager: Display: Found up-to-date module file ../../../Engine/Plugins/Media/ImgMedia/Binaries/Win64/UE4Editor-ImgMediaFactory.dll (API version 3709383).
LogModuleManager: Display: Found up-to-date module file ../../../Engine/Plugins/Media/ImgMedia/Binaries/Win64/UE4Editor-OpenExrWrapper.dll (API version 3709383).
LogModuleManager: Display: Found up-to-date module file ../../../Engine/Plugins/Media/MediaCompositing/Binaries/Win64/UE4Editor-MediaCompositing.dll (API version 3709383).
LogModuleManager: Display: Found up-to-date module file ../../../Engine/Plugins/Media/MediaCompositing/Binaries/Win64/UE4Editor-MediaCompositingEditor.dll (API version 3709383).
LogModuleManager: Display: Found up-to-date module file ../../../Engine/Plugins/Media/MediaPlayerEditor/Binaries/Win64/UE4Editor-MediaPlayerEditor.dll (API version 3709383).
LogModuleManager: Display: Found up-to-date module file ../../../Engine/Plugins/Media/WmfMedia/Binaries/Win64/UE4Editor-WmfMedia.dll (API version 3709383).
LogModuleManager: Display: Found up-to-date module file ../../../Engine/Plugins/Media/WmfMedia/Binaries/Win64/UE4Editor-WmfMediaEditor.dll (API version 3709383).
LogModuleManager: Display: Found up-to-date module file ../../../Engine/Plugins/Media/WmfMedia/Binaries/Win64/UE4Editor-WmfMediaFactory.dll (API version 3709383).
LogModuleManager: Display: Found up-to-date module file ../../../Engine/Plugins/Media/WmfMedia/Binaries/Win64/UE4Editor-WmfMediaFactory.dll (API version 3709383).
LogModuleManager: Display: Found up-to-date module file ../../../Engine/Plugins/Messaging/TcpMessaging/Binaries/Win64/UE4Editor-TcpMessaging.dll (API version 3709383).
LogModuleManager: Display: Found up-to-date module file ../../../Engine/Plugins/Messaging/UdpMessaging/Binaries/Win64/UE4Editor-UdpMessaging.dll (API version 3709383).
LogModuleManager: Display: Found up-to-date module file ../../../Engine/Plugins/MovieScene/ActorSequence/Binaries/Win64/UE4Editor-ActorSequence.dll (API version 3709383).
LogModuleManager: Display: Found up-to-date module file ../../../Engine/Plugins/MovieScene/LevelSequenceEditor/Binaries/Win64/UE4Editor-LevelSequenceEditor.dll (API version 3709383).
LogModuleManager: Display: Found up-to-date module file ../../../Engine/Plugins/MovieScene/MatineeToLevelSequence/Binaries/Win64/UE4Editor-MatineeToLevelSequence.dll (API version 3709383).
LogModuleManager: Display: Found up-to-date module file ../../../Engine/Plugins/Online/OnlineSubsystem/Binaries/Win64/UE4Editor-OnlineSubsystem.dll (API version 3709383).
LogModuleManager: Display: Found up-to-date module file ../../../Engine/Plugins/Runtime/AndroidPermission/Binaries/Win64/UE4Editor-AndroidPermission.dll (API version 3709383).
LogModuleManager: Display: Found up-to-date module file ../../../Engine/Plugins/Online/OnlineSubsystemNull/Binaries/Win64/UE4Editor-OnlineSubsystemNull.dll (API version 3709383).
LogModuleManager: Display: Found up-to-date module file ../../../Engine/Plugins/Online/OnlineSubsystemUtils/Binaries/Win64/UE4Editor-OnlineSubsystemUtils.dll (API version 3709383).
LogModuleManager: Display: Found up-to-date module file ../../../Engine/Plugins/Online/OnlineSubsystemUtils/Binaries/Win64/UE4Editor-OnlineBlueprintSupport.dll (API version 3709383).
LogModuleManager: Display: Found up-to-date module file ../../../Engine/Plugins/Runtime/AndroidDeviceProfileSelector/Binaries/Win64/UE4Editor-AndroidDeviceProfileSelector.dll (API version 3709383).
LogModuleManager: Display: Found up-to-date module file ../../../Engine/Plugins/Runtime/AppleARKit/Binaries/Win64/UE4Editor-AppleARKit.dll (API version 3709383).
LogModuleManager: Display: Found up-to-date module file ../../../Engine/Plugins/Runtime/ArchVisCharacter/Binaries/Win64/UE4Editor-ArchVisCharacter.dll (API version 3709383).
LogModuleManager: Display: Found up-to-date module file ../../../Engine/Plugins/Runtime/CableComponent/Binaries/Win64/UE4Editor-CableComponent.dll (API version 3709383).
LogModuleManager: Display: Found up-to-date module file ../../../Engine/Plugins/Runtime/CustomMeshComponent/Binaries/Win64/UE4Editor-CustomMeshComponent.dll (API version 3709383).
LogModuleManager: Display: Found up-to-date module file ../../../Engine/Plugins/Runtime/ExampleDeviceProfileSelector/Binaries/Win64/UE4Editor-ExampleDeviceProfileSelector.dll (API version 3709383).
LogModuleManager: Display: Found up-to-date module file ../../../Engine/Plugins/Runtime/ImmediatePhysics/Binaries/Win64/UE4Editor-ImmediatePhysics.dll (API version 3709383).
LogModuleManager: Display: Found up-to-date module file ../../../Engine/Plugins/Runtime/ImmediatePhysics/Binaries/Win64/UE4Editor-ImmediatePhysicsEditor.dll (API version 3709383).
LogModuleManager: Display: Found up-to-date module file ../../../Engine/Plugins/Runtime/LocationServicesBPLibrary/Binaries/Win64/UE4Editor-LocationServicesBPLibrary.dll (API version 3709383).
LogModuleManager: Display: Found up-to-date module file ../../../Engine/Plugins/Runtime/MobilePatchingUtils/Binaries/Win64/UE4Editor-MobilePatchingUtils.dll (API version 3709383).
LogModuleManager: Display: Found up-to-date module file ../../../Engine/Plugins/Runtime/PhysXVehicles/Binaries/Win64/UE4Editor-PhysXVehicles.dll (API version 3709383).
LogModuleManager: Display: Found up-to-date module file ../../../Engine/Plugins/Runtime/PhysXVehicles/Binaries/Win64/UE4Editor-PhysXVehiclesEditor.dll (API version 3709383).
LogModuleManager: Display: Found up-to-date module file ../../../Engine/Plugins/Runtime/ProceduralMeshComponent/Binaries/Win64/UE4Editor-ProceduralMeshComponent.dll (API version 3709383).
LogModuleManager: Display: Found up-to-date module file ../../../Engine/Plugins/Runtime/ProceduralMeshComponent/Binaries/Win64/UE4Editor-ProceduralMeshComponentEditor.dll (API version 3709383).
LogModuleManager: Display: Found up-to-date module file ../../../Engine/Plugins/Runtime/RuntimePhysXCooking/Binaries/Win64/UE4Editor-RuntimePhysXCooking.dll (API version 3709383).
LogModuleManager: Display: Found up-to-date module file ../../../Engine/Plugins/Runtime/WindowsMoviePlayer/Binaries/Win64/UE4Editor-WindowsMoviePlayer.dll (API version 3709383).
LogPluginManager: Mounting plugin Paper2D
LogPluginManager: Mounting plugin LightPropagationVolume
LogPluginManager: Mounting plugin CodeLiteSourceCodeAccess
LogPluginManager: Mounting plugin GitSourceControl
LogPluginManager: Mounting plugin KDevelopSourceCodeAccess
LogPluginManager: Mounting plugin NullSourceCodeAccess
LogPluginManager: Mounting plugin PerforceSourceControl
LogPluginManager: Mounting plugin SubversionSourceControl
LogPluginManager: Mounting plugin UObjectPlugin
LogPluginManager: Mounting plugin VisualStudioCodeSourceCodeAccess
LogPluginManager: Mounting plugin VisualStudioSourceCodeAccess
LogPluginManager: Mounting plugin XCodeSourceCodeAccess
LogPluginManager: Mounting plugin AssetManagerEditor
LogPluginManager: Mounting plugin AudioCapture
LogPluginManager: Mounting plugin FacialAnimation
LogPluginManager: Mounting plugin GameplayTagsEditor
LogPluginManager: Mounting plugin MobileLauncherProfileWizard
LogPluginManager: Mounting plugin PluginBrowser
LogPluginManager: Mounting plugin SpeedTreeImporter
LogPluginManager: Mounting plugin AlembicImporter
LogPluginManager: Mounting plugin CharacterAI
LogPluginManager: Mounting plugin HTML5Networking
LogPluginManager: Mounting plugin BlueManVehiclePhysics
LogPluginManager: Mounting plugin AndroidMedia
LogPluginManager: Mounting plugin AvfMedia
LogPluginManager: Mounting plugin ImgMedia
LogPluginManager: Mounting plugin MediaCompositing
LogPluginManager: Mounting plugin MediaPlayerEditor
LogPluginManager: Mounting plugin WmfMedia
LogPluginManager: Mounting plugin TcpMessaging
LogPluginManager: Mounting plugin UdpMessaging
LogPluginManager: Mounting plugin ActorSequence
LogPluginManager: Mounting plugin LevelSequenceEditor
LogPluginManager: Mounting plugin MatineeToLevelSequence
LogPluginManager: Mounting plugin OnlineSubsystemGooglePlay
LogPluginManager: Mounting plugin OnlineSubsystemIOS
LogPluginManager: Mounting plugin OnlineSubsystem
LogPluginManager: Mounting plugin OnlineSubsystemNull
LogPluginManager: Mounting plugin OnlineSubsystemUtils
LogPluginManager: Mounting plugin AndroidDeviceProfileSelector
LogPluginManager: Mounting plugin AndroidMoviePlayer
LogPluginManager: Mounting plugin AndroidPermission
LogPluginManager: Mounting plugin AppleARKit
LogPluginManager: Mounting plugin AppleMoviePlayer
LogPluginManager: Mounting plugin ArchVisCharacter
LogPluginManager: Mounting plugin CableComponent
LogPluginManager: Mounting plugin CustomMeshComponent
LogPluginManager: Mounting plugin ExampleDeviceProfileSelector
LogPluginManager: Mounting plugin GoogleCloudMessaging
LogPluginManager: Mounting plugin ImmediatePhysics
LogPluginManager: Mounting plugin IOSDeviceProfileSelector
LogPluginManager: Mounting plugin LinuxDeviceProfileSelector
LogPluginManager: Mounting plugin LocationServicesBPLibrary
LogPluginManager: Mounting plugin MobilePatchingUtils
LogPluginManager: Mounting plugin PhysXVehicles
LogPluginManager: Mounting plugin ProceduralMeshComponent
LogPluginManager: Mounting plugin RuntimePhysXCooking
LogPluginManager: Mounting plugin WindowsMoviePlayer
LogInit: Using libcurl 7.47.1
LogInit:  - built for x86_64-pc-win32
LogInit:  - supports SSL with OpenSSL/1.0.2g
LogInit:  - supports HTTP deflate (compression) using libz 1.2.8
LogInit:  - other features:
LogInit:      CURL_VERSION_SSL
LogInit:      CURL_VERSION_LIBZ
LogInit:      CURL_VERSION_IPV6
LogInit:      CURL_VERSION_ASYNCHDNS
LogInit:      CURL_VERSION_LARGEFILE
LogInit:      CURL_VERSION_IDN
LogInit:  CurlRequestOptions (configurable via config and command line):
LogInit:  - bVerifyPeer = false  - Libcurl will NOT verify peer certificate
LogInit:  - bUseHttpProxy = false  - Libcurl will NOT use HTTP proxy
LogInit:  - bDontReuseConnections = false  - Libcurl will reuse connections
LogInit:  - CertBundlePath = nullptr  - Libcurl will use whatever was configured at build time.
LogInit: Build: ++UE4+Release-4.18-CL-3832480
LogInit: Engine Version: 4.18.3-3832480+++UE4+Release-4.18
LogInit: Compatible Engine Version: 4.18.0-3709383+++UE4+Release-4.18
LogInit: Net CL: 3709383
LogDevObjectVersion: Number of dev versions registered: 16
LogDevObjectVersion:   Dev-Blueprints (B0D832E4-1F89-4F0D-ACCF-7EB736FD4AA2): 10
LogDevObjectVersion:   Dev-Build (E1C64328-A22C-4D53-A36C-8E866417BD8C): 0
LogDevObjectVersion:   Dev-Core (375EC13C-06E4-48FB-B500-84F0262A717E): 2
LogDevObjectVersion:   Dev-Editor (E4B068ED-F494-42E9-A231-DA0B2E46BB41): 20
LogDevObjectVersion:   Dev-Framework (CFFC743F-43B0-4480-9391-14DF171D2073): 30
LogDevObjectVersion:   Dev-Mobile (B02B49B5-BB20-44E9-A304-32B752E40360): 0
LogDevObjectVersion:   Dev-Networking (A4E4105C-59A1-49B5-A7C5-40C4547EDFEE): 0
LogDevObjectVersion:   Dev-Online (39C831C9-5AE6-47DC-9A44-9C173E1C8E7C): 0
LogDevObjectVersion:   Dev-Physics (78F01B33-EBEA-4F98-B9B4-84EACCB95AA2): 0
LogDevObjectVersion:   Dev-Platform (6631380F-2D4D-43E0-8009-CF276956A95A): 0
LogDevObjectVersion:   Dev-Rendering (12F88B9F-8875-4AFC-A67C-D90C383ABD29): 20
LogDevObjectVersion:   Dev-Sequencer (7B5AE74C-D270-4C10-A958-57980B212A5A): 4
LogDevObjectVersion:   Dev-VR (D7296918-1DD6-4BDD-9DE2-64A83CC13884): 0
LogDevObjectVersion:   Dev-LoadTimes (C2A15278-BFE7-4AFE-6C17-90FF531DF755): 1
LogDevObjectVersion:   Private-Geometry (6EACA3D4-40EC-4CC1-B786-8BED09428FC5): 1
LogDevObjectVersion:   Dev-AnimPhys (29E575DD-E0A3-4627-9D10-D276232CDCEA): 12
LogInit: Compiled (64-bit): Jan 12 2018 02:04:55
LogInit: Compiled with Visual C++: 19.00.24215.01
LogInit: Build Configuration: Development
LogInit: Branch Name: ++UE4+Release-4.18
LogInit: Command line:  
LogInit: Base directory: C:/Program Files/Epic Games/UE_4.18/Engine/Binaries/Win64/
LogInit: Installed Engine Build: 1
LogInit: Presizing for max 8388607 objects, including 0 objects not considered by GC, pre-allocating 0 bytes for permanent pool.
LogInit: Object subsystem initialized
[2018.01.28-22.18.38:477][  0]LogInit: Selected Device Profile: [Windows]
[2018.01.28-22.18.38:477][  0]LogInit: Applying CVar settings loaded from the selected device profile: [Windows]
[2018.01.28-22.18.38:517][  0]LogInit: Computer: DESKTOP-5KF05JH
[2018.01.28-22.18.38:517][  0]LogInit: User: UKGC
[2018.01.28-22.18.38:517][  0]LogInit: CPU Page size=4096, Cores=4
[2018.01.28-22.18.38:517][  0]LogInit: High frequency timer resolution =2.929689 MHz
[2018.01.28-22.18.38:518][  0]LogMemory: Memory total: Physical=15.9GB (16GB approx)
[2018.01.28-22.18.38:518][  0]LogMemory: Platform Memory Stats for Windows
[2018.01.28-22.18.38:518][  0]LogMemory: Process Physical Memory: 270.63 MB used, 270.63 MB peak
[2018.01.28-22.18.38:518][  0]LogMemory: Process Virtual Memory: 263.24 MB used, 263.24 MB peak
[2018.01.28-22.18.38:518][  0]LogMemory: Physical Memory: 8093.67 MB used,  8233.73 MB free, 16327.40 MB total
[2018.01.28-22.18.38:518][  0]LogMemory: Virtual Memory: 633.89 MB used,  8233.73 MB free, 134217728.00 MB total
[2018.01.28-22.18.39:139][  0]LogInit: Using OS detected language (en-GB).
[2018.01.28-22.18.39:140][  0]LogInit: Using OS detected locale (en-GB).
[2018.01.28-22.18.39:265][  0]LogTextLocalizationManager: No specific localization for 'en-GB' exists, so the 'en' localization will be used.
[2018.01.28-22.18.39:823][  0]LogInit: Setting process to per monitor DPI aware
[2018.01.28-22.18.46:742][  0]LogD3D11RHI: D3D11 adapters:
[2018.01.28-22.18.46:821][  0]LogD3D11RHI:    0. 'NVIDIA GeForce GTX 1060 6GB' (Feature Level 11_0)
[2018.01.28-22.18.46:821][  0]LogD3D11RHI:       6061/0/8163 MB DedicatedVideo/DedicatedSystem/SharedSystem, Outputs:1, VendorId:0x10de
[2018.01.28-22.18.46:822][  0]LogD3D11RHI:    1. 'Microsoft Basic Render Driver' (Feature Level 11_0)
[2018.01.28-22.18.46:822][  0]LogD3D11RHI:       0/0/8163 MB DedicatedVideo/DedicatedSystem/SharedSystem, Outputs:0, VendorId:0x1414
[2018.01.28-22.18.46:822][  0]LogD3D11RHI: Chosen D3D11 Adapter: 0
[2018.01.28-22.18.46:830][  0]LogD3D11RHI: Creating new Direct3DDevice
[2018.01.28-22.18.46:830][  0]LogD3D11RHI:     GPU DeviceId: 0x1c03 (for the marketing name, search the web for "GPU Device Id")
[2018.01.28-22.18.46:830][  0]LogWindows: EnumDisplayDevices:
[2018.01.28-22.18.46:830][  0]LogWindows:    0. 'NVIDIA GeForce GTX 1060 6GB' (P:1 D:1)
[2018.01.28-22.18.46:830][  0]LogWindows:    1. 'NVIDIA GeForce GTX 1060 6GB' (P:0 D:0)
[2018.01.28-22.18.46:831][  0]LogWindows:    2. 'NVIDIA GeForce GTX 1060 6GB' (P:0 D:0)
[2018.01.28-22.18.46:831][  0]LogWindows:    3. 'NVIDIA GeForce GTX 1060 6GB' (P:0 D:0)
[2018.01.28-22.18.46:831][  0]LogWindows: DebugString: FoundDriverCount:4 
[2018.01.28-22.18.46:831][  0]LogD3D11RHI:     Adapter Name: NVIDIA GeForce GTX 1060 6GB
[2018.01.28-22.18.46:831][  0]LogD3D11RHI:   Driver Version: 388.13 (internal:23.21.13.8813, unified:388.13)
[2018.01.28-22.18.46:831][  0]LogD3D11RHI:      Driver Date: 10-27-2017
[2018.01.28-22.18.46:831][  0]LogRHI: Texture pool is 4242 MB (70% of 6061 MB)
[2018.01.28-22.18.46:864][  0]LogD3D11RHI: Async texture creation enabled
[2018.01.28-22.18.46:874][  0]LogD3D11RHI: GPU Timing Frequency: 1000.000000 (Debug: 2 1)
[2018.01.28-22.18.46:924][  0]LogShaderCompilers: Guid format shader working directory is -23 characters bigger than the processId version (../../../../../../Users/UKGC/Documents/Unreal Projects/BreakingNews/Intermediate/Shaders/WorkingDirectory/20888/).
[2018.01.28-22.18.46:924][  0]LogShaderCompilers: Cleaned the shader compiler working directory 'C:/Users/UKGC/AppData/Local/Temp/UnrealShaderWorkingDir/D1A87AFC49BD07E15822F5A32ACDF105/'.
[2018.01.28-22.18.46:924][  0]LogShaderCompilers: Display: Using Local Shader Compiler.
[2018.01.28-22.18.51:154][  0]LogTemp: Display: Loaded TP AllDesktopTargetPlatform
[2018.01.28-22.18.51:206][  0]LogTemp: Display: Loaded TP MacClientTargetPlatform
[2018.01.28-22.18.51:259][  0]LogTemp: Display: Loaded TP MacNoEditorTargetPlatform
[2018.01.28-22.18.51:313][  0]LogTemp: Display: Loaded TP MacServerTargetPlatform
[2018.01.28-22.18.51:391][  0]LogTemp: Display: Loaded TP MacTargetPlatform
[2018.01.28-22.18.51:445][  0]LogTemp: Display: Loaded TP WindowsClientTargetPlatform
[2018.01.28-22.18.51:499][  0]LogTemp: Display: Loaded TP WindowsNoEditorTargetPlatform
[2018.01.28-22.18.51:554][  0]LogTemp: Display: Loaded TP WindowsServerTargetPlatform
[2018.01.28-22.18.51:600][  0]LogTemp: Display: Loaded TP WindowsTargetPlatform
[2018.01.28-22.18.51:651][  0]LogTemp: Display: Loaded TP Android_ASTCTargetPlatform
[2018.01.28-22.18.51:709][  0]LogTemp: Display: Loaded TP Android_ATCTargetPlatform
[2018.01.28-22.18.51:761][  0]LogTemp: Display: Loaded TP Android_DXTTargetPlatform
[2018.01.28-22.18.51:816][  0]LogTemp: Display: Loaded TP Android_ETC1TargetPlatform
[2018.01.28-22.18.51:868][  0]LogTemp: Display: Loaded TP Android_ETC2TargetPlatform
[2018.01.28-22.18.51:975][  0]LogTemp: Display: Loaded TP Android_MultiTargetPlatform
[2018.01.28-22.18.51:975][  0]LogTemp: Display: Loaded TP Android_PVRTCTargetPlatform
[2018.01.28-22.18.52:111][  0]LogTemp: Display: Loaded TP AndroidTargetPlatform
[2018.01.28-22.18.52:153][  0]LogTemp: Display: Loaded TP HTML5TargetPlatform
[2018.01.28-22.18.52:274][  0]LogTemp: Display: Loaded TP IOSTargetPlatform
[2018.01.28-22.18.52:305][  0]LogTemp: Display: Loaded TP TVOSTargetPlatform
[2018.01.28-22.18.52:357][  0]LogTemp: Display: Loaded TP LinuxClientTargetPlatform
[2018.01.28-22.18.52:409][  0]LogTemp: Display: Loaded TP LinuxNoEditorTargetPlatform
[2018.01.28-22.18.52:460][  0]LogTemp: Display: Loaded TP LinuxServerTargetPlatform
[2018.01.28-22.18.52:517][  0]LogTemp: Display: Loaded TP LinuxTargetPlatform
[2018.01.28-22.18.52:517][  0]LogTargetPlatformManager: Display: Building Assets For Windows
[2018.01.28-22.18.53:119][  0]LogDerivedDataCache: Display: Max Cache Size: 512 MB
[2018.01.28-22.18.53:197][  0]LogDerivedDataCache: Loaded boot cache 0.08s 78MB C:/Users/UKGC/AppData/Local/UnrealEngine/4.18/DerivedDataCache/Boot.ddc.
[2018.01.28-22.18.53:197][  0]LogDerivedDataCache: Display: Loaded Boot cache: C:/Users/UKGC/AppData/Local/UnrealEngine/4.18/DerivedDataCache/Boot.ddc
[2018.01.28-22.18.53:198][  0]LogDerivedDataCache: FDerivedDataBackendGraph:  Pak pak cache file ../../../../../../Users/UKGC/Documents/Unreal Projects/BreakingNews/DerivedDataCache/DDC.ddp not found, will not use a pak cache.
[2018.01.28-22.18.53:198][  0]LogDerivedDataCache: Unable to find inner node Pak for hierarchical cache Hierarchy.
[2018.01.28-22.18.53:198][  0]LogDerivedDataCache: FDerivedDataBackendGraph:  CompressedPak pak cache file ../../../../../../Users/UKGC/Documents/Unreal Projects/BreakingNews/DerivedDataCache/Compressed.ddp not found, will not use a pak cache.
[2018.01.28-22.18.53:198][  0]LogDerivedDataCache: Unable to find inner node CompressedPak for hierarchical cache Hierarchy.
[2018.01.28-22.18.53:253][  0]LogDerivedDataCache: Display: Pak cache opened for reading ../../../Engine/DerivedDataCache/Compressed.ddp.
[2018.01.28-22.18.53:264][  0]LogDerivedDataCache: Using Local data cache path C:/Users/UKGC/AppData/Local/UnrealEngine/Common/DerivedDataCache: Writable
[2018.01.28-22.18.53:274][  0]LogMaterial: Verifying Global Shaders for PCD3D_SM5
[2018.01.28-22.18.53:274][  0]LogSlate: Using Freetype 2.6.0
[2018.01.28-22.18.53:305][  0]LogSlate: SlateFontCache - WITH_FREETYPE: 1, WITH_HARFBUZZ: 1
[2018.01.28-22.18.53:305][  0]LogSlate: SlateFontCache - WITH_FREETYPE: 1, WITH_HARFBUZZ: 1
[2018.01.28-22.18.55:115][  0]LogInit: Selected Device Profile: [Windows]
[2018.01.28-22.18.55:920][  0]LogSimplygon: Simplygon DLL not present - disabling.
[2018.01.28-22.18.55:961][  0]LogMeshReduction: Using SimplygonSwarm for distributed automatic mesh merging
[2018.01.28-22.18.55:961][  0]LogMeshReduction: Using QuadricMeshReduction for automatic static mesh reduction
[2018.01.28-22.18.55:961][  0]LogMeshReduction: No automatic skeletal mesh reduction module available
[2018.01.28-22.18.55:961][  0]LogMeshReduction: No automatic mesh merging module available
[2018.01.28-22.18.55:961][  0]LogMeshMerging: No automatic mesh merging module available
[2018.01.28-22.18.56:079][  0]LogNetVersion: BreakingNews , NetCL: 3709383, EngineNetVer: 2, GameNetVer: 0 (Checksum: 2726771752)
[2018.01.28-22.18.56:875][  0]LogAssetRegistry: FAssetRegistry took 0.0259 seconds to start up
[2018.01.28-22.18.58:251][  0]LogPackageLocalizationCache: Processed 5 localized package path(s) for 2 prioritized culture(s) in 0.056585 seconds
[2018.01.28-22.18.58:256][  0]LogUObjectArray: 35459 objects as part of root set at end of initial load.
[2018.01.28-22.18.58:256][  0]LogUObjectAllocator: 7283816 out of 0 bytes used by permanent object pool.
[2018.01.28-22.18.58:256][  0]LogUObjectArray: CloseDisregardForGC: 0/0 objects in disregard for GC pool
[2018.01.28-22.18.58:324][  0]LogInit: WinSock: version 1.1 (2.2), MaxSocks=32767, MaxUdp=65467
[2018.01.28-22.19.18:363][  0]LogTcpMessaging: Initializing TcpMessaging bridge
[2018.01.28-22.19.18:406][  0]LogUdpMessaging: Initializing bridge on interface 0.0.0.0:0 to multicast group 230.0.0.1:6666.
[2018.01.28-22.19.19:539][  0]LogMaterial: Uniform references updated for custom material expression Custom.
[2018.01.28-22.19.20:353][  0]SourceControl: Source control is disabled
[2018.01.28-22.19.20:354][  0]SourceControl: Source control is disabled
[2018.01.28-22.19.20:420][  0]SourceControl: Source control is disabled
[2018.01.28-22.19.20:477][  0]SourceControl: Source control is disabled
[2018.01.28-22.19.21:665][  0]LogAndroidPermission: UAndroidPermissionCallbackProxy::GetInstance
[2018.01.28-22.19.22:176][  0]LogEngine: Initializing Engine...
[2018.01.28-22.19.22:718][  0]LogStats: UGameplayTagsManager::ConstructGameplayTagTree: Construct from data asset -  0.000 s
[2018.01.28-22.19.22:718][  0]LogStats: UGameplayTagsManager::ConstructGameplayTagTree: GameplayTagTreeChangedEvent.Broadcast -  0.000 s
[2018.01.28-22.19.22:852][  0]LogAIModule: Creating AISystem for world Untitled
[2018.01.28-22.19.22:873][  0]LogInit: XAudio2 using 'Speakers (Realtek High Definition Audio)' : 2 channels at 48 kHz using 32 bits per sample (channel mask 0x3)
[2018.01.28-22.19.22:890][  0]LogInit: FAudioDevice initialized.
[2018.01.28-22.19.23:042][  0]LogDerivedDataCache: Saved boot cache 0.15s 78MB C:/Users/UKGC/AppData/Local/UnrealEngine/4.18/DerivedDataCache/Boot.ddc.
[2018.01.28-22.19.23:058][  0]LogInit: Texture streaming: Enabled
[2018.01.28-22.19.23:182][  0]LogEngineSessionManager: EngineSessionManager initialized
[2018.01.28-22.19.23:328][  0]LogInit: Transaction tracking system initialized
[2018.01.28-22.19.23:685][  0]BlueprintLog: New page: Editor Load
[2018.01.28-22.19.24:659][  0]LocalizationService: Localization service is disabled
[2018.01.28-22.19.25:484][  0]LogConsoleResponse: Display: 
[2018.01.28-22.19.26:680][  0]LogCook: Display: Max memory allowance for cook 16384mb min free memory 0mb
[2018.01.28-22.19.26:680][  0]LogCook: Display: Mobile HDR setting 1
[2018.01.28-22.19.26:681][  0]LogGameplayTags: Display: UGameplayTagsManager::DoneAddingNativeTags. DelegateIsBound: 0
[2018.01.28-22.19.26:848][  0]LogFileCache: Scanning file cache for directory 'C:/Users/UKGC/Documents/Unreal Projects/BreakingNews/Content/' took 0.02s
[2018.01.28-22.19.28:295][  0]SourceControl: Source control is disabled
[2018.01.28-22.19.28:295][  0]Cmd: MAP LOAD FILE="../../../../../../Users/UKGC/Documents/Unreal Projects/BreakingNews/Content/Maps/TestLevel.umap" TEMPLATE=0 SHOWPROGRESS=1 FEATURELEVEL=3
[2018.01.28-22.19.28:295][  0]LightingResults: New page: Lighting Build
[2018.01.28-22.19.28:340][  0]MapCheck: New page: Map Check
[2018.01.28-22.19.28:340][  0]LightingResults: New page: Lighting Build
[2018.01.28-22.19.29:648][  0]LogAIModule: Creating AISystem for world TestLevel
[2018.01.28-22.19.29:676][  0]LogEditorServer: Finished looking for orphan Actors (0.000 secs)
[2018.01.28-22.19.29:688][  0]Cmd: MAP CHECKDEP NOCLEARLOG
[2018.01.28-22.19.29:736][  0]MapCheck: Map check complete: 0 Error(s), 0 Warning(s), took 47.645ms to complete.
[2018.01.28-22.19.29:736][  0]LogFileHelpers: Loading map 'TestLevel' took 1.440
[2018.01.28-22.19.29:954][  0]LogCollectionManager: Loaded 0 collections in 0.001621 seconds
[2018.01.28-22.19.30:035][  0]LogFileCache: Scanning file cache for directory 'C:/Users/UKGC/Documents/Unreal Projects/BreakingNews/Saved/Collections/' took 0.01s
[2018.01.28-22.19.30:035][  0]LogFileCache: Scanning file cache for directory 'C:/Users/UKGC/Documents/Unreal Projects/BreakingNews/Content/Developers/UKGC/Collections/' took 0.01s
[2018.01.28-22.19.30:035][  0]LogFileCache: Scanning file cache for directory 'C:/Users/UKGC/Documents/Unreal Projects/BreakingNews/Content/Collections/' took 0.01s
[2018.01.28-22.19.30:036][  0]LogCollectionManager: Rebuilt the GUID cache for 0 collections in 0.000000 seconds
[2018.01.28-22.19.30:044][  0]LogContentBrowser: Native class hierarchy populated in 0.0082 seconds. Added 2362 classes and 513 folders.
[2018.01.28-22.19.30:113][  0]LogContentBrowser: Native class hierarchy updated for 'WidgetCarousel' in 0.0002 seconds. Added 0 classes and 0 folders.
[2018.01.28-22.19.31:083][  0]LogContentBrowser: Native class hierarchy updated for 'AddContentDialog' in 0.0002 seconds. Added 0 classes and 0 folders.
[2018.01.28-22.19.31:129][  0]LogContentBrowser: Native class hierarchy updated for 'SceneOutliner' in 0.0002 seconds. Added 1 classes and 2 folders.
[2018.01.28-22.19.31:218][  0]LogSlate: Took 0.006843 seconds to synchronously load lazily loaded font '../../../Engine/Content/Slate/Fonts/Roboto-Regular.ttf' (155K)
[2018.01.28-22.19.31:223][  0]LogSlate: Took 0.003433 seconds to synchronously load lazily loaded font '../../../Engine/Content/Slate/Fonts/Roboto-Bold.ttf' (160K)
[2018.01.28-22.19.31:231][  0]LogSlate: Took 0.003649 seconds to synchronously load lazily loaded font '../../../Engine/Content/Editor/Slate/Fonts/FontAwesome.ttf' (139K)
[2018.01.28-22.19.31:401][  0]LogRenderer: Reallocating scene render targets to support 1204x716 Format 10 NumSamples 1 (Frame:1).
[2018.01.28-22.19.31:566][  0]LogContentBrowser: Native class hierarchy updated for 'HierarchicalLODOutliner' in 0.0002 seconds. Added 1 classes and 2 folders.
[2018.01.28-22.19.31:566][  0]LogLoad: (Engine Initialization) Total time: 56.54 seconds
[2018.01.28-22.19.31:566][  0]LogLoad: (Engine Initialization) Total Blueprint compile time: 0.00 seconds
[2018.01.28-22.19.31:566][  0]LogExternalProfiler: No external profilers were discovered.  External profiling features will not be available.
[2018.01.28-22.19.31:593][  0]LogAssetRegistry: Asset discovery search completed in 34.7395 seconds
[2018.01.28-22.19.31:594][  0]LogCollectionManager: Rebuilt the object cache for 0 collections in 0.000000 seconds (found 0 objects)
[2018.01.28-22.19.31:594][  0]LogCollectionManager: Fixed up redirectors for 0 collections in 0.000040 seconds (updated 0 objects)
[2018.01.28-22.19.31:597][  0]LogContentStreaming: Texture pool size now 1000 MB
[2018.01.28-22.19.31:681][  0]LogSlate: Took 0.003756 seconds to synchronously load lazily loaded font '../../../Engine/Content/Slate/Fonts/Roboto-Light.ttf' (159K)
[2018.01.28-22.19.32:596][ 82]LogSlate: Took 0.000185 seconds to synchronously load lazily loaded font '../../../Engine/Content/Slate/Fonts/Roboto-Light.ttf' (159K)
[2018.01.28-22.19.36:205][471]LogDirectoryWatcher: Warning: Failed to begin reading directory changes for ../../../../../../Users/UKGC/Documents/Unreal Projects/BreakingNews/Plugins/. Error: The system cannot find the file specified. (0x00000002)
[2018.01.28-22.19.38:621][754]LogWindows: LaunchURL https://www.youtube.com/playlist?list=PLhO-m3ogterwvKCcCYFecdb-GbqTP-qbV
[2018.01.28-22.19.57:108][422]LogDirectoryWatcher: A directory notification for '../../../Engine/Plugins/' was aborted.
[2018.01.28-22.19.57:753][497]LogSlate: Took 0.000131 seconds to synchronously load lazily loaded font '../../../Engine/Content/Slate/Fonts/Roboto-Light.ttf' (159K)
[2018.01.28-22.19.57:763][497]Cmd: OBJ SAVEPACKAGE PACKAGE="/Game/Maps/TestLevel" FILE="../../../../../../Users/UKGC/Documents/Unreal Projects/BreakingNews/Content/Maps/TestLevel.umap" SILENT=true AUTOSAVING=false KEEPDIRTY=false
[2018.01.28-22.19.58:044][497]LogSavePackage: Save=254.78ms
[2018.01.28-22.19.58:044][497]LogSavePackage: Moving '../../../../../../Users/UKGC/Documents/Unreal Projects/BreakingNews/Saved/TestLevelC22D8C9D40D30B5F8A7D0CA6B91ADED9.tmp' to '../../../../../../Users/UKGC/Documents/Unreal Projects/BreakingNews/Content/Maps/TestLevel.umap'
[2018.01.28-22.19.58:046][497]LogSavePackage: Display: Finished SavePackage ../../../../../../Users/UKGC/Documents/Unreal Projects/BreakingNews/Content/Maps/TestLevel.umap
[2018.01.28-22.19.58:073][497]Cmd: OBJ SAVEPACKAGE PACKAGE="/Game/Maps/TestLevel_BuiltData" FILE="../../../../../../Users/UKGC/Documents/Unreal Projects/BreakingNews/Content/Maps/TestLevel_BuiltData.uasset" SILENT=true
[2018.01.28-22.19.58:512][497]LogSavePackage: Save=391.45ms
[2018.01.28-22.19.58:512][497]LogSavePackage: Moving '../../../../../../Users/UKGC/Documents/Unreal Projects/BreakingNews/Saved/TestLevel_BuiltDataE6F2B50A454EC9DBA4BAA08C44C476D0.tmp' to '../../../../../../Users/UKGC/Documents/Unreal Projects/BreakingNews/Content/Maps/TestLevel_BuiltData.uasset'
[2018.01.28-22.19.58:513][497]LogSavePackage: Display: Finished SavePackage ../../../../../../Users/UKGC/Documents/Unreal Projects/BreakingNews/Content/Maps/TestLevel_BuiltData.uasset
[2018.01.28-22.20.10:733][617]Cmd: OBJ SAVEPACKAGE PACKAGE="/Game/Maps/TestLevel" FILE="../../../../../../Users/UKGC/Documents/Unreal Projects/BreakingNews/Content/Maps/TestLevel.umap" SILENT=true AUTOSAVING=false KEEPDIRTY=false
[2018.01.28-22.20.11:018][617]LogSavePackage: Save=268.13ms
[2018.01.28-22.20.11:018][617]LogSavePackage: Moving '../../../../../../Users/UKGC/Documents/Unreal Projects/BreakingNews/Saved/TestLevel2985EC544F5F16D2A0CEB8B5F056CB4D.tmp' to '../../../../../../Users/UKGC/Documents/Unreal Projects/BreakingNews/Content/Maps/TestLevel.umap'
[2018.01.28-22.20.11:019][617]LogSavePackage: Display: Finished SavePackage ../../../../../../Users/UKGC/Documents/Unreal Projects/BreakingNews/Content/Maps/TestLevel.umap
[2018.01.28-22.20.11:050][617]Cmd: OBJ SAVEPACKAGE PACKAGE="/Game/Maps/TestLevel_BuiltData" FILE="../../../../../../Users/UKGC/Documents/Unreal Projects/BreakingNews/Content/Maps/TestLevel_BuiltData.uasset" SILENT=true
[2018.01.28-22.20.11:360][617]LogSavePackage: Save=303.72ms
[2018.01.28-22.20.11:360][617]LogSavePackage: Moving '../../../../../../Users/UKGC/Documents/Unreal Projects/BreakingNews/Saved/TestLevel_BuiltData71468CC345D714E497286699161C35FB.tmp' to '../../../../../../Users/UKGC/Documents/Unreal Projects/BreakingNews/Content/Maps/TestLevel_BuiltData.uasset'
[2018.01.28-22.20.11:362][617]LogSavePackage: Display: Finished SavePackage ../../../../../../Users/UKGC/Documents/Unreal Projects/BreakingNews/Content/Maps/TestLevel_BuiltData.uasset
[2018.01.28-22.24.15:451][416]Cmd: OBJ SAVEPACKAGE PACKAGE="/Game/Maps/TestLevel" FILE="../../../../../../Users/UKGC/Documents/Unreal Projects/BreakingNews/Content/Maps/TestLevel.umap" SILENT=true AUTOSAVING=false KEEPDIRTY=false
[2018.01.28-22.24.15:718][416]LogSavePackage: Save=247.92ms
[2018.01.28-22.24.15:718][416]LogSavePackage: Moving '../../../../../../Users/UKGC/Documents/Unreal Projects/BreakingNews/Saved/TestLevel03B6C6E244D8588FE4486D88C3749B4C.tmp' to '../../../../../../Users/UKGC/Documents/Unreal Projects/BreakingNews/Content/Maps/TestLevel.umap'
[2018.01.28-22.24.15:736][416]LogSavePackage: Display: Finished SavePackage ../../../../../../Users/UKGC/Documents/Unreal Projects/BreakingNews/Content/Maps/TestLevel.umap
[2018.01.28-22.24.15:783][416]Cmd: OBJ SAVEPACKAGE PACKAGE="/Game/Maps/TestLevel_BuiltData" FILE="../../../../../../Users/UKGC/Documents/Unreal Projects/BreakingNews/Content/Maps/TestLevel_BuiltData.uasset" SILENT=true
[2018.01.28-22.24.16:061][416]LogSavePackage: Save=270.03ms
[2018.01.28-22.24.16:061][416]LogSavePackage: Moving '../../../../../../Users/UKGC/Documents/Unreal Projects/BreakingNews/Saved/TestLevel_BuiltDataE3BE80754218A61D694C0AAB4033766F.tmp' to '../../../../../../Users/UKGC/Documents/Unreal Projects/BreakingNews/Content/Maps/TestLevel_BuiltData.uasset'
[2018.01.28-22.24.16:063][416]LogSavePackage: Display: Finished SavePackage ../../../../../../Users/UKGC/Documents/Unreal Projects/BreakingNews/Content/Maps/TestLevel_BuiltData.uasset
[2018.01.28-22.24.16:433][441]LogTemp: Repeating last play command: Selected Viewport
[2018.01.28-22.24.16:497][441]LogPlayLevel: PlayLevel: No blueprints needed recompiling
[2018.01.28-22.24.16:497][441]PIE: New page: PIE session: TestLevel (28 Jan 2018 22:24:16)
[2018.01.28-22.24.16:497][441]LogPlayLevel: Creating play world package: /Game/Maps/UEDPIE_0_TestLevel
[2018.01.28-22.24.16:507][441]LogPlayLevel: PIE: StaticDuplicateObject took: (0.010023s)
[2018.01.28-22.24.16:508][441]LogAIModule: Creating AISystem for world TestLevel
[2018.01.28-22.24.16:508][441]LogPlayLevel: PIE: World Init took: (0.000681s)
[2018.01.28-22.24.16:508][441]LogPlayLevel: PIE: Created PIE world by copying editor world from /Game/Maps/TestLevel.TestLevel to /Game/Maps/UEDPIE_0_TestLevel.TestLevel (0.011019s)
[2018.01.28-22.24.16:522][441]LogInit: XAudio2 using 'Speakers (Realtek High Definition Audio)' : 2 channels at 48 kHz using 32 bits per sample (channel mask 0x3)
[2018.01.28-22.24.16:533][441]LogInit: FAudioDevice initialized.
[2018.01.28-22.24.16:576][441]LogLoad: Game class is 'GM_Chase_C'
[2018.01.28-22.24.16:583][441]LogWorld: Bringing World /Game/Maps/UEDPIE_0_TestLevel.TestLevel up for play (max tick rate 0) at 2018.01.28-22.24.16
[2018.01.28-22.24.16:583][441]LogWorld: Bringing up level for play took: 0.004799
[2018.01.28-22.24.16:629][441]LogContentBrowser: Native class hierarchy updated for 'MovieSceneCapture' in 0.0003 seconds. Added 11 classes and 0 folders.
[2018.01.28-22.24.16:631][441]PIE: Play in editor start time for /Game/Maps/UEDPIE_0_TestLevel -0.265
[2018.01.28-22.24.19:917][822]LogTemp: Repeating last play command: Selected Viewport
[2018.01.28-22.24.19:933][822]LogPlayLevel: PlayLevel: No blueprints needed recompiling
[2018.01.28-22.24.19:933][822]PIE: New page: PIE session: TestLevel (28 Jan 2018 22:24:19)
[2018.01.28-22.24.19:933][822]LogPlayLevel: Creating play world package: /Game/Maps/UEDPIE_0_TestLevel
[2018.01.28-22.24.19:944][822]LogPlayLevel: PIE: StaticDuplicateObject took: (0.010297s)
[2018.01.28-22.24.19:944][822]LogAIModule: Creating AISystem for world TestLevel
[2018.01.28-22.24.19:945][822]LogPlayLevel: PIE: World Init took: (0.000889s)
[2018.01.28-22.24.19:945][822]LogPlayLevel: PIE: Created PIE world by copying editor world from /Game/Maps/TestLevel.TestLevel to /Game/Maps/UEDPIE_0_TestLevel.TestLevel (0.011449s)
[2018.01.28-22.24.19:958][822]LogInit: XAudio2 using 'Speakers (Realtek High Definition Audio)' : 2 channels at 48 kHz using 32 bits per sample (channel mask 0x3)
[2018.01.28-22.24.19:968][822]LogInit: FAudioDevice initialized.
[2018.01.28-22.24.19:998][822]LogLoad: Game class is 'GM_Chase_C'
[2018.01.28-22.24.20:003][822]LogWorld: Bringing World /Game/Maps/UEDPIE_0_TestLevel.TestLevel up for play (max tick rate 0) at 2018.01.28-22.24.20
[2018.01.28-22.24.20:004][822]LogWorld: Bringing up level for play took: 0.004771
[2018.01.28-22.24.20:006][822]PIE: Play in editor start time for /Game/Maps/UEDPIE_0_TestLevel -0.89
[2018.01.28-22.24.45:175][828]LogTemp: Repeating last play command: Selected Viewport
[2018.01.28-22.24.45:191][828]LogPlayLevel: PlayLevel: No blueprints needed recompiling
[2018.01.28-22.24.45:191][828]PIE: New page: PIE session: TestLevel (28 Jan 2018 22:24:45)
[2018.01.28-22.24.45:191][828]LogPlayLevel: Creating play world package: /Game/Maps/UEDPIE_0_TestLevel
[2018.01.28-22.24.45:201][828]LogPlayLevel: PIE: StaticDuplicateObject took: (0.009731s)
[2018.01.28-22.24.45:201][828]LogAIModule: Creating AISystem for world TestLevel
[2018.01.28-22.24.45:201][828]LogPlayLevel: PIE: World Init took: (0.000603s)
[2018.01.28-22.24.45:202][828]LogPlayLevel: PIE: Created PIE world by copying editor world from /Game/Maps/TestLevel.TestLevel to /Game/Maps/UEDPIE_0_TestLevel.TestLevel (0.010576s)
[2018.01.28-22.24.45:214][828]LogInit: XAudio2 using 'Speakers (Realtek High Definition Audio)' : 2 channels at 48 kHz using 32 bits per sample (channel mask 0x3)
[2018.01.28-22.24.45:224][828]LogInit: FAudioDevice initialized.
[2018.01.28-22.24.45:257][828]LogLoad: Game class is 'GM_Chase_C'
[2018.01.28-22.24.45:263][828]LogWorld: Bringing World /Game/Maps/UEDPIE_0_TestLevel.TestLevel up for play (max tick rate 0) at 2018.01.28-22.24.45
[2018.01.28-22.24.45:263][828]LogWorld: Bringing up level for play took: 0.004716
[2018.01.28-22.24.45:266][828]PIE: Play in editor start time for /Game/Maps/UEDPIE_0_TestLevel 0.37
[2018.01.28-22.24.59:223][490]LogTemp: Repeating last play command: Selected Viewport
[2018.01.28-22.24.59:238][490]LogPlayLevel: PlayLevel: No blueprints needed recompiling
[2018.01.28-22.24.59:238][490]PIE: New page: PIE session: TestLevel (28 Jan 2018 22:24:59)
[2018.01.28-22.24.59:238][490]LogPlayLevel: Creating play world package: /Game/Maps/UEDPIE_0_TestLevel
[2018.01.28-22.24.59:248][490]LogPlayLevel: PIE: StaticDuplicateObject took: (0.009457s)
[2018.01.28-22.24.59:248][490]LogAIModule: Creating AISystem for world TestLevel
[2018.01.28-22.24.59:248][490]LogPlayLevel: PIE: World Init took: (0.000579s)
[2018.01.28-22.24.59:248][490]LogPlayLevel: PIE: Created PIE world by copying editor world from /Game/Maps/TestLevel.TestLevel to /Game/Maps/UEDPIE_0_TestLevel.TestLevel (0.010283s)
[2018.01.28-22.24.59:260][490]LogInit: XAudio2 using 'Speakers (Realtek High Definition Audio)' : 2 channels at 48 kHz using 32 bits per sample (channel mask 0x3)
[2018.01.28-22.24.59:268][490]LogInit: FAudioDevice initialized.
[2018.01.28-22.24.59:299][490]LogLoad: Game class is 'GM_Chase_C'
[2018.01.28-22.24.59:305][490]LogWorld: Bringing World /Game/Maps/UEDPIE_0_TestLevel.TestLevel up for play (max tick rate 0) at 2018.01.28-22.24.59
[2018.01.28-22.24.59:306][490]LogWorld: Bringing up level for play took: 0.004606
[2018.01.28-22.24.59:308][490]PIE: Play in editor start time for /Game/Maps/UEDPIE_0_TestLevel 0.412
[2018.01.28-22.25.40:063][364]Cmd: OBJ SAVEPACKAGE PACKAGE="/Game/Maps/TestLevel" FILE="../../../../../../Users/UKGC/Documents/Unreal Projects/BreakingNews/Content/Maps/TestLevel.umap" SILENT=true AUTOSAVING=false KEEPDIRTY=false
[2018.01.28-22.25.40:329][364]LogSavePackage: Save=242.43ms
[2018.01.28-22.25.40:329][364]LogSavePackage: Moving '../../../../../../Users/UKGC/Documents/Unreal Projects/BreakingNews/Saved/TestLevelD6B70BBF4620EC6E22B6688D30934642.tmp' to '../../../../../../Users/UKGC/Documents/Unreal Projects/BreakingNews/Content/Maps/TestLevel.umap'
[2018.01.28-22.25.40:330][364]LogSavePackage: Display: Finished SavePackage ../../../../../../Users/UKGC/Documents/Unreal Projects/BreakingNews/Content/Maps/TestLevel.umap
[2018.01.28-22.25.40:359][364]Cmd: OBJ SAVEPACKAGE PACKAGE="/Game/Maps/TestLevel_BuiltData" FILE="../../../../../../Users/UKGC/Documents/Unreal Projects/BreakingNews/Content/Maps/TestLevel_BuiltData.uasset" SILENT=true
[2018.01.28-22.25.40:646][364]LogSavePackage: Save=271.63ms
[2018.01.28-22.25.40:647][364]LogSavePackage: Moving '../../../../../../Users/UKGC/Documents/Unreal Projects/BreakingNews/Saved/TestLevel_BuiltData98C059C54001B031E50C838805155885.tmp' to '../../../../../../Users/UKGC/Documents/Unreal Projects/BreakingNews/Content/Maps/TestLevel_BuiltData.uasset'
[2018.01.28-22.25.40:648][364]LogSavePackage: Display: Finished SavePackage ../../../../../../Users/UKGC/Documents/Unreal Projects/BreakingNews/Content/Maps/TestLevel_BuiltData.uasset
[2018.01.28-22.25.41:432][411]Cmd: QUIT_EDITOR
[2018.01.28-22.25.41:843][411]LogWindowsTextInputMethodSystem: Display: IME system now deactivated.
[2018.01.28-22.25.41:856][411]LogExit: Preparing to exit.
[2018.01.28-22.25.42:544][411]LogDirectoryWatcher: A directory notification for 'C:/Users/UKGC/Documents/Unreal Projects/BreakingNews/Content/' was aborted.
[2018.01.28-22.25.42:559][411]LogExit: Editor shut down
[2018.01.28-22.25.42:563][411]LogExit: Transaction tracking system shut down
[2018.01.28-22.25.42:724][411]LogDirectoryWatcher: A directory notification for '../../../Engine/Content/' was aborted.
[2018.01.28-22.25.42:724][411]LogDirectoryWatcher: A directory notification for '../../../../../../Users/UKGC/Documents/Unreal Projects/BreakingNews/Content/' was aborted.
[2018.01.28-22.25.42:724][411]LogDirectoryWatcher: A directory notification for '../../../Engine/Plugins/2D/Paper2D/Content/' was aborted.
[2018.01.28-22.25.42:724][411]LogDirectoryWatcher: A directory notification for '../../../Engine/Plugins/Media/MediaCompositing/Content/' was aborted.
[2018.01.28-22.25.42:724][411]LogDirectoryWatcher: A directory notification for '../../../Engine/Plugins/Runtime/AppleARKit/Content/' was aborted.
[2018.01.28-22.25.42:766][411]LogExit: Object subsystem successfully closed.
[2018.01.28-22.25.42:787][411]LogD3D11RHI: Shutdown
[2018.01.28-22.25.42:787][411]LogD3D11RHI: CleanupD3DDevice
[2018.01.28-22.25.42:789][411]LogD3D11RHI: ~FD3D11DynamicRHI
[2018.01.28-22.25.42:803][411]LogModuleManager: Shutting down and abandoning module MovieSceneCapture (542)
[2018.01.28-22.25.42:803][411]LogModuleManager: Shutting down and abandoning module HierarchicalLODOutliner (540)
[2018.01.28-22.25.42:803][411]LogModuleManager: Shutting down and abandoning module SceneOutliner (538)
[2018.01.28-22.25.42:803][411]LogModuleManager: Shutting down and abandoning module AddContentDialog (536)
[2018.01.28-22.25.42:803][411]LogDirectoryWatcher: A directory notification for 'C:/Program Files/Epic Games/UE_4.18/FeaturePacks/' was aborted.
[2018.01.28-22.25.42:803][411]LogModuleManager: Shutting down and abandoning module WidgetCarousel (535)
[2018.01.28-22.25.42:803][411]LogModuleManager: Shutting down and abandoning module EditorWidgets (532)
[2018.01.28-22.25.42:803][411]LogModuleManager: Shutting down and abandoning module CollectionManager (530)
[2018.01.28-22.25.42:804][411]LogDirectoryWatcher: A directory notification for 'C:/Users/UKGC/Documents/Unreal Projects/BreakingNews/Content/Collections/' was aborted.
[2018.01.28-22.25.42:804][411]LogDirectoryWatcher: A directory notification for 'C:/Users/UKGC/Documents/Unreal Projects/BreakingNews/Content/Developers/UKGC/Collections/' was aborted.
[2018.01.28-22.25.42:804][411]LogDirectoryWatcher: A directory notification for 'C:/Users/UKGC/Documents/Unreal Projects/BreakingNews/Saved/Collections/' was aborted.
[2018.01.28-22.25.42:804][411]LogModuleManager: Shutting down and abandoning module StatsViewer (528)
[2018.01.28-22.25.42:804][411]LogModuleManager: Shutting down and abandoning module FoliageEdit (526)
[2018.01.28-22.25.42:804][411]LogModuleManager: Shutting down and abandoning module LandscapeEditor (524)
[2018.01.28-22.25.42:804][411]LogModuleManager: Shutting down and abandoning module MeshPaintMode (522)
[2018.01.28-22.25.42:804][411]LogModuleManager: Shutting down and abandoning module SceneDepthPickerMode (520)
[2018.01.28-22.25.42:804][411]LogModuleManager: Shutting down and abandoning module ActorPickerMode (518)
[2018.01.28-22.25.42:804][411]LogModuleManager: Shutting down and abandoning module GeometryMode (516)
[2018.01.28-22.25.42:804][411]LogModuleManager: Shutting down and abandoning module TextureAlignMode (514)
[2018.01.28-22.25.42:804][411]LogModuleManager: Shutting down and abandoning module BspMode (512)
[2018.01.28-22.25.42:804][411]LogModuleManager: Shutting down and abandoning module PIEPreviewDeviceProfileSelector (510)
[2018.01.28-22.25.42:804][411]LogModuleManager: Shutting down and abandoning module HardwareSurvey (508)
[2018.01.28-22.25.42:804][411]LogModuleManager: Shutting down and abandoning module SequenceRecorderSections (506)
[2018.01.28-22.25.42:804][411]LogModuleManager: Shutting down and abandoning module AutomationWorker (504)
[2018.01.28-22.25.42:804][411]LogModuleManager: Shutting down and abandoning module MatineeToLevelSequence (502)
[2018.01.28-22.25.42:804][411]LogModuleManager: Shutting down and abandoning module LevelSequenceEditor (500)
[2018.01.28-22.25.42:804][411]LogModuleManager: Shutting down and abandoning module PlacementMode (499)
[2018.01.28-22.25.42:804][411]LogModuleManager: Shutting down and abandoning module WmfMediaFactory (496)
[2018.01.28-22.25.42:804][411]LogModuleManager: Shutting down and abandoning module WmfMediaEditor (494)
[2018.01.28-22.25.42:804][411]LogModuleManager: Shutting down and abandoning module OpenExrWrapper (492)
[2018.01.28-22.25.42:804][411]LogModuleManager: Shutting down and abandoning module ImgMediaFactory (490)
[2018.01.28-22.25.42:804][411]LogModuleManager: Shutting down and abandoning module ImgMediaEditor (488)
[2018.01.28-22.25.42:804][411]LogModuleManager: Shutting down and abandoning module AvfMediaFactory (486)
[2018.01.28-22.25.42:804][411]LogModuleManager: Shutting down and abandoning module AvfMediaEditor (484)
[2018.01.28-22.25.42:804][411]LogModuleManager: Shutting down and abandoning module AndroidMediaFactory (482)
[2018.01.28-22.25.42:804][411]LogModuleManager: Shutting down and abandoning module AndroidMediaEditor (480)
[2018.01.28-22.25.42:804][411]LogModuleManager: Shutting down and abandoning module CharacterAI (478)
[2018.01.28-22.25.42:804][411]LogModuleManager: Shutting down and abandoning module AudioCapture (476)
[2018.01.28-22.25.42:804][411]LogModuleManager: Shutting down and abandoning module SequenceRecorder (475)
[2018.01.28-22.25.42:804][411]LogModuleManager: Shutting down and abandoning module SmartSnapping (472)
[2018.01.28-22.25.42:804][411]LogModuleManager: Shutting down and abandoning module SessionServices (470)
[2018.01.28-22.25.42:804][411]LogModuleManager: Shutting down and abandoning module ViewportSnapping (468)
[2018.01.28-22.25.42:804][411]LogModuleManager: Shutting down and abandoning module ViewportInteraction (466)
[2018.01.28-22.25.42:804][411]LogModuleManager: Shutting down and abandoning module ClothPainter (464)
[2018.01.28-22.25.42:804][411]LogModuleManager: Shutting down and abandoning module SkeletalMeshEditor (463)
[2018.01.28-22.25.42:804][411]LogModuleManager: Shutting down and abandoning module LogVisualizer (460)
[2018.01.28-22.25.42:804][411]LogModuleManager: Shutting down and abandoning module IntroTutorials (458)
[2018.01.28-22.25.42:804][411]LogModuleManager: Shutting down and abandoning module GameProjectGeneration (457)
[2018.01.28-22.25.42:805][411]LogModuleManager: Shutting down and abandoning module IOSPlatformEditor (454)
[2018.01.28-22.25.42:805][411]LogModuleManager: Shutting down and abandoning module HTML5PlatformEditor (452)
[2018.01.28-22.25.42:805][411]LogModuleManager: Shutting down and abandoning module AndroidPlatformEditor (450)
[2018.01.28-22.25.42:805][411]LogModuleManager: Shutting down and abandoning module AndroidDeviceDetection (449)
[2018.01.28-22.25.43:196][411]LogModuleManager: Shutting down and abandoning module WindowsPlatformEditor (446)
[2018.01.28-22.25.43:196][411]LogModuleManager: Shutting down and abandoning module IOSRuntimeSettings (444)
[2018.01.28-22.25.43:196][411]LogModuleManager: Shutting down and abandoning module AndroidRuntimeSettings (442)
[2018.01.28-22.25.43:196][411]LogModuleManager: Shutting down and abandoning module InputBindingEditor (440)
[2018.01.28-22.25.43:196][411]LogModuleManager: Shutting down and abandoning module MergeActors (438)
[2018.01.28-22.25.43:196][411]LogModuleManager: Shutting down and abandoning module SizeMap (436)
[2018.01.28-22.25.43:196][411]LogModuleManager: Shutting down and abandoning module TreeMap (434)
[2018.01.28-22.25.43:196][411]LogModuleManager: Shutting down and abandoning module ReferenceViewer (432)
[2018.01.28-22.25.43:196][411]LogModuleManager: Shutting down and abandoning module LocalizationDashboard (430)
[2018.01.28-22.25.43:196][411]LogModuleManager: Shutting down and abandoning module LocalizationService (429)
[2018.01.28-22.25.43:196][411]LogModuleManager: Shutting down and abandoning module HardwareTargeting (426)
[2018.01.28-22.25.43:196][411]LogModuleManager: Shutting down and abandoning module DeviceProfileEditor (424)
[2018.01.28-22.25.43:196][411]LogModuleManager: Shutting down and abandoning module UndoHistory (422)
[2018.01.28-22.25.43:196][411]LogModuleManager: Shutting down and abandoning module XmlParser (420)
[2018.01.28-22.25.43:196][411]LogModuleManager: Shutting down and abandoning module Blutility (418)
[2018.01.28-22.25.43:196][411]LogModuleManager: Shutting down and abandoning module ProjectSettingsViewer (416)
[2018.01.28-22.25.43:196][411]LogModuleManager: Shutting down and abandoning module ProjectTargetPlatformEditor (415)
[2018.01.28-22.25.43:197][411]LogModuleManager: Shutting down and abandoning module EditorSettingsViewer (412)
[2018.01.28-22.25.43:197][411]LogModuleManager: Shutting down and abandoning module SettingsEditor (410)
[2018.01.28-22.25.43:197][411]LogModuleManager: Shutting down and abandoning module ProjectLauncher (408)
[2018.01.28-22.25.43:197][411]LogModuleManager: Shutting down and abandoning module SessionFrontend (406)
[2018.01.28-22.25.43:197][411]LogModuleManager: Shutting down and abandoning module ProfilerClient (404)
[2018.01.28-22.25.43:197][411]LogModuleManager: Shutting down and abandoning module DeviceManager (402)
[2018.01.28-22.25.43:197][411]LogModuleManager: Shutting down and abandoning module TargetDeviceServices (401)
[2018.01.28-22.25.43:251][411]LogModuleManager: Shutting down and abandoning module AutomationController (398)
[2018.01.28-22.25.43:251][411]LogModuleManager: Shutting down and abandoning module AutomationWindow (396)
[2018.01.28-22.25.43:251][411]LogModuleManager: Shutting down and abandoning module Layers (394)
[2018.01.28-22.25.43:251][411]LogModuleManager: Shutting down and abandoning module ComponentVisualizers (392)
[2018.01.28-22.25.43:251][411]LogModuleManager: Shutting down and abandoning module DetailCustomizations (390)
[2018.01.28-22.25.43:251][411]LogModuleManager: Shutting down and abandoning module PackagesDialog (388)
[2018.01.28-22.25.43:251][411]LogModuleManager: Shutting down and abandoning module Persona (386)
[2018.01.28-22.25.43:251][411]LogModuleManager: Shutting down and abandoning module AdvancedPreviewScene (385)
[2018.01.28-22.25.43:251][411]LogModuleManager: Shutting down and abandoning module AnimGraph (383)
[2018.01.28-22.25.43:251][411]LogModuleManager: Shutting down and abandoning module Kismet (380)
[2018.01.28-22.25.43:251][411]LogModuleManager: Shutting down and abandoning module ClassViewer (378)
[2018.01.28-22.25.43:251][411]LogModuleManager: Shutting down and abandoning module Toolbox (376)
[2018.01.28-22.25.43:251][411]LogModuleManager: Shutting down and abandoning module ModuleUI (374)
[2018.01.28-22.25.43:251][411]LogModuleManager: Shutting down and abandoning module MovieSceneTools (372)
[2018.01.28-22.25.43:251][411]LogModuleManager: Shutting down and abandoning module OutputLog (370)
[2018.01.28-22.25.43:251][411]LogModuleManager: Shutting down and abandoning module GammaUI (368)
[2018.01.28-22.25.43:251][411]LogModuleManager: Shutting down and abandoning module Documentation (366)
[2018.01.28-22.25.43:251][411]LogModuleManager: Shutting down and abandoning module MovieSceneTracks (364)
[2018.01.28-22.25.43:251][411]LogModuleManager: Shutting down and abandoning module MovieScene (362)
[2018.01.28-22.25.43:251][411]LogModuleManager: Shutting down and abandoning module StreamingPauseRendering (360)
[2018.01.28-22.25.43:252][411]LogModuleManager: Shutting down and abandoning module LauncherPlatform (358)
[2018.01.28-22.25.43:252][411]LogModuleManager: Shutting down and abandoning module AnalyticsET (356)
[2018.01.28-22.25.43:252][411]LogModuleManager: Shutting down and abandoning module PortalServices (354)
[2018.01.28-22.25.43:252][411]LogModuleManager: Shutting down and abandoning module PortalRpc (352)
[2018.01.28-22.25.43:252][411]LogModuleManager: Shutting down and abandoning module MessagingRpc (350)
[2018.01.28-22.25.43:252][411]LogModuleManager: Shutting down and abandoning module AIModule (348)
[2018.01.28-22.25.43:252][411]LogModuleManager: Shutting down and abandoning module GameplayDebugger (347)
[2018.01.28-22.25.43:252][411]LogModuleManager: Shutting down and abandoning module AITestSuite (345)
[2018.01.28-22.25.43:252][411]LogModuleManager: Shutting down and abandoning module DesktopPlatform (342)
[2018.01.28-22.25.43:252][411]LogModuleManager: Shutting down and abandoning module ProfilerService (340)
[2018.01.28-22.25.43:292][411]LogModuleManager: Shutting down and abandoning module TaskGraph (338)
[2018.01.28-22.25.43:292][411]LogModuleManager: Shutting down and abandoning module ProceduralMeshComponentEditor (336)
[2018.01.28-22.25.43:292][411]LogModuleManager: Shutting down and abandoning module ProceduralMeshComponent (334)
[2018.01.28-22.25.43:292][411]LogModuleManager: Shutting down and abandoning module MobilePatchingUtils (332)
[2018.01.28-22.25.43:292][411]LogModuleManager: Shutting down and abandoning module CustomMeshComponent (330)
[2018.01.28-22.25.43:292][411]LogModuleManager: Shutting down and abandoning module CableComponent (328)
[2018.01.28-22.25.43:292][411]LogModuleManager: Shutting down and abandoning module ArchVisCharacter (326)
[2018.01.28-22.25.43:292][411]LogModuleManager: Shutting down and abandoning module AndroidPermission (324)
[2018.01.28-22.25.43:292][411]LogModuleManager: Shutting down and abandoning module ActorSequence (320)
[2018.01.28-22.25.43:292][411]LogModuleManager: Shutting down and abandoning module MediaPlayerEditor (318)
[2018.01.28-22.25.43:292][411]LogModuleManager: Shutting down and abandoning module MediaCompositingEditor (316)
[2018.01.28-22.25.43:292][411]LogModuleManager: Shutting down and abandoning module MediaCompositing (314)
[2018.01.28-22.25.43:292][411]LogModuleManager: Shutting down and abandoning module HTML5Networking (312)
[2018.01.28-22.25.43:292][411]LogModuleManager: Shutting down and abandoning module AlembicImporter (310)
[2018.01.28-22.25.43:292][411]LogModuleManager: Shutting down and abandoning module AlembicLibrary (309)
[2018.01.28-22.25.43:292][411]LogModuleManager: Shutting down and abandoning module GeometryCache (308)
[2018.01.28-22.25.43:292][411]LogModuleManager: Shutting down and abandoning module GeometryCacheEd (307)
[2018.01.28-22.25.43:292][411]LogModuleManager: Shutting down and abandoning module SpeedTreeImporter (302)
[2018.01.28-22.25.43:292][411]LogModuleManager: Shutting down and abandoning module PluginBrowser (300)
[2018.01.28-22.25.43:292][411]LogModuleManager: Shutting down and abandoning module MobileLauncherProfileWizard (298)
[2018.01.28-22.25.43:292][411]LogModuleManager: Shutting down and abandoning module VisualStudioSourceCodeAccess (296)
[2018.01.28-22.25.43:292][411]LogModuleManager: Shutting down and abandoning module VisualStudioCodeSourceCodeAccess (294)
[2018.01.28-22.25.43:292][411]LogModuleManager: Shutting down and abandoning module UObjectPlugin (292)
[2018.01.28-22.25.43:293][411]LogModuleManager: Shutting down and abandoning module SubversionSourceControl (290)
[2018.01.28-22.25.43:293][411]LogModuleManager: Shutting down and abandoning module PerforceSourceControl (288)
[2018.01.28-22.25.43:293][411]LogModuleManager: Shutting down and abandoning module GitSourceControl (286)
[2018.01.28-22.25.43:293][411]LogModuleManager: Shutting down and abandoning module SourceControl (285)
[2018.01.28-22.25.43:293][411]LogModuleManager: Shutting down and abandoning module LightPropagationVolumeEditor (282)
[2018.01.28-22.25.43:293][411]LogModuleManager: Shutting down and abandoning module PaperTiledImporter (280)
[2018.01.28-22.25.43:293][411]LogModuleManager: Shutting down and abandoning module PaperSpriteSheetImporter (278)
[2018.01.28-22.25.43:293][411]LogModuleManager: Shutting down and abandoning module Paper2DEditor (276)
[2018.01.28-22.25.43:293][411]LogModuleManager: Shutting down and abandoning module MeshPaint (275)
[2018.01.28-22.25.43:293][411]LogModuleManager: Shutting down and abandoning module LevelEditor (273)
[2018.01.28-22.25.43:294][411]LogModuleManager: Shutting down and abandoning module PixelInspectorModule (272)
[2018.01.28-22.25.43:294][411]LogModuleManager: Shutting down and abandoning module MainFrame (270)
[2018.01.28-22.25.43:294][411]LogModuleManager: Shutting down and abandoning module HotReload (269)
[2018.01.28-22.25.43:294][411]LogModuleManager: Shutting down and abandoning module RuntimePhysXCooking (264)
[2018.01.28-22.25.43:294][411]LogModuleManager: Shutting down and abandoning module PhysXVehiclesEditor (262)
[2018.01.28-22.25.43:294][411]LogModuleManager: Shutting down and abandoning module PhysXVehicles (260)
[2018.01.28-22.25.43:294][411]LogModuleManager: Shutting down and abandoning module LocationServicesBPLibrary (258)
[2018.01.28-22.25.43:294][411]LogModuleManager: Shutting down and abandoning module ImmediatePhysicsEditor (256)
[2018.01.28-22.25.43:294][411]LogModuleManager: Shutting down and abandoning module ImmediatePhysics (254)
[2018.01.28-22.25.43:294][411]LogModuleManager: Shutting down and abandoning module UdpMessaging (252)
[2018.01.28-22.25.43:395][411]LogModuleManager: Shutting down and abandoning module TcpMessaging (250)
[2018.01.28-22.25.43:496][411]LogModuleManager: Shutting down and abandoning module BlueManVehiclePhysics (248)
[2018.01.28-22.25.43:496][411]LogModuleManager: Shutting down and abandoning module GameplayTagsEditor (246)
[2018.01.28-22.25.43:496][411]LogModuleManager: Shutting down and abandoning module FacialAnimationEditor (244)
[2018.01.28-22.25.43:496][411]LogModuleManager: Shutting down and abandoning module FacialAnimation (242)
[2018.01.28-22.25.43:496][411]LogModuleManager: Shutting down and abandoning module AssetManagerEditor (240)
[2018.01.28-22.25.43:496][411]LogModuleManager: Shutting down and abandoning module GraphEditor (239)
[2018.01.28-22.25.43:496][411]LogModuleManager: Shutting down and abandoning module ContentBrowser (237)
[2018.01.28-22.25.43:497][411]LogModuleManager: Shutting down and abandoning module LightPropagationVolumeRuntime (234)
[2018.01.28-22.25.43:497][411]LogModuleManager: Shutting down and abandoning module Paper2D (232)
[2018.01.28-22.25.43:497][411]LogModuleManager: Shutting down and abandoning module WindowsMoviePlayer (230)
[2018.01.28-22.25.43:497][411]LogModuleManager: Shutting down and abandoning module WmfMedia (228)
[2018.01.28-22.25.43:497][411]LogModuleManager: Shutting down and abandoning module ImgMedia (226)
[2018.01.28-22.25.43:497][411]LogModuleManager: Shutting down and abandoning module PacketHandler (224)
[2018.01.28-22.25.43:497][411]LogModuleManager: Shutting down and abandoning module ClothingSystemEditor (222)
[2018.01.28-22.25.43:497][411]LogModuleManager: Shutting down and abandoning module ClothingSystemRuntime (220)
[2018.01.28-22.25.43:497][411]LogModuleManager: Shutting down and abandoning module MediaAssets (218)
[2018.01.28-22.25.43:497][411]LogModuleManager: Shutting down and abandoning module Media (217)
[2018.01.28-22.25.43:503][411]LogModuleManager: Shutting down and abandoning module Overlay (214)
[2018.01.28-22.25.43:503][411]LogModuleManager: Shutting down and abandoning module OverlayEditor (213)
[2018.01.28-22.25.43:503][411]LogModuleManager: Shutting down and abandoning module VREditor (210)
[2018.01.28-22.25.43:503][411]LogModuleManager: Shutting down and abandoning module StringTableEditor (208)
[2018.01.28-22.25.43:503][411]LogModuleManager: Shutting down and abandoning module GameplayTasksEditor (206)
[2018.01.28-22.25.43:503][411]LogModuleManager: Shutting down and abandoning module BehaviorTreeEditor (204)
[2018.01.28-22.25.43:503][411]LogModuleManager: Shutting down and abandoning module FunctionalTesting (202)
[2018.01.28-22.25.43:503][411]LogModuleManager: Shutting down and abandoning module CollisionAnalyzer (200)
[2018.01.28-22.25.43:503][411]LogModuleManager: Shutting down and abandoning module WorkspaceMenuStructure (199)
[2018.01.28-22.25.43:503][411]LogModuleManager: Shutting down and abandoning module UMG (196)
[2018.01.28-22.25.43:503][411]LogModuleManager: Shutting down and abandoning module UMGEditor (195)
[2018.01.28-22.25.43:503][411]LogModuleManager: Shutting down and abandoning module Sequencer (194)
[2018.01.28-22.25.43:503][411]LogModuleManager: Shutting down and abandoning module MessageLog (191)
[2018.01.28-22.25.43:503][411]LogModuleManager: Shutting down and abandoning module SlateReflector (186)
[2018.01.28-22.25.43:504][411]LogModuleManager: Shutting down and abandoning module Slate (184)
[2018.01.28-22.25.43:504][411]LogModuleManager: Shutting down and abandoning module EditorStyle (182)
[2018.01.28-22.25.43:506][411]LogModuleManager: Shutting down and abandoning module MRMesh (180)
[2018.01.28-22.25.43:506][411]LogModuleManager: Shutting down and abandoning module SourceCodeAccess (178)
[2018.01.28-22.25.43:506][411]LogModuleManager: Shutting down and abandoning module HeadMountedDisplay (176)
[2018.01.28-22.25.43:506][411]LogModuleManager: Shutting down and abandoning module XAudio2 (174)
[2018.01.28-22.25.43:506][411]LogModuleManager: Shutting down and abandoning module Networking (172)
[2018.01.28-22.25.43:506][411]LogModuleManager: Shutting down and abandoning module Core (168)
[2018.01.28-22.25.43:506][411]LogModuleManager: Shutting down and abandoning module LevelSequence (164)
[2018.01.28-22.25.43:506][411]LogModuleManager: Shutting down and abandoning module DirectoryWatcher (162)
[2018.01.28-22.25.43:506][411]LogModuleManager: Shutting down and abandoning module KismetCompiler (160)
[2018.01.28-22.25.43:506][411]LogModuleManager: Shutting down and abandoning module MeshUtilities (158)
[2018.01.28-22.25.43:506][411]LogModuleManager: Shutting down and abandoning module MeshMergeUtilities (157)
[2018.01.28-22.25.43:506][411]LogModuleManager: Shutting down and abandoning module MeshReductionInterface (156)
[2018.01.28-22.25.43:506][411]LogModuleManager: Shutting down and abandoning module SimplygonSwarm (155)
[2018.01.28-22.25.43:506][411]LogModuleManager: Shutting down and abandoning module SimplygonMeshReduction (153)
[2018.01.28-22.25.43:507][411]LogModuleManager: Shutting down and abandoning module QuadricMeshReduction (151)
[2018.01.28-22.25.43:507][411]LogModuleManager: Shutting down and abandoning module MaterialBaking (147)
[2018.01.28-22.25.43:507][411]LogModuleManager: Shutting down and abandoning module DerivedDataCache (144)
[2018.01.28-22.25.43:594][411]LogDerivedDataCache: Shutdown
[2018.01.28-22.25.43:594][411]LogModuleManager: Shutting down and abandoning module TargetPlatform (142)
[2018.01.28-22.25.43:594][411]LogModuleManager: Shutting down and abandoning module VulkanShaderFormat (141)
[2018.01.28-22.25.43:594][411]LogModuleManager: Shutting down and abandoning module ShaderFormatVectorVM (139)
[2018.01.28-22.25.43:594][411]LogModuleManager: Shutting down and abandoning module ShaderFormatOpenGL (137)
[2018.01.28-22.25.43:594][411]LogModuleManager: Shutting down and abandoning module ShaderFormatD3D (135)
[2018.01.28-22.25.43:594][411]LogModuleManager: Shutting down and abandoning module MetalShaderFormat (133)
[2018.01.28-22.25.43:595][411]LogModuleManager: Shutting down and abandoning module TextureFormatUncompressed (131)
[2018.01.28-22.25.43:595][411]LogModuleManager: Shutting down and abandoning module TextureFormatPVR (129)
[2018.01.28-22.25.43:595][411]LogModuleManager: Shutting down and abandoning module TextureFormatDXT (127)
[2018.01.28-22.25.43:595][411]LogModuleManager: Shutting down and abandoning module TextureFormatIntelISPCTexComp (125)
[2018.01.28-22.25.43:595][411]LogModuleManager: Shutting down and abandoning module TextureFormatASTC (123)
[2018.01.28-22.25.43:595][411]LogModuleManager: Shutting down and abandoning module ImageWrapper (122)
[2018.01.28-22.25.43:595][411]LogModuleManager: Shutting down and abandoning module TextureFormatAndroid (119)
[2018.01.28-22.25.43:595][411]LogModuleManager: Shutting down and abandoning module AudioFormatOpus (117)
[2018.01.28-22.25.43:595][411]LogModuleManager: Shutting down and abandoning module AudioFormatOgg (115)
[2018.01.28-22.25.43:595][411]LogModuleManager: Shutting down and abandoning module AudioFormatADPCM (113)
[2018.01.28-22.25.43:595][411]LogModuleManager: Shutting down and abandoning module LinuxTargetPlatform (111)
[2018.01.28-22.25.43:595][411]LogModuleManager: Shutting down and abandoning module LinuxServerTargetPlatform (109)
[2018.01.28-22.25.43:595][411]LogModuleManager: Shutting down and abandoning module LinuxNoEditorTargetPlatform (107)
[2018.01.28-22.25.43:595][411]LogModuleManager: Shutting down and abandoning module LinuxClientTargetPlatform (105)
[2018.01.28-22.25.43:595][411]LogModuleManager: Shutting down and abandoning module TVOSTargetPlatform (103)
[2018.01.28-22.25.43:595][411]LogModuleManager: Shutting down and abandoning module Messaging (101)
[2018.01.28-22.25.43:595][411]LogModuleManager: Shutting down and abandoning module IOSTargetPlatform (99)
[2018.01.28-22.25.43:595][411]LogModuleManager: Shutting down and abandoning module HTML5TargetPlatform (97)
[2018.01.28-22.25.43:595][411]LogModuleManager: Shutting down and abandoning module AndroidTargetPlatform (95)
[2018.01.28-22.25.43:595][411]LogModuleManager: Shutting down and abandoning module Android_PVRTCTargetPlatform (93)
[2018.01.28-22.25.43:595][411]LogModuleManager: Shutting down and abandoning module Android_MultiTargetPlatform (91)
[2018.01.28-22.25.43:595][411]LogModuleManager: Shutting down and abandoning module Android_ETC2TargetPlatform (89)
[2018.01.28-22.25.43:595][411]LogModuleManager: Shutting down and abandoning module Android_ETC1TargetPlatform (87)
[2018.01.28-22.25.43:595][411]LogModuleManager: Shutting down and abandoning module Android_DXTTargetPlatform (85)
[2018.01.28-22.25.43:595][411]LogModuleManager: Shutting down and abandoning module Android_ATCTargetPlatform (83)
[2018.01.28-22.25.43:595][411]LogModuleManager: Shutting down and abandoning module Android_ASTCTargetPlatform (81)
[2018.01.28-22.25.43:595][411]LogModuleManager: Shutting down and abandoning module WindowsTargetPlatform (79)
[2018.01.28-22.25.43:595][411]LogModuleManager: Shutting down and abandoning module WindowsServerTargetPlatform (77)
[2018.01.28-22.25.43:595][411]LogModuleManager: Shutting down and abandoning module WindowsNoEditorTargetPlatform (75)
[2018.01.28-22.25.43:595][411]LogModuleManager: Shutting down and abandoning module WindowsClientTargetPlatform (73)
[2018.01.28-22.25.43:595][411]LogModuleManager: Shutting down and abandoning module MacTargetPlatform (71)
[2018.01.28-22.25.43:595][411]LogModuleManager: Shutting down and abandoning module MacServerTargetPlatform (69)
[2018.01.28-22.25.43:595][411]LogModuleManager: Shutting down and abandoning module MacNoEditorTargetPlatform (67)
[2018.01.28-22.25.43:595][411]LogModuleManager: Shutting down and abandoning module MacClientTargetPlatform (65)
[2018.01.28-22.25.43:595][411]LogModuleManager: Shutting down and abandoning module AllDesktopTargetPlatform (63)
[2018.01.28-22.25.43:595][411]LogModuleManager: Shutting down and abandoning module InputCore (60)
[2018.01.28-22.25.43:595][411]LogModuleManager: Shutting down and abandoning module Settings (58)
[2018.01.28-22.25.43:595][411]LogModuleManager: Shutting down and abandoning module PhysXCooking (56)
[2018.01.28-22.25.43:595][411]LogModuleManager: Shutting down and abandoning module ExampleDeviceProfileSelector (54)
[2018.01.28-22.25.43:595][411]LogModuleManager: Shutting down and abandoning module AppleARKit (52)
[2018.01.28-22.25.43:595][411]LogModuleManager: Shutting down and abandoning module AugmentedReality (51)
[2018.01.28-22.25.43:595][411]LogModuleManager: Shutting down and abandoning module OnlineBlueprintSupport (48)
[2018.01.28-22.25.43:595][411]LogModuleManager: Shutting down and abandoning module OnlineSubsystem (44)
[2018.01.28-22.25.43:595][411]LogModuleManager: Shutting down and abandoning module XMPP (43)
[2018.01.28-22.25.43:595][411]LogModuleManager: Shutting down and abandoning module HTTP (41)
[2018.01.28-22.25.43:595][411]LogHttp: Display: Http module shutting down, but needs to wait on 1 outstanding Http requests:
[2018.01.28-22.25.43:595][411]LogHttp: Display: 	verb=[POST] url=[https://datarouter.ol.epicgames.com/datarouter/api/v1/public/data?SessionID=%7BBD9B456F-4898-55E4-488A-FE96D29AA3C6%7D&AppID=UEEditor.Rocket.Release&AppVersion=4.18.3-3832480%2B%2B%2BUE4%2BRelease-4.18&UserID=ed3317834df7a7d491482aa2d8370976%7Ce44fef83a7294e8da2c5b567464e1b2d%7C3ae88ec0-947a-4547-93f5-6d5bcf1f7ace&AppEnvironment=datacollector-binary&UploadType=eteventstream] status=Processing
[2018.01.28-22.25.43:629][411]LogModuleManager: Shutting down and abandoning module SSL (40)
[2018.01.28-22.25.43:631][411]LogModuleManager: Shutting down and abandoning module AnimationModifiers (36)
[2018.01.28-22.25.43:631][411]LogModuleManager: Shutting down and abandoning module PropertyEditor (35)
[2018.01.28-22.25.43:631][411]LogModuleManager: Shutting down and abandoning module AudioEditor (32)
[2018.01.28-22.25.43:631][411]LogModuleManager: Shutting down and abandoning module TextureCompressor (30)
[2018.01.28-22.25.43:631][411]LogModuleManager: Shutting down and abandoning module ShaderCore (28)
[2018.01.28-22.25.43:631][411]LogModuleManager: Shutting down and abandoning module Landscape (26)
[2018.01.28-22.25.43:631][411]LogModuleManager: Shutting down and abandoning module SlateRHIRenderer (24)
[2018.01.28-22.25.43:633][411]LogModuleManager: Shutting down and abandoning module OpenGLDrv (22)
[2018.01.28-22.25.43:633][411]LogModuleManager: Shutting down and abandoning module D3D11RHI (20)
[2018.01.28-22.25.43:633][411]LogModuleManager: Shutting down and abandoning module AnimGraphRuntime (18)
[2018.01.28-22.25.43:633][411]LogModuleManager: Shutting down and abandoning module Renderer (16)
[2018.01.28-22.25.43:633][411]LogModuleManager: Shutting down and abandoning module Engine (14)
[2018.01.28-22.25.43:633][411]LogModuleManager: Shutting down and abandoning module CoreUObject (12)
[2018.01.28-22.25.43:633][411]LogModuleManager: Shutting down and abandoning module NetworkFile (10)
[2018.01.28-22.25.43:633][411]LogModuleManager: Shutting down and abandoning module CookedIterativeFile (8)
[2018.01.28-22.25.43:633][411]LogModuleManager: Shutting down and abandoning module StreamingFile (6)
[2018.01.28-22.25.43:633][411]LogModuleManager: Shutting down and abandoning module SandboxFile (4)
[2018.01.28-22.25.43:633][411]LogModuleManager: Shutting down and abandoning module PakFile (2)
[2018.01.28-22.25.43:637][411]LogExit: Exiting.
[2018.01.28-22.25.43:653][411]Log file closed, 01/28/18 22:25:43
